#
# There is insufficient memory for the Java Runtime Environment to continue.
# Native memory allocation (malloc) failed to allocate 32756 bytes for ChunkPool::allocate
# Possible reasons:
#   The system is out of physical RAM or swap space
#   In 32 bit mode, the process size limit was hit
# Possible solutions:
#   Reduce memory load on the system
#   Increase physical memory or swap space
#   Check if swap backing store is full
#   Use 64 bit Java on a 64 bit OS
#   Decrease Java heap size (-Xmx/-Xms)
#   Decrease number of Java threads
#   Decrease Java thread stack sizes (-Xss)
#   Set larger code cache with -XX:ReservedCodeCacheSize=
# This output file may be truncated or incomplete.
#
#  Out of Memory Error (allocation.cpp:272), pid=7448, tid=0x00000534
#
# JRE version: OpenJDK Runtime Environment (8.0_202-b03) (build 1.8.0_202-release-1483-b03)
# Java VM: OpenJDK Server VM (25.202-b03 mixed mode windows-x86 )
# Failed to write core dump. Minidumps are not enabled by default on client versions of Windows
#

---------------  T H R E A D  ---------------

Current thread (0x5420e000):  JavaThread "C2 CompilerThread1" daemon [_thread_in_native, id=1332, stack(0x54590000,0x545e0000)]

Stack: [0x54590000,0x545e0000],  sp=0x545dde7c,  free space=311k
Native frames: (J=compiled Java code, j=interpreted, Vv=VM code, C=native code)
V  [jvm.dll+0x1a658b]
V  [jvm.dll+0x19ea98]
V  [jvm.dll+0x7d6f1]
V  [jvm.dll+0x7d8cd]
V  [jvm.dll+0x7ddb7]
V  [jvm.dll+0x38330d]
V  [jvm.dll+0x2f68c0]
V  [jvm.dll+0x2ff1a7]
V  [jvm.dll+0x3008eb]
V  [jvm.dll+0x2ea0e6]
V  [jvm.dll+0x60e17]
V  [jvm.dll+0x615bf]
V  [jvm.dll+0x1777f0]
V  [jvm.dll+0x17802b]
V  [jvm.dll+0x1b8b16]
C  [msvcr100.dll+0x5c556]
C  [msvcr100.dll+0x5c600]
C  [KERNEL32.DLL+0x22369]
C  [ntdll.dll+0x5e5bb]
C  [ntdll.dll+0x5e58f]
C  0x00000000


Current CompileTask:
C2:  57649 8483       4       java.io.ObjectOutputStream::writeClassDesc (60 bytes)


---------------  P R O C E S S  ---------------

Java Threads: ( => current thread )
  0x5859f800 JavaThread "stdout" [_thread_in_native, id=5172, stack(0x5cd80000,0x5cdd0000)]
  0x5859bc00 JavaThread "stderr" [_thread_in_native, id=6664, stack(0x5cd30000,0x5cd80000)]
  0x5859dc00 JavaThread "stdout" [_thread_in_native, id=5836, stack(0x5cde0000,0x5ce30000)]
  0x5859a800 JavaThread "stderr" [_thread_in_native, id=124, stack(0x5cbb0000,0x5cc00000)]
  0x5859d400 JavaThread "stdout" [_thread_in_native, id=5728, stack(0x5cce0000,0x5cd30000)]
  0x585a0000 JavaThread "stderr" [_thread_in_native, id=3528, stack(0x5cc90000,0x5cce0000)]
  0x5859c800 JavaThread "stdout" [_thread_in_native, id=5844, stack(0x5cc40000,0x5cc90000)]
  0x5859f400 JavaThread "stderr" [_thread_in_native, id=3720, stack(0x5c970000,0x5c9c0000)]
  0x585a1400 JavaThread "pool-2-thread-1" [_thread_blocked, id=3448, stack(0x5c920000,0x5c970000)]
  0x5859b400 JavaThread "MarlinRenderer Disposer" daemon [_thread_blocked, id=7584, stack(0x5cb60000,0x5cbb0000)]
  0x5859a000 JavaThread "Java2D Disposer" daemon [_thread_blocked, id=2820, stack(0x5cb10000,0x5cb60000)]
  0x585a0800 JavaThread "WorkerExecutor Queue Thread 4" [_thread_blocked, id=4596, stack(0x5c7d0000,0x5c820000)]
  0x5859cc00 JavaThread "WorkerExecutor Queue Thread 3" [_thread_blocked, id=2932, stack(0x5c780000,0x5c7d0000)]
  0x5859c000 JavaThread "WorkerExecutor Queue Thread 2" [_thread_blocked, id=2396, stack(0x5c730000,0x5c780000)]
  0x5766e400 JavaThread "WorkerExecutor Queue" [_thread_blocked, id=1844, stack(0x5c6e0000,0x5c730000)]
  0x57673400 JavaThread "Cache worker for execution history cache (C:\Users\melih\AndroidStudioProjects\PureToneTools\.gradle\5.4.1\executionHistory)" [_thread_blocked, id=4664, stack(0x5c490000,0x5c4e0000)]
  0x57674c00 JavaThread "Execution worker for ':' Thread 3" [_thread_blocked, id=6284, stack(0x5c340000,0x5c390000)]
  0x57672800 JavaThread "Execution worker for ':' Thread 2" [_thread_blocked, id=4104, stack(0x5c2f0000,0x5c340000)]
  0x57673c00 JavaThread "Execution worker for ':'" [_thread_blocked, id=2016, stack(0x5c2a0000,0x5c2f0000)]
  0x57670800 JavaThread "Cache worker for file content cache (C:\Users\melih\AndroidStudioProjects\PureToneTools\.gradle\5.4.1\fileContent)" [_thread_blocked, id=3036, stack(0x5b4b0000,0x5b500000)]
  0x57672000 JavaThread "Cache worker for file content cache (C:\Users\melih\.gradle\caches\5.4.1\fileContent)" [_thread_blocked, id=5920, stack(0x5a290000,0x5a2e0000)]
  0x57674000 JavaThread "Memory manager" [_thread_blocked, id=7748, stack(0x5a240000,0x5a290000)]
  0x57671c00 JavaThread "Cache worker for Build Output Cleanup Cache (C:\Users\melih\AndroidStudioProjects\PureToneTools\.gradle\buildOutputCleanup)" [_thread_blocked, id=3272, stack(0x5a0b0000,0x5a100000)]
  0x57670000 JavaThread "Build operations Thread 4" [_thread_blocked, id=6988, stack(0x59e30000,0x59e80000)]
  0x5766fc00 JavaThread "Build operations Thread 3" [_thread_blocked, id=3872, stack(0x59de0000,0x59e30000)]
  0x5766e800 JavaThread "Build operations Thread 2" [_thread_blocked, id=656, stack(0x59d90000,0x59de0000)]
  0x57675400 JavaThread "Build operations" [_thread_blocked, id=5984, stack(0x59d40000,0x59d90000)]
  0x57671000 JavaThread "Cache worker for execution history cache (C:\Users\melih\.gradle\caches\5.4.1\executionHistory)" [_thread_blocked, id=4744, stack(0x59af0000,0x59b40000)]
  0x57671400 JavaThread "Cache worker for cache directory md-rule (C:\Users\melih\.gradle\caches\5.4.1\md-rule)" [_thread_blocked, id=4936, stack(0x59890000,0x598e0000)]
  0x5766f000 JavaThread "Cache worker for cache directory md-supplier (C:\Users\melih\.gradle\caches\5.4.1\md-supplier)" [_thread_blocked, id=6460, stack(0x58300000,0x58350000)]
  0x55574800 JavaThread "Cache worker for file hash cache (C:\Users\melih\AndroidStudioProjects\PureToneTools\.gradle\5.4.1\fileHashes)" [_thread_blocked, id=7364, stack(0x58470000,0x584c0000)]
  0x55574c00 JavaThread "Cache worker for journal cache (C:\Users\melih\.gradle\caches\journal-1)" [_thread_blocked, id=6816, stack(0x56fe0000,0x57030000)]
  0x55575800 JavaThread "File lock request listener" [_thread_in_native, id=5612, stack(0x56f90000,0x56fe0000)]
  0x55574000 JavaThread "Cache worker for file hash cache (C:\Users\melih\.gradle\caches\5.4.1\fileHashes)" [_thread_blocked, id=7852, stack(0x56f40000,0x56f90000)]
  0x556d2800 JavaThread "Thread-9" [_thread_blocked, id=5148, stack(0x56df0000,0x56e40000)]
  0x556cdc00 JavaThread "Stdin handler" [_thread_blocked, id=5504, stack(0x56da0000,0x56df0000)]
  0x557ac000 JavaThread "Asynchronous log dispatcher for DefaultDaemonConnection: socket connection from /127.0.0.1:51544 to /127.0.0.1:51545" [_thread_blocked, id=3848, stack(0x56d50000,0x56da0000)]
  0x55790400 JavaThread "Daemon worker" [_thread_blocked, id=5492, stack(0x56d00000,0x56d50000)]
  0x55790000 JavaThread "Cancel handler" [_thread_blocked, id=3936, stack(0x56cb0000,0x56d00000)]
  0x55439800 JavaThread "Handler for socket connection from /127.0.0.1:51544 to /127.0.0.1:51545" [_thread_in_native, id=868, stack(0x56c60000,0x56cb0000)]
  0x55439000 JavaThread "Daemon" [_thread_blocked, id=2452, stack(0x56c10000,0x56c60000)]
  0x5544b000 JavaThread "Daemon periodic checks" [_thread_blocked, id=648, stack(0x56ac0000,0x56b10000)]
  0x5541f000 JavaThread "Incoming local TCP Connector on port 51544" [_thread_in_native, id=2936, stack(0x56930000,0x56980000)]
  0x5586c000 JavaThread "Daemon health stats" [_thread_blocked, id=236, stack(0x564a0000,0x564f0000)]
  0x5421c000 JavaThread "Service Thread" daemon [_thread_blocked, id=1360, stack(0x54630000,0x54680000)]
  0x5420f800 JavaThread "C1 CompilerThread2" daemon [_thread_blocked, id=4944, stack(0x545e0000,0x54630000)]
=>0x5420e000 JavaThread "C2 CompilerThread1" daemon [_thread_in_native, id=1332, stack(0x54590000,0x545e0000)]
  0x5420cc00 JavaThread "C2 CompilerThread0" daemon [_thread_in_native, id=6632, stack(0x54540000,0x54590000)]
  0x54208000 JavaThread "Attach Listener" daemon [_thread_blocked, id=2088, stack(0x544f0000,0x54540000)]
  0x54216000 JavaThread "Signal Dispatcher" daemon [_thread_blocked, id=6372, stack(0x544a0000,0x544f0000)]
  0x541f7c00 JavaThread "Finalizer" daemon [_thread_blocked, id=4676, stack(0x54360000,0x543b0000)]
  0x541f2000 JavaThread "Reference Handler" daemon [_thread_blocked, id=7044, stack(0x54310000,0x54360000)]
  0x0200c400 JavaThread "main" [_thread_blocked, id=1472, stack(0x00fe0000,0x01030000)]

Other Threads:
  0x541dc800 VMThread [stack: 0x542c0000,0x54310000] [id=7172]
  0x5421cc00 WatcherThread [stack: 0x54680000,0x546d0000] [id=5804]

VM state:not at safepoint (normal execution)

VM Mutex/Monitor currently owned by a thread: None

Heap:
 PSYoungGen      total 154112K, used 30565K [0x3bec0000, 0x46800000, 0x51400000)
  eden space 139776K, 19% used [0x3bec0000,0x3d9070c8,0x44740000)
  from space 14336K, 25% used [0x456c0000,0x45a526d8,0x464c0000)
  to   space 15872K, 0% used [0x44740000,0x44740000,0x456c0000)
 ParOldGen       total 70400K, used 39388K [0x11400000, 0x158c0000, 0x3bec0000)
  object space 70400K, 55% used [0x11400000,0x13a772d0,0x158c0000)
 Metaspace       used 43413K, capacity 44422K, committed 44544K, reserved 45440K

Card table byte_map: [0x51400000,0x51610000] byte_map_base: 0x51376000

Marking Bits: (ParMarkBitMap*) 0x7c818620
 Begin Bits: [0x51860000, 0x52860000)
 End Bits:   [0x52860000, 0x53860000)

Polling page: 0x00f30000

CodeCache: size=245760Kb used=19342Kb max_used=20300Kb free=226417Kb
 bounds [0x02010000, 0x033f0000, 0x11010000]
 total_blobs=7875 nmethods=7352 adapters=437
 compilation: enabled

Compilation events (10 events):
Event: 57.140 Thread 0x5420f800 8572       2       java.util.HashMap$HashIterator::<init> (79 bytes)
Event: 57.141 Thread 0x5420f800 nmethod 8572 0x02661748 code [0x02661860, 0x02661a00]
Event: 57.142 Thread 0x5420f800 8573   !   2       org.gradle.internal.resources.DefaultResourceLockCoordinationService$DefaultResourceLockState::releaseLocks (76 bytes)
Event: 57.143 Thread 0x5420f800 nmethod 8573 0x028f4d88 code [0x028f4ee0, 0x028f511c]
Event: 57.153 Thread 0x5420f800 8574       2       org.gradle.execution.plan.DefaultExecutionPlan::selectNext (222 bytes)
Event: 57.157 Thread 0x5420f800 nmethod 8574 0x0261f508 code [0x0261f780, 0x0261fe14]
Event: 57.170 Thread 0x5420f800 8575       2       sun.nio.cs.SingleByte::access$000 (10 bytes)
Event: 57.171 Thread 0x5420f800 nmethod 8575 0x02681408 code [0x02681540, 0x02681670]
Event: 57.171 Thread 0x5420f800 8576       2       sun.nio.cs.SingleByte::withResult (25 bytes)
Event: 57.171 Thread 0x5420f800 nmethod 8576 0x02c6a088 code [0x02c6a1c0, 0x02c6a2f0]

GC Heap History (10 events):
Event: 30.782 GC heap before
{Heap before GC invocations=17 (full 2):
 PSYoungGen      total 100608K, used 92928K [0x3bec0000, 0x43a80000, 0x51400000)
  eden space 92928K, 100% used [0x3bec0000,0x41980000,0x41980000)
  from space 7680K, 0% used [0x42300000,0x42300000,0x42a80000)
  to   space 9728K, 0% used [0x41980000,0x41980000,0x42300000)
 ParOldGen       total 39424K, used 18749K [0x11400000, 0x13a80000, 0x3bec0000)
  object space 39424K, 47% used [0x11400000,0x1264f448,0x13a80000)
 Metaspace       used 32048K, capacity 32753K, committed 32768K, reserved 33152K
Event: 30.834 GC heap after
Heap after GC invocations=17 (full 2):
 PSYoungGen      total 102656K, used 9719K [0x3bec0000, 0x44a80000, 0x51400000)
  eden space 92928K, 0% used [0x3bec0000,0x3bec0000,0x41980000)
  from space 9728K, 99% used [0x41980000,0x422fddd0,0x42300000)
  to   space 11776K, 0% used [0x43f00000,0x43f00000,0x44a80000)
 ParOldGen       total 39424K, used 20493K [0x11400000, 0x13a80000, 0x3bec0000)
  object space 39424K, 51% used [0x11400000,0x12803698,0x13a80000)
 Metaspace       used 32048K, capacity 32753K, committed 32768K, reserved 33152K
}
Event: 35.655 GC heap before
{Heap before GC invocations=18 (full 2):
 PSYoungGen      total 102656K, used 102647K [0x3bec0000, 0x44a80000, 0x51400000)
  eden space 92928K, 100% used [0x3bec0000,0x41980000,0x41980000)
  from space 9728K, 99% used [0x41980000,0x422fddd0,0x42300000)
  to   space 11776K, 0% used [0x43f00000,0x43f00000,0x44a80000)
 ParOldGen       total 39424K, used 20493K [0x11400000, 0x13a80000, 0x3bec0000)
  object space 39424K, 51% used [0x11400000,0x12803698,0x13a80000)
 Metaspace       used 37439K, capacity 38316K, committed 38400K, reserved 39296K
Event: 35.743 GC heap after
Heap after GC invocations=18 (full 2):
 PSYoungGen      total 130048K, used 10335K [0x3bec0000, 0x44ec0000, 0x51400000)
  eden space 118272K, 0% used [0x3bec0000,0x3bec0000,0x43240000)
  from space 11776K, 87% used [0x43f00000,0x44917e68,0x44a80000)
  to   space 13056K, 0% used [0x43240000,0x43240000,0x43f00000)
 ParOldGen       total 39424K, used 26814K [0x11400000, 0x13a80000, 0x3bec0000)
  object space 39424K, 68% used [0x11400000,0x12e2f980,0x13a80000)
 Metaspace       used 37439K, capacity 38316K, committed 38400K, reserved 39296K
}
Event: 44.766 GC heap before
{Heap before GC invocations=19 (full 2):
 PSYoungGen      total 130048K, used 128607K [0x3bec0000, 0x44ec0000, 0x51400000)
  eden space 118272K, 100% used [0x3bec0000,0x43240000,0x43240000)
  from space 11776K, 87% used [0x43f00000,0x44917e68,0x44a80000)
  to   space 13056K, 0% used [0x43240000,0x43240000,0x43f00000)
 ParOldGen       total 39424K, used 26814K [0x11400000, 0x13a80000, 0x3bec0000)
  object space 39424K, 68% used [0x11400000,0x12e2f980,0x13a80000)
 Metaspace       used 40926K, capacity 41948K, committed 41984K, reserved 42368K
Event: 44.845 GC heap after
Heap after GC invocations=19 (full 2):
 PSYoungGen      total 131328K, used 10688K [0x3bec0000, 0x464c0000, 0x51400000)
  eden space 118272K, 0% used [0x3bec0000,0x3bec0000,0x43240000)
  from space 13056K, 81% used [0x43240000,0x43cb0030,0x43f00000)
  to   space 14336K, 0% used [0x456c0000,0x456c0000,0x464c0000)
 ParOldGen       total 39424K, used 30312K [0x11400000, 0x13a80000, 0x3bec0000)
  object space 39424K, 76% used [0x11400000,0x1319a330,0x13a80000)
 Metaspace       used 40926K, capacity 41948K, committed 41984K, reserved 42368K
}
Event: 55.551 GC heap before
{Heap before GC invocations=20 (full 2):
 PSYoungGen      total 131328K, used 128960K [0x3bec0000, 0x464c0000, 0x51400000)
  eden space 118272K, 100% used [0x3bec0000,0x43240000,0x43240000)
  from space 13056K, 81% used [0x43240000,0x43cb0030,0x43f00000)
  to   space 14336K, 0% used [0x456c0000,0x456c0000,0x464c0000)
 ParOldGen       total 39424K, used 30312K [0x11400000, 0x13a80000, 0x3bec0000)
  object space 39424K, 76% used [0x11400000,0x1319a330,0x13a80000)
 Metaspace       used 43349K, capacity 44423K, committed 44544K, reserved 45440K
Event: 55.688 GC heap after
Heap after GC invocations=20 (full 2):
 PSYoungGen      total 154112K, used 12738K [0x3bec0000, 0x46800000, 0x51400000)
  eden space 139776K, 0% used [0x3bec0000,0x3bec0000,0x44740000)
  from space 14336K, 88% used [0x456c0000,0x46330b80,0x464c0000)
  to   space 15872K, 0% used [0x44740000,0x44740000,0x456c0000)
 ParOldGen       total 39424K, used 37762K [0x11400000, 0x13a80000, 0x3bec0000)
  object space 39424K, 95% used [0x11400000,0x138e0b50,0x13a80000)
 Metaspace       used 43349K, capacity 44423K, committed 44544K, reserved 45440K
}
Event: 55.688 GC heap before
{Heap before GC invocations=21 (full 3):
 PSYoungGen      total 154112K, used 12738K [0x3bec0000, 0x46800000, 0x51400000)
  eden space 139776K, 0% used [0x3bec0000,0x3bec0000,0x44740000)
  from space 14336K, 88% used [0x456c0000,0x46330b80,0x464c0000)
  to   space 15872K, 0% used [0x44740000,0x44740000,0x456c0000)
 ParOldGen       total 39424K, used 37762K [0x11400000, 0x13a80000, 0x3bec0000)
  object space 39424K, 95% used [0x11400000,0x138e0b50,0x13a80000)
 Metaspace       used 43349K, capacity 44423K, committed 44544K, reserved 45440K
Event: 56.529 GC heap after
Heap after GC invocations=21 (full 3):
 PSYoungGen      total 154112K, used 3657K [0x3bec0000, 0x46800000, 0x51400000)
  eden space 139776K, 0% used [0x3bec0000,0x3bec0000,0x44740000)
  from space 14336K, 25% used [0x456c0000,0x45a526d8,0x464c0000)
  to   space 15872K, 0% used [0x44740000,0x44740000,0x456c0000)
 ParOldGen       total 70400K, used 39388K [0x11400000, 0x158c0000, 0x3bec0000)
  object space 70400K, 55% used [0x11400000,0x13a772d0,0x158c0000)
 Metaspace       used 43316K, capacity 44353K, committed 44544K, reserved 45440K
}

Deoptimization events (10 events):
Event: 55.083 Thread 0x55790400 Uncommon trap: reason=class_check action=maybe_recompile pc=0x0332f654 method=com.sun.org.apache.xerces.internal.dom.ElementImpl.getAttributes()Lorg/w3c/dom/NamedNodeMap; @ 8
Event: 55.085 Thread 0x55790400 Uncommon trap: reason=class_check action=maybe_recompile pc=0x0332f654 method=com.sun.org.apache.xerces.internal.dom.ElementImpl.getAttributes()Lorg/w3c/dom/NamedNodeMap; @ 8
Event: 55.086 Thread 0x55790400 Uncommon trap: reason=class_check action=maybe_recompile pc=0x0332f654 method=com.sun.org.apache.xerces.internal.dom.ElementImpl.getAttributes()Lorg/w3c/dom/NamedNodeMap; @ 8
Event: 55.180 Thread 0x55790400 Uncommon trap: reason=null_check action=make_not_entrant pc=0x025e6200 method=com.sun.org.apache.xerces.internal.dom.NamedNodeMapImpl.findNamePoint(Ljava/lang/String;Ljava/lang/String;)I @ 105
Event: 55.209 Thread 0x55790400 Uncommon trap: reason=unstable_if action=reinterpret pc=0x03323db4 method=com.android.utils.XmlUtils.toXmlAttributeValue(Ljava/lang/String;)Ljava/lang/String; @ 33
Event: 55.331 Thread 0x55790400 Uncommon trap: reason=unstable_if action=reinterpret pc=0x0277fbd8 method=sun.nio.cs.UTF_8$Encoder.encodeArrayLoop(Ljava/nio/CharBuffer;Ljava/nio/ByteBuffer;)Ljava/nio/charset/CoderResult; @ 175
Event: 55.334 Thread 0x55790400 Uncommon trap: reason=unstable_if action=reinterpret pc=0x033228d8 method=sun.nio.cs.UTF_8$Encoder.encodeArrayLoop(Ljava/nio/CharBuffer;Ljava/nio/ByteBuffer;)Ljava/nio/charset/CoderResult; @ 400
Event: 57.108 Thread 0x57673c00 Uncommon trap: reason=unstable_if action=reinterpret pc=0x02d12684 method=java.util.HashMap$HashIterator.<init>(Ljava/util/HashMap;)V @ 45
Event: 57.108 Thread 0x57673c00 Uncommon trap: reason=unstable_if action=reinterpret pc=0x02768740 method=java.util.HashMap$HashIterator.<init>(Ljava/util/HashMap;)V @ 45
Event: 57.109 Thread 0x57673c00 Uncommon trap: reason=unstable_if action=reinterpret pc=0x02b0e3d0 method=java.util.HashMap$HashIterator.<init>(Ljava/util/HashMap;)V @ 45

Classes redefined (0 events):
No events

Internal exceptions (10 events):
Event: 49.007 Thread 0x5766e400 Exception <a 'java/io/FileNotFoundException'> (0x40998fe8) thrown at [D:\src\AOSP-openjdk-cygwin\jdk8u\hotspot\src\share\vm\prims\jni.cpp, line 710]
Event: 49.241 Thread 0x55790400 Implicit null exception at 0x0316f844 to 0x0316fc48
Event: 49.407 Thread 0x5766e400 Exception <a 'java/io/FileNotFoundException'> (0x409b13e0) thrown at [D:\src\AOSP-openjdk-cygwin\jdk8u\hotspot\src\share\vm\prims\jni.cpp, line 710]
Event: 49.910 Thread 0x55790400 Implicit null exception at 0x02797dd0 to 0x02797e3d
Event: 51.229 Thread 0x55790400 Implicit null exception at 0x0332cd48 to 0x0332d049
Event: 55.180 Thread 0x55790400 Implicit null exception at 0x025e5b88 to 0x025e61e1
Event: 55.461 Thread 0x55790400 Exception <a 'java/lang/NoSuchMethodError': <clinit>> (0x42cfd0f0) thrown at [D:\src\AOSP-openjdk-cygwin\jdk8u\hotspot\src\share\vm\prims\jni.cpp, line 1614]
Event: 55.467 Thread 0x55790400 Exception <a 'java/lang/NoSuchMethodError': <clinit>> (0x42d1c298) thrown at [D:\src\AOSP-openjdk-cygwin\jdk8u\hotspot\src\share\vm\prims\jni.cpp, line 1614]
Event: 55.468 Thread 0x55790400 Exception <a 'java/lang/NoSuchMethodError': <clinit>> (0x4307d3c0) thrown at [D:\src\AOSP-openjdk-cygwin\jdk8u\hotspot\src\share\vm\prims\jni.cpp, line 1614]
Event: 55.473 Thread 0x55790400 Exception <a 'java/lang/NoSuchMethodError': <clinit>> (0x430902e0) thrown at [D:\src\AOSP-openjdk-cygwin\jdk8u\hotspot\src\share\vm\prims\jni.cpp, line 1614]

Events (10 events):
Event: 57.108 Thread 0x57673c00 DEOPT PACKING pc=0x02d12684 sp=0x5c2ef0b0
Event: 57.108 Thread 0x57673c00 DEOPT UNPACKING pc=0x0204abbc sp=0x5c2ef010 mode 2
Event: 57.108 Thread 0x57673c00 Uncommon trap: trap_request=0xffffff65 fr.pc=0x02768740
Event: 57.108 Thread 0x57673c00 DEOPT PACKING pc=0x02768740 sp=0x5c2ef080
Event: 57.109 Thread 0x57673c00 DEOPT UNPACKING pc=0x0204abbc sp=0x5c2ef00c mode 2
Event: 57.109 Thread 0x57673c00 Uncommon trap: trap_request=0xffffff65 fr.pc=0x02b0e3d0
Event: 57.109 Thread 0x57673c00 DEOPT PACKING pc=0x02b0e3d0 sp=0x5c2ef040
Event: 57.109 Thread 0x57673c00 DEOPT UNPACKING pc=0x0204abbc sp=0x5c2ef018 mode 2
Event: 57.234 Thread 0x5859bc00 Thread added: 0x5859bc00
Event: 57.234 Thread 0x5859f800 Thread added: 0x5859f800


Dynamic libraries:
0x00f60000 - 0x00f8d000 	D:\android-studio-ide-191.5977832-windows32\android-studio\jre\bin\java.exe
0x77280000 - 0x77419000 	C:\WINDOWS\SYSTEM32\ntdll.dll
0x76620000 - 0x766b8000 	C:\WINDOWS\System32\KERNEL32.DLL
0x74c40000 - 0x74e3a000 	C:\WINDOWS\System32\KERNELBASE.dll
0x72f90000 - 0x7302f000 	C:\WINDOWS\SYSTEM32\apphelp.dll
0x760c0000 - 0x76139000 	C:\WINDOWS\System32\ADVAPI32.dll
0x76d80000 - 0x76e3f000 	C:\WINDOWS\System32\msvcrt.dll
0x771a0000 - 0x77216000 	C:\WINDOWS\System32\sechost.dll
0x766c0000 - 0x76781000 	C:\WINDOWS\System32\RPCRT4.dll
0x761a0000 - 0x76318000 	C:\WINDOWS\System32\USER32.dll
0x757c0000 - 0x757dc000 	C:\WINDOWS\System32\win32u.dll
0x76d50000 - 0x76d71000 	C:\WINDOWS\System32\GDI32.dll
0x74e40000 - 0x74f9d000 	C:\WINDOWS\System32\gdi32full.dll
0x750c0000 - 0x7513c000 	C:\WINDOWS\System32\msvcp_win.dll
0x74fa0000 - 0x750bf000 	C:\WINDOWS\System32\ucrtbase.dll
0x688b0000 - 0x68abf000 	C:\WINDOWS\WinSxS\x86_microsoft.windows.common-controls_6595b64144ccf1df_6.0.18362.592_none_2e6de868278ee708\COMCTL32.dll
0x763a0000 - 0x76616000 	C:\WINDOWS\System32\combase.dll
0x74bc0000 - 0x74c1f000 	C:\WINDOWS\System32\bcryptPrimitives.dll
0x759c0000 - 0x759e6000 	C:\WINDOWS\System32\IMM32.DLL
0x6a7a0000 - 0x6a85f000 	D:\android-studio-ide-191.5977832-windows32\android-studio\jre\jre\bin\msvcr100.dll
0x7c2a0000 - 0x7c889000 	D:\android-studio-ide-191.5977832-windows32\android-studio\jre\jre\bin\server\jvm.dll
0x76e40000 - 0x76e46000 	C:\WINDOWS\System32\PSAPI.DLL
0x72970000 - 0x72994000 	C:\WINDOWS\SYSTEM32\WINMM.dll
0x69e80000 - 0x69e88000 	C:\WINDOWS\SYSTEM32\VERSION.dll
0x61c80000 - 0x61c88000 	C:\WINDOWS\SYSTEM32\WSOCK32.dll
0x76340000 - 0x7639e000 	C:\WINDOWS\System32\WS2_32.dll
0x727b0000 - 0x727d3000 	C:\WINDOWS\SYSTEM32\WINMMBASE.dll
0x757e0000 - 0x7581b000 	C:\WINDOWS\System32\cfgmgr32.dll
0x719e0000 - 0x719ec000 	D:\android-studio-ide-191.5977832-windows32\android-studio\jre\jre\bin\verify.dll
0x6a920000 - 0x6a941000 	D:\android-studio-ide-191.5977832-windows32\android-studio\jre\jre\bin\java.dll
0x6d660000 - 0x6d674000 	D:\android-studio-ide-191.5977832-windows32\android-studio\jre\jre\bin\zip.dll
0x75b30000 - 0x760aa000 	C:\WINDOWS\System32\SHELL32.dll
0x76f50000 - 0x76fd4000 	C:\WINDOWS\System32\shcore.dll
0x751f0000 - 0x757b5000 	C:\WINDOWS\System32\windows.storage.dll
0x74af0000 - 0x74b07000 	C:\WINDOWS\System32\profapi.dll
0x74b10000 - 0x74b53000 	C:\WINDOWS\System32\powrprof.dll
0x74ad0000 - 0x74add000 	C:\WINDOWS\System32\UMPDC.dll
0x75a50000 - 0x75a94000 	C:\WINDOWS\System32\shlwapi.dll
0x74ae0000 - 0x74aef000 	C:\WINDOWS\System32\kernel.appcore.dll
0x75140000 - 0x75153000 	C:\WINDOWS\System32\cryptsp.dll
0x6d450000 - 0x6d465000 	D:\android-studio-ide-191.5977832-windows32\android-studio\jre\jre\bin\net.dll
0x74430000 - 0x74487000 	C:\WINDOWS\system32\mswsock.dll
0x708b0000 - 0x708bf000 	D:\android-studio-ide-191.5977832-windows32\android-studio\jre\jre\bin\nio.dll
0x70890000 - 0x708b0000 	C:\Users\melih\.gradle\native\29\windows-i386\native-platform.dll
0x6d9a0000 - 0x6d9aa000 	D:\android-studio-ide-191.5977832-windows32\android-studio\jre\jre\bin\management.dll
0x74060000 - 0x7408f000 	C:\WINDOWS\system32\rsaenh.dll
0x74c20000 - 0x74c3b000 	C:\WINDOWS\System32\bcrypt.dll
0x74a20000 - 0x74a3e000 	C:\WINDOWS\SYSTEM32\USERENV.dll
0x745b0000 - 0x745ba000 	C:\WINDOWS\SYSTEM32\CRYPTBASE.dll
0x741c0000 - 0x741f2000 	C:\WINDOWS\SYSTEM32\IPHLPAPI.DLL
0x75aa0000 - 0x75aa7000 	C:\WINDOWS\System32\NSI.dll
0x6d600000 - 0x6d613000 	C:\WINDOWS\SYSTEM32\dhcpcsvc6.DLL
0x6d7e0000 - 0x6d7f5000 	C:\WINDOWS\SYSTEM32\dhcpcsvc.DLL
0x74200000 - 0x74291000 	C:\WINDOWS\SYSTEM32\DNSAPI.dll
0x66850000 - 0x66997000 	D:\android-studio-ide-191.5977832-windows32\android-studio\jre\jre\bin\awt.dll
0x75920000 - 0x759b2000 	C:\WINDOWS\System32\OLEAUT32.dll
0x73540000 - 0x73565000 	C:\WINDOWS\SYSTEM32\dwmapi.dll
0x71d40000 - 0x7222c000 	C:\WINDOWS\SYSTEM32\d2d1.dll
0x73070000 - 0x730ed000 	C:\WINDOWS\system32\uxtheme.dll

VM Arguments:
jvm_args: -Xmx1024m -Dfile.encoding=windows-1254 -Duser.country=TR -Duser.language=tr -Duser.variant 
java_command: org.gradle.launcher.daemon.bootstrap.GradleDaemon 5.4.1
java_class_path (initial): C:\Users\melih\.gradle\wrapper\dists\gradle-5.4.1-all\3221gyojl5jsh0helicew7rwx\gradle-5.4.1\lib\gradle-launcher-5.4.1.jar
Launcher Type: SUN_STANDARD

Environment Variables:
PATH=C:\Program Files\Common Files\Oracle\Java\javapath;C:\WINDOWS\system32;C:\WINDOWS;C:\WINDOWS\System32\Wbem;C:\WINDOWS\System32\WindowsPowerShell\v1.0\;C:\WINDOWS\System32\OpenSSH\;C:\Program Files\Calibre2\;C:\Users\melih\AppData\Local\Microsoft\WindowsApps;
USERNAME=melih
OS=Windows_NT
PROCESSOR_IDENTIFIER=x86 Family 6 Model 55 Stepping 8, GenuineIntel



---------------  S Y S T E M  ---------------

OS: Windows 10.0 Build 18362 (10.0.18362.329)

CPU:total 4 (initial active 4) (4 cores per cpu, 1 threads per core) family 6 model 55 stepping 8, cmov, cx8, fxsr, mmx, sse, sse2, sse3, ssse3, sse4.1, sse4.2, popcnt, aes, clmul, erms, 3dnowpref, tsc, tscinvbit

Memory: 4k page, physical 2034352k(66048k free), swap 3205808k(2188k free)

vm_info: OpenJDK Server VM (25.202-b03) for windows-x86 JRE (1.8.0_202-release-1483-b03), built by "builder" with MS VC++ 10.0 (VS2010)

time: Thu Jan 30 14:57:39 2020
timezone: Türkiye Standart Saati
elapsed time: 57 seconds (0d 0h 0m 57s)

