#
# There is insufficient memory for the Java Runtime Environment to continue.
# Native memory allocation (malloc) failed to allocate 593096 bytes for Chunk::new
# Possible reasons:
#   The system is out of physical RAM or swap space
#   In 32 bit mode, the process size limit was hit
# Possible solutions:
#   Reduce memory load on the system
#   Increase physical memory or swap space
#   Check if swap backing store is full
#   Use 64 bit Java on a 64 bit OS
#   Decrease Java heap size (-Xmx/-Xms)
#   Decrease number of Java threads
#   Decrease Java thread stack sizes (-Xss)
#   Set larger code cache with -XX:ReservedCodeCacheSize=
# This output file may be truncated or incomplete.
#
#  Out of Memory Error (allocation.cpp:389), pid=1308, tid=0x00001abc
#
# JRE version: OpenJDK Runtime Environment (8.0_202-b03) (build 1.8.0_202-release-1483-b03)
# Java VM: OpenJDK Server VM (25.202-b03 mixed mode windows-x86 )
# Failed to write core dump. Minidumps are not enabled by default on client versions of Windows
#

---------------  T H R E A D  ---------------

Current thread (0x53dc7800):  JavaThread "C2 CompilerThread0" daemon [_thread_in_native, id=6844, stack(0x540f0000,0x54140000)]

Stack: [0x540f0000,0x54140000],  sp=0x5413e020,  free space=312k
Native frames: (J=compiled Java code, j=interpreted, Vv=VM code, C=native code)
V  [jvm.dll+0x1a658b]
V  [jvm.dll+0x19ea98]
V  [jvm.dll+0x7d8b1]
V  [jvm.dll+0x7ddb7]
V  [jvm.dll+0x31faa2]
V  [jvm.dll+0x2f6add]
V  [jvm.dll+0x2ff1a7]
V  [jvm.dll+0x3008eb]
V  [jvm.dll+0x2ea0e6]
V  [jvm.dll+0x60e17]
V  [jvm.dll+0x615bf]
V  [jvm.dll+0x1777f0]
V  [jvm.dll+0x17802b]
V  [jvm.dll+0x1b8b16]
C  [msvcr100.dll+0x5c556]
C  [msvcr100.dll+0x5c600]
C  [KERNEL32.DLL+0x22369]
C  [ntdll.dll+0x5e5bb]
C  [ntdll.dll+0x5e58f]
C  0x00000000


Current CompileTask:
C2:  68128 9773       4       com.android.tools.r8.ir.conversion.IRBuilder::a (184 bytes)


---------------  P R O C E S S  ---------------

Java Threads: ( => current thread )
  0x5754f800 JavaThread "WorkerExecutor Queue" [_thread_in_native, id=4676, stack(0x5c180000,0x5c1d0000)]
  0x5754f000 JavaThread "Cache worker for execution history cache (C:\Users\melih\AndroidStudioProjects\PureToneTools\.gradle\5.4.1\executionHistory)" [_thread_blocked, id=236, stack(0x5c030000,0x5c080000)]
  0x5754d000 JavaThread "Execution worker for ':' Thread 3" [_thread_in_Java, id=6372, stack(0x5bee0000,0x5bf30000)]
  0x5754a000 JavaThread "Execution worker for ':' Thread 2" [_thread_blocked, id=7332, stack(0x5be90000,0x5bee0000)]
  0x57549400 JavaThread "Execution worker for ':'" [_thread_in_Java, id=2928, stack(0x5ba20000,0x5ba70000)]
  0x57548c00 JavaThread "Cache worker for file content cache (C:\Users\melih\AndroidStudioProjects\PureToneTools\.gradle\5.4.1\fileContent)" [_thread_blocked, id=7700, stack(0x5b9d0000,0x5ba20000)]
  0x5754ec00 JavaThread "Cache worker for file content cache (C:\Users\melih\.gradle\caches\5.4.1\fileContent)" [_thread_blocked, id=5648, stack(0x5b780000,0x5b7d0000)]
  0x5754b000 JavaThread "Memory manager" [_thread_blocked, id=5192, stack(0x5b730000,0x5b780000)]
  0x57549800 JavaThread "Cache worker for Build Output Cleanup Cache (C:\Users\melih\AndroidStudioProjects\PureToneTools\.gradle\buildOutputCleanup)" [_thread_blocked, id=2568, stack(0x59d30000,0x59d80000)]
  0x5754c000 JavaThread "Build operations Thread 4" [_thread_blocked, id=1300, stack(0x59ae0000,0x59b30000)]
  0x5754c400 JavaThread "Build operations Thread 3" [_thread_blocked, id=1312, stack(0x59a90000,0x59ae0000)]
  0x5754b800 JavaThread "Build operations Thread 2" [_thread_blocked, id=5196, stack(0x59a40000,0x59a90000)]
  0x5754e400 JavaThread "Build operations" [_thread_blocked, id=6404, stack(0x599f0000,0x59a40000)]
  0x55761000 JavaThread "Cache worker for execution history cache (C:\Users\melih\.gradle\caches\5.4.1\executionHistory)" [_thread_blocked, id=6508, stack(0x598a0000,0x598f0000)]
  0x55760400 JavaThread "Cache worker for cache directory md-rule (C:\Users\melih\.gradle\caches\5.4.1\md-rule)" [_thread_blocked, id=516, stack(0x58180000,0x581d0000)]
  0x55762800 JavaThread "Cache worker for cache directory md-supplier (C:\Users\melih\.gradle\caches\5.4.1\md-supplier)" [_thread_blocked, id=2496, stack(0x58130000,0x58180000)]
  0x55763000 JavaThread "Cache worker for file hash cache (C:\Users\melih\AndroidStudioProjects\PureToneTools\.gradle\5.4.1\fileHashes)" [_thread_blocked, id=7292, stack(0x57cb0000,0x57d00000)]
  0x55762400 JavaThread "Cache worker for journal cache (C:\Users\melih\.gradle\caches\journal-1)" [_thread_blocked, id=6108, stack(0x56b90000,0x56be0000)]
  0x55761c00 JavaThread "File lock request listener" [_thread_in_native, id=6600, stack(0x56b40000,0x56b90000)]
  0x55763800 JavaThread "Cache worker for file hash cache (C:\Users\melih\.gradle\caches\5.4.1\fileHashes)" [_thread_blocked, id=4556, stack(0x56af0000,0x56b40000)]
  0x542ac400 JavaThread "Thread-9" [_thread_blocked, id=2588, stack(0x569a0000,0x569f0000)]
  0x542bd000 JavaThread "Stdin handler" [_thread_blocked, id=2448, stack(0x56950000,0x569a0000)]
  0x54aef000 JavaThread "Asynchronous log dispatcher for DefaultDaemonConnection: socket connection from /127.0.0.1:51723 to /127.0.0.1:51724" [_thread_blocked, id=3388, stack(0x56900000,0x56950000)]
  0x54aeb400 JavaThread "Daemon worker" [_thread_in_Java, id=6716, stack(0x568b0000,0x56900000)]
  0x54aeb000 JavaThread "Cancel handler" [_thread_blocked, id=4432, stack(0x56860000,0x568b0000)]
  0x5495ac00 JavaThread "Handler for socket connection from /127.0.0.1:51723 to /127.0.0.1:51724" [_thread_in_native, id=7880, stack(0x56810000,0x56860000)]
  0x548c8400 JavaThread "Daemon" [_thread_blocked, id=3904, stack(0x567c0000,0x56810000)]
  0x5430c000 JavaThread "Daemon periodic checks" [_thread_blocked, id=6804, stack(0x56670000,0x566c0000)]
  0x551ec000 JavaThread "Incoming local TCP Connector on port 51723" [_thread_in_native, id=6668, stack(0x564e0000,0x56530000)]
  0x553bf400 JavaThread "Daemon health stats" [_thread_blocked, id=5440, stack(0x56050000,0x560a0000)]
  0x53e20000 JavaThread "Service Thread" daemon [_thread_blocked, id=4208, stack(0x541e0000,0x54230000)]
  0x53dc3800 JavaThread "C1 CompilerThread2" daemon [_thread_blocked, id=7064, stack(0x54190000,0x541e0000)]
  0x53db8000 JavaThread "C2 CompilerThread1" daemon [_thread_in_native, id=2892, stack(0x54140000,0x54190000)]
=>0x53dc7800 JavaThread "C2 CompilerThread0" daemon [_thread_in_native, id=6844, stack(0x540f0000,0x54140000)]
  0x53dc5c00 JavaThread "Attach Listener" daemon [_thread_blocked, id=2764, stack(0x540a0000,0x540f0000)]
  0x53dc5000 JavaThread "Signal Dispatcher" daemon [_thread_blocked, id=8080, stack(0x54050000,0x540a0000)]
  0x53da7800 JavaThread "Finalizer" daemon [_thread_blocked, id=1848, stack(0x53f10000,0x53f60000)]
  0x53da1c00 JavaThread "Reference Handler" daemon [_thread_blocked, id=4560, stack(0x53ec0000,0x53f10000)]
  0x00e7c400 JavaThread "main" [_thread_blocked, id=8104, stack(0x00d50000,0x00da0000)]

Other Threads:
  0x53d8cc00 VMThread [stack: 0x53e70000,0x53ec0000] [id=628]
  0x53e21000 WatcherThread [stack: 0x54230000,0x54280000] [id=4348]

VM state:not at safepoint (normal execution)

VM Mutex/Monitor currently owned by a thread: None

Heap:
 PSYoungGen      total 153600K, used 134628K [0x3bcc0000, 0x476c0000, 0x51200000)
  eden space 139520K, 92% used [0x3bcc0000,0x43a753a8,0x44500000)
  from space 14080K, 41% used [0x45900000,0x45ec3ce0,0x466c0000)
  to   space 20480K, 0% used [0x44500000,0x44500000,0x45900000)
 ParOldGen       total 72704K, used 41646K [0x11200000, 0x15900000, 0x3bcc0000)
  object space 72704K, 57% used [0x11200000,0x13aab988,0x15900000)
 Metaspace       used 46230K, capacity 47491K, committed 47616K, reserved 48512K

Card table byte_map: [0x51200000,0x51410000] byte_map_base: 0x51177000

Marking Bits: (ParMarkBitMap*) 0x7c818620
 Begin Bits: [0x51410000, 0x52410000)
 End Bits:   [0x52410000, 0x53410000)

Polling page: 0x00cd0000

CodeCache: size=245760Kb used=24456Kb max_used=24456Kb free=221303Kb
 bounds [0x01ca0000, 0x03490000, 0x10ca0000]
 total_blobs=9495 nmethods=9026 adapters=382
 compilation: enabled

Compilation events (10 events):
Event: 67.954 Thread 0x53dc3800 10116       3       com.android.tools.r8.ir.regalloc.c::a (440 bytes)
Event: 67.964 Thread 0x53dc3800 nmethod 10116 0x0347e948 code [0x0347ee60, 0x03481728]
Event: 67.964 Thread 0x53dc3800 10117       1       com.android.tools.r8.ir.code.InvokeMethod::J1 (11 bytes)
Event: 67.964 Thread 0x53dc3800 nmethod 10117 0x026cf2c8 code [0x026cf3c0, 0x026cf460]
Event: 67.965 Thread 0x53dc3800 10118       3       com.android.tools.r8.ir.conversion.F::<init> (46 bytes)
Event: 67.966 Thread 0x53dc3800 nmethod 10118 0x03483d08 code [0x03483e40, 0x034840b8]
Event: 67.979 Thread 0x53dc3800 10119       3       com.android.tools.r8.graph.DexDebugEventBuilder::a (261 bytes)
Event: 67.986 Thread 0x53dc3800 nmethod 10119 0x03484208 code [0x034845c0, 0x0348628c]
Event: 67.989 Thread 0x53dc3800 10120       3       com.android.tools.r8.ir.conversion.N::e (111 bytes)
Event: 67.991 Thread 0x53dc3800 nmethod 10120 0x03487448 code [0x034875e0, 0x03487d30]

GC Heap History (10 events):
Event: 38.138 GC heap before
{Heap before GC invocations=17 (full 2):
 PSYoungGen      total 100096K, used 92928K [0x3bcc0000, 0x43980000, 0x51200000)
  eden space 92928K, 100% used [0x3bcc0000,0x41780000,0x41780000)
  from space 7168K, 0% used [0x42080000,0x42080000,0x42780000)
  to   space 9216K, 0% used [0x41780000,0x41780000,0x42080000)
 ParOldGen       total 38912K, used 18639K [0x11200000, 0x13800000, 0x3bcc0000)
  object space 38912K, 47% used [0x11200000,0x12433c70,0x13800000)
 Metaspace       used 32046K, capacity 32721K, committed 32768K, reserved 33152K
Event: 38.198 GC heap after
Heap after GC invocations=17 (full 2):
 PSYoungGen      total 102144K, used 9204K [0x3bcc0000, 0x44940000, 0x51200000)
  eden space 92928K, 0% used [0x3bcc0000,0x3bcc0000,0x41780000)
  from space 9216K, 99% used [0x41780000,0x4207d370,0x42080000)
  to   space 11520K, 0% used [0x43e00000,0x43e00000,0x44940000)
 ParOldGen       total 38912K, used 20784K [0x11200000, 0x13800000, 0x3bcc0000)
  object space 38912K, 53% used [0x11200000,0x1264c200,0x13800000)
 Metaspace       used 32046K, capacity 32721K, committed 32768K, reserved 33152K
}
Event: 43.088 GC heap before
{Heap before GC invocations=18 (full 2):
 PSYoungGen      total 102144K, used 102132K [0x3bcc0000, 0x44940000, 0x51200000)
  eden space 92928K, 100% used [0x3bcc0000,0x41780000,0x41780000)
  from space 9216K, 99% used [0x41780000,0x4207d370,0x42080000)
  to   space 11520K, 0% used [0x43e00000,0x43e00000,0x44940000)
 ParOldGen       total 38912K, used 20784K [0x11200000, 0x13800000, 0x3bcc0000)
  object space 38912K, 53% used [0x11200000,0x1264c200,0x13800000)
 Metaspace       used 37355K, capacity 38218K, committed 38272K, reserved 38272K
Event: 43.178 GC heap after
Heap after GC invocations=18 (full 2):
 PSYoungGen      total 131072K, used 10209K [0x3bcc0000, 0x44e40000, 0x51200000)
  eden space 119552K, 0% used [0x3bcc0000,0x3bcc0000,0x43180000)
  from space 11520K, 88% used [0x43e00000,0x447f8660,0x44940000)
  to   space 12800K, 0% used [0x43180000,0x43180000,0x43e00000)
 ParOldGen       total 38912K, used 26989K [0x11200000, 0x13800000, 0x3bcc0000)
  object space 38912K, 69% used [0x11200000,0x12c5b4b0,0x13800000)
 Metaspace       used 37355K, capacity 38218K, committed 38272K, reserved 38272K
}
Event: 52.727 GC heap before
{Heap before GC invocations=19 (full 2):
 PSYoungGen      total 131072K, used 129761K [0x3bcc0000, 0x44e40000, 0x51200000)
  eden space 119552K, 100% used [0x3bcc0000,0x43180000,0x43180000)
  from space 11520K, 88% used [0x43e00000,0x447f8660,0x44940000)
  to   space 12800K, 0% used [0x43180000,0x43180000,0x43e00000)
 ParOldGen       total 38912K, used 26989K [0x11200000, 0x13800000, 0x3bcc0000)
  object space 38912K, 69% used [0x11200000,0x12c5b4b0,0x13800000)
 Metaspace       used 40325K, capacity 41336K, committed 41344K, reserved 41344K
Event: 52.851 GC heap after
Heap after GC invocations=19 (full 2):
 PSYoungGen      total 132352K, used 10663K [0x3bcc0000, 0x466c0000, 0x51200000)
  eden space 119552K, 0% used [0x3bcc0000,0x3bcc0000,0x43180000)
  from space 12800K, 83% used [0x43180000,0x43be9de0,0x43e00000)
  to   space 14080K, 0% used [0x45900000,0x45900000,0x466c0000)
 ParOldGen       total 38912K, used 30523K [0x11200000, 0x13800000, 0x3bcc0000)
  object space 38912K, 78% used [0x11200000,0x12fcee70,0x13800000)
 Metaspace       used 40325K, capacity 41336K, committed 41344K, reserved 41344K
}
Event: 60.228 GC heap before
{Heap before GC invocations=20 (full 2):
 PSYoungGen      total 132352K, used 130215K [0x3bcc0000, 0x466c0000, 0x51200000)
  eden space 119552K, 100% used [0x3bcc0000,0x43180000,0x43180000)
  from space 12800K, 83% used [0x43180000,0x43be9de0,0x43e00000)
  to   space 14080K, 0% used [0x45900000,0x45900000,0x466c0000)
 ParOldGen       total 38912K, used 30523K [0x11200000, 0x13800000, 0x3bcc0000)
  object space 38912K, 78% used [0x11200000,0x12fcee70,0x13800000)
 Metaspace       used 42930K, capacity 44070K, committed 44160K, reserved 44416K
Event: 60.467 GC heap after
Heap after GC invocations=20 (full 2):
 PSYoungGen      total 153600K, used 14078K [0x3bcc0000, 0x476c0000, 0x51200000)
  eden space 139520K, 0% used [0x3bcc0000,0x3bcc0000,0x44500000)
  from space 14080K, 99% used [0x45900000,0x466bf8d8,0x466c0000)
  to   space 20480K, 0% used [0x44500000,0x44500000,0x45900000)
 ParOldGen       total 41728K, used 41704K [0x11200000, 0x13ac0000, 0x3bcc0000)
  object space 41728K, 99% used [0x11200000,0x13aba3f0,0x13ac0000)
 Metaspace       used 42930K, capacity 44070K, committed 44160K, reserved 44416K
}
Event: 60.471 GC heap before
{Heap before GC invocations=21 (full 3):
 PSYoungGen      total 153600K, used 14078K [0x3bcc0000, 0x476c0000, 0x51200000)
  eden space 139520K, 0% used [0x3bcc0000,0x3bcc0000,0x44500000)
  from space 14080K, 99% used [0x45900000,0x466bf8d8,0x466c0000)
  to   space 20480K, 0% used [0x44500000,0x44500000,0x45900000)
 ParOldGen       total 41728K, used 41704K [0x11200000, 0x13ac0000, 0x3bcc0000)
  object space 41728K, 99% used [0x11200000,0x13aba3f0,0x13ac0000)
 Metaspace       used 42930K, capacity 44070K, committed 44160K, reserved 44416K
Event: 61.376 GC heap after
Heap after GC invocations=21 (full 3):
 PSYoungGen      total 153600K, used 5903K [0x3bcc0000, 0x476c0000, 0x51200000)
  eden space 139520K, 0% used [0x3bcc0000,0x3bcc0000,0x44500000)
  from space 14080K, 41% used [0x45900000,0x45ec3ce0,0x466c0000)
  to   space 20480K, 0% used [0x44500000,0x44500000,0x45900000)
 ParOldGen       total 72704K, used 41646K [0x11200000, 0x15900000, 0x3bcc0000)
  object space 72704K, 57% used [0x11200000,0x13aab988,0x15900000)
 Metaspace       used 42892K, capacity 43983K, committed 44160K, reserved 44416K
}

Deoptimization events (10 events):
Event: 66.981 Thread 0x5754d000 Uncommon trap: reason=bimorphic action=maybe_recompile pc=0x032d2cac method=com.android.tools.r8.m.a.a.b.A0.a(Ljava/util/Collection;)Lcom/android/tools/r8/m/a/a/b/A0; @ 47
Event: 66.981 Thread 0x5754d000 Uncommon trap: reason=bimorphic action=maybe_recompile pc=0x032d2cac method=com.android.tools.r8.m.a.a.b.A0.a(Ljava/util/Collection;)Lcom/android/tools/r8/m/a/a/b/A0; @ 47
Event: 66.981 Thread 0x5754d000 Uncommon trap: reason=bimorphic action=maybe_recompile pc=0x032d2cac method=com.android.tools.r8.m.a.a.b.A0.a(Ljava/util/Collection;)Lcom/android/tools/r8/m/a/a/b/A0; @ 47
Event: 66.982 Thread 0x5754d000 Uncommon trap: reason=class_check action=maybe_recompile pc=0x032eff44 method=com.android.tools.r8.m.a.a.b.p2.contains(Ljava/lang/Object;)Z @ 42
Event: 67.338 Thread 0x54aeb400 Uncommon trap: reason=class_check action=maybe_recompile pc=0x032a9780 method=com.android.tools.r8.ir.conversion.U.a(Lcom/android/tools/r8/ir/conversion/T;)Z @ 4
Event: 67.569 Thread 0x54aeb400 Uncommon trap: reason=class_check action=maybe_recompile pc=0x0329cb70 method=com.android.tools.r8.ir.analysis.g.e.b(Lcom/android/tools/r8/ir/code/Instruction;)V @ 223
Event: 67.569 Thread 0x54aeb400 Uncommon trap: reason=class_check action=maybe_recompile pc=0x0329cb70 method=com.android.tools.r8.ir.analysis.g.e.b(Lcom/android/tools/r8/ir/code/Instruction;)V @ 223
Event: 67.569 Thread 0x54aeb400 Uncommon trap: reason=class_check action=maybe_recompile pc=0x0329cb70 method=com.android.tools.r8.ir.analysis.g.e.b(Lcom/android/tools/r8/ir/code/Instruction;)V @ 223
Event: 67.569 Thread 0x54aeb400 Uncommon trap: reason=class_check action=maybe_recompile pc=0x0329cb70 method=com.android.tools.r8.ir.analysis.g.e.b(Lcom/android/tools/r8/ir/code/Instruction;)V @ 223
Event: 67.628 Thread 0x57549400 Uncommon trap: reason=bimorphic action=maybe_recompile pc=0x0345dd44 method=java.util.stream.MatchOps$1MatchSink.accept(Ljava/lang/Object;)V @ 12

Classes redefined (0 events):
No events

Internal exceptions (10 events):
Event: 58.294 Thread 0x5754d000 Exception <a 'sun/nio/fs/WindowsException'> (0x40468c28) thrown at [D:\src\AOSP-openjdk-cygwin\jdk8u\hotspot\src\share\vm\prims\jni.cpp, line 710]
Event: 58.700 Thread 0x57549400 Exception <a 'sun/nio/fs/WindowsException'> (0x410b5990) thrown at [D:\src\AOSP-openjdk-cygwin\jdk8u\hotspot\src\share\vm\prims\jni.cpp, line 710]
Event: 58.772 Thread 0x5754d000 Exception <a 'java/lang/NoSuchMethodError': java.lang.Object.lambda$identity$2(Ljava/lang/Object;)Ljava/lang/Object;> (0x411ee4e8) thrown at [D:\src\AOSP-openjdk-cygwin\jdk8u\hotspot\src\share\vm\interpreter\linkResolver.cpp, line 620]
Event: 58.773 Thread 0x57549400 Exception <a 'java/lang/NoSuchMethodError': java.lang.Object.lambda$identity$2(Ljava/lang/Object;)Ljava/lang/Object;> (0x411408f0) thrown at [D:\src\AOSP-openjdk-cygwin\jdk8u\hotspot\src\share\vm\interpreter\linkResolver.cpp, line 620]
Event: 58.971 Thread 0x54aeb400 Exception <a 'sun/nio/fs/WindowsException'> (0x4158fc08) thrown at [D:\src\AOSP-openjdk-cygwin\jdk8u\hotspot\src\share\vm\prims\jni.cpp, line 710]
Event: 62.729 Thread 0x57549400 Exception <a 'java/lang/NoSuchMethodError': java.lang.Object.lambda$maxBy$1(Ljava/util/Comparator;Ljava/lang/Object;Ljava/lang/Object;)Ljava/lang/Object;> (0x3d052760) thrown at [D:\src\AOSP-openjdk-cygwin\jdk8u\hotspot\src\share\vm\interpreter\linkResolv
Event: 62.731 Thread 0x5754d000 Exception <a 'java/lang/NoSuchMethodError': java.lang.Object.lambda$maxBy$1(Ljava/util/Comparator;Ljava/lang/Object;Ljava/lang/Object;)Ljava/lang/Object;> (0x3d0f6000) thrown at [D:\src\AOSP-openjdk-cygwin\jdk8u\hotspot\src\share\vm\interpreter\linkResolv
Event: 62.729 Thread 0x54aeb400 Exception <a 'java/lang/NoSuchMethodError': java.lang.Object.lambda$maxBy$1(Ljava/util/Comparator;Ljava/lang/Object;Ljava/lang/Object;)Ljava/lang/Object;> (0x3c9b9210) thrown at [D:\src\AOSP-openjdk-cygwin\jdk8u\hotspot\src\share\vm\interpreter\linkResolv
Event: 63.766 Thread 0x54aeb400 Implicit null exception at 0x023ef950 to 0x023ef9bd
Event: 66.513 Thread 0x5754f800 Implicit null exception at 0x02e009da to 0x02e009e8

Events (10 events):
Event: 67.819 loading class com/android/tools/r8/n/a/a/a/h/N$c
Event: 67.819 loading class com/android/tools/r8/n/a/a/a/h/N$c done
Event: 67.821 loading class com/android/tools/r8/n/a/a/a/h/N$b
Event: 67.821 loading class com/android/tools/r8/n/a/a/a/h/N$b done
Event: 67.822 loading class com/android/tools/r8/n/a/a/a/h/N$f
Event: 67.822 loading class com/android/tools/r8/n/a/a/a/h/N$f done
Event: 67.827 Executing VM operation: ForceSafepoint
Event: 67.829 Executing VM operation: ForceSafepoint done
Event: 67.980 Executing VM operation: CollectForMetadataAllocation
Event: 67.981 Executing VM operation: CollectForMetadataAllocation done


Dynamic libraries:
0x00f60000 - 0x00f8d000 	D:\android-studio-ide-191.5977832-windows32\android-studio\jre\bin\java.exe
0x77280000 - 0x77419000 	C:\WINDOWS\SYSTEM32\ntdll.dll
0x76620000 - 0x766b8000 	C:\WINDOWS\System32\KERNEL32.DLL
0x74c40000 - 0x74e3a000 	C:\WINDOWS\System32\KERNELBASE.dll
0x72f90000 - 0x7302f000 	C:\WINDOWS\SYSTEM32\apphelp.dll
0x760c0000 - 0x76139000 	C:\WINDOWS\System32\ADVAPI32.dll
0x76d80000 - 0x76e3f000 	C:\WINDOWS\System32\msvcrt.dll
0x771a0000 - 0x77216000 	C:\WINDOWS\System32\sechost.dll
0x766c0000 - 0x76781000 	C:\WINDOWS\System32\RPCRT4.dll
0x761a0000 - 0x76318000 	C:\WINDOWS\System32\USER32.dll
0x757c0000 - 0x757dc000 	C:\WINDOWS\System32\win32u.dll
0x76d50000 - 0x76d71000 	C:\WINDOWS\System32\GDI32.dll
0x74e40000 - 0x74f9d000 	C:\WINDOWS\System32\gdi32full.dll
0x750c0000 - 0x7513c000 	C:\WINDOWS\System32\msvcp_win.dll
0x74fa0000 - 0x750bf000 	C:\WINDOWS\System32\ucrtbase.dll
0x688b0000 - 0x68abf000 	C:\WINDOWS\WinSxS\x86_microsoft.windows.common-controls_6595b64144ccf1df_6.0.18362.592_none_2e6de868278ee708\COMCTL32.dll
0x763a0000 - 0x76616000 	C:\WINDOWS\System32\combase.dll
0x74bc0000 - 0x74c1f000 	C:\WINDOWS\System32\bcryptPrimitives.dll
0x759c0000 - 0x759e6000 	C:\WINDOWS\System32\IMM32.DLL
0x6a7a0000 - 0x6a85f000 	D:\android-studio-ide-191.5977832-windows32\android-studio\jre\jre\bin\msvcr100.dll
0x7c2a0000 - 0x7c889000 	D:\android-studio-ide-191.5977832-windows32\android-studio\jre\jre\bin\server\jvm.dll
0x76e40000 - 0x76e46000 	C:\WINDOWS\System32\PSAPI.DLL
0x61c80000 - 0x61c88000 	C:\WINDOWS\SYSTEM32\WSOCK32.dll
0x72970000 - 0x72994000 	C:\WINDOWS\SYSTEM32\WINMM.dll
0x76340000 - 0x7639e000 	C:\WINDOWS\System32\WS2_32.dll
0x69e80000 - 0x69e88000 	C:\WINDOWS\SYSTEM32\VERSION.dll
0x727b0000 - 0x727d3000 	C:\WINDOWS\SYSTEM32\winmmbase.dll
0x757e0000 - 0x7581b000 	C:\WINDOWS\System32\cfgmgr32.dll
0x719e0000 - 0x719ec000 	D:\android-studio-ide-191.5977832-windows32\android-studio\jre\jre\bin\verify.dll
0x6a920000 - 0x6a941000 	D:\android-studio-ide-191.5977832-windows32\android-studio\jre\jre\bin\java.dll
0x6d660000 - 0x6d674000 	D:\android-studio-ide-191.5977832-windows32\android-studio\jre\jre\bin\zip.dll
0x75b30000 - 0x760aa000 	C:\WINDOWS\System32\SHELL32.dll
0x76f50000 - 0x76fd4000 	C:\WINDOWS\System32\shcore.dll
0x751f0000 - 0x757b5000 	C:\WINDOWS\System32\windows.storage.dll
0x74af0000 - 0x74b07000 	C:\WINDOWS\System32\profapi.dll
0x74b10000 - 0x74b53000 	C:\WINDOWS\System32\powrprof.dll
0x74ad0000 - 0x74add000 	C:\WINDOWS\System32\UMPDC.dll
0x75a50000 - 0x75a94000 	C:\WINDOWS\System32\shlwapi.dll
0x74ae0000 - 0x74aef000 	C:\WINDOWS\System32\kernel.appcore.dll
0x75140000 - 0x75153000 	C:\WINDOWS\System32\cryptsp.dll
0x6d450000 - 0x6d465000 	D:\android-studio-ide-191.5977832-windows32\android-studio\jre\jre\bin\net.dll
0x74430000 - 0x74487000 	C:\WINDOWS\system32\mswsock.dll
0x708b0000 - 0x708bf000 	D:\android-studio-ide-191.5977832-windows32\android-studio\jre\jre\bin\nio.dll
0x70890000 - 0x708b0000 	C:\Users\melih\.gradle\native\29\windows-i386\native-platform.dll
0x6d9a0000 - 0x6d9aa000 	D:\android-studio-ide-191.5977832-windows32\android-studio\jre\jre\bin\management.dll
0x74060000 - 0x7408f000 	C:\WINDOWS\system32\rsaenh.dll
0x74c20000 - 0x74c3b000 	C:\WINDOWS\System32\bcrypt.dll
0x74a20000 - 0x74a3e000 	C:\WINDOWS\SYSTEM32\USERENV.dll
0x745b0000 - 0x745ba000 	C:\WINDOWS\SYSTEM32\CRYPTBASE.dll
0x741c0000 - 0x741f2000 	C:\WINDOWS\SYSTEM32\IPHLPAPI.DLL
0x75aa0000 - 0x75aa7000 	C:\WINDOWS\System32\NSI.dll
0x6d600000 - 0x6d613000 	C:\WINDOWS\SYSTEM32\dhcpcsvc6.DLL
0x6d7e0000 - 0x6d7f5000 	C:\WINDOWS\SYSTEM32\dhcpcsvc.DLL
0x74200000 - 0x74291000 	C:\WINDOWS\SYSTEM32\DNSAPI.dll
0x68af0000 - 0x68c7f000 	C:\WINDOWS\SYSTEM32\dbghelp.dll

VM Arguments:
jvm_args: -Xmx1024m -Dfile.encoding=windows-1254 -Duser.country=TR -Duser.language=tr -Duser.variant 
java_command: org.gradle.launcher.daemon.bootstrap.GradleDaemon 5.4.1
java_class_path (initial): C:\Users\melih\.gradle\wrapper\dists\gradle-5.4.1-all\3221gyojl5jsh0helicew7rwx\gradle-5.4.1\lib\gradle-launcher-5.4.1.jar
Launcher Type: SUN_STANDARD

Environment Variables:
PATH=C:\Program Files\Common Files\Oracle\Java\javapath;C:\WINDOWS\system32;C:\WINDOWS;C:\WINDOWS\System32\Wbem;C:\WINDOWS\System32\WindowsPowerShell\v1.0\;C:\WINDOWS\System32\OpenSSH\;C:\Program Files\Calibre2\;C:\Users\melih\AppData\Local\Microsoft\WindowsApps;
USERNAME=melih
OS=Windows_NT
PROCESSOR_IDENTIFIER=x86 Family 6 Model 55 Stepping 8, GenuineIntel



---------------  S Y S T E M  ---------------

OS: Windows 10.0 Build 18362 (10.0.18362.329)

CPU:total 4 (initial active 4) (4 cores per cpu, 1 threads per core) family 6 model 55 stepping 8, cmov, cx8, fxsr, mmx, sse, sse2, sse3, ssse3, sse4.1, sse4.2, popcnt, aes, clmul, erms, 3dnowpref, tsc, tscinvbit

Memory: 4k page, physical 2034352k(69032k free), swap 3205808k(2068k free)

vm_info: OpenJDK Server VM (25.202-b03) for windows-x86 JRE (1.8.0_202-release-1483-b03), built by "builder" with MS VC++ 10.0 (VS2010)

time: Thu Jan 30 15:12:00 2020
timezone: Türkiye Standart Saati
elapsed time: 68 seconds (0d 0h 1m 8s)

