#
# There is insufficient memory for the Java Runtime Environment to continue.
# Native memory allocation (malloc) failed to allocate 32756 bytes for ChunkPool::allocate
# Possible reasons:
#   The system is out of physical RAM or swap space
#   In 32 bit mode, the process size limit was hit
# Possible solutions:
#   Reduce memory load on the system
#   Increase physical memory or swap space
#   Check if swap backing store is full
#   Use 64 bit Java on a 64 bit OS
#   Decrease Java heap size (-Xmx/-Xms)
#   Decrease number of Java threads
#   Decrease Java thread stack sizes (-Xss)
#   Set larger code cache with -XX:ReservedCodeCacheSize=
# This output file may be truncated or incomplete.
#
#  Out of Memory Error (allocation.cpp:272), pid=4940, tid=0x00000b54
#
# JRE version: OpenJDK Runtime Environment (8.0_202-b03) (build 1.8.0_202-release-1483-b03)
# Java VM: OpenJDK Server VM (25.202-b03 mixed mode windows-x86 )
# Failed to write core dump. Minidumps are not enabled by default on client versions of Windows
#

---------------  T H R E A D  ---------------

Current thread (0x53d6b000):  JavaThread "C1 CompilerThread2" daemon [_thread_in_native, id=2900, stack(0x53fb0000,0x54000000)]

Stack: [0x53fb0000,0x54000000],  sp=0x53ffeefc,  free space=315k
Native frames: (J=compiled Java code, j=interpreted, Vv=VM code, C=native code)
V  [jvm.dll+0x1a658b]
V  [jvm.dll+0x19ea98]
V  [jvm.dll+0x7d6f1]
V  [jvm.dll+0x7d8cd]
V  [jvm.dll+0x7ddb7]
V  [jvm.dll+0x952a4]
V  [jvm.dll+0x19d959]
V  [jvm.dll+0x19da78]
V  [jvm.dll+0x2c4d98]
V  [jvm.dll+0x2c917f]
V  [jvm.dll+0x2ad909]
V  [jvm.dll+0x2ad9da]
V  [jvm.dll+0x2adb48]
V  [jvm.dll+0x2add32]
V  [jvm.dll+0x60e17]
V  [jvm.dll+0x615bf]
V  [jvm.dll+0x1777f0]
V  [jvm.dll+0x17802b]
V  [jvm.dll+0x1b8b16]
C  [msvcr100.dll+0x5c556]
C  [msvcr100.dll+0x5c600]
C  [KERNEL32.DLL+0x22369]
C  [ntdll.dll+0x5e5bb]
C  [ntdll.dll+0x5e58f]
C  0x00000000


Current CompileTask:
C1:  98253 11939       2       com.android.tools.r8.t.a.a.f::a (4166 bytes)


---------------  P R O C E S S  ---------------

Java Threads: ( => current thread )
  0x54f11000 JavaThread "ForkJoinPool.commonPool-worker-3" daemon [_thread_blocked, id=2372, stack(0x5ccd0000,0x5cd20000)]
  0x5a10b800 JavaThread "ForkJoinPool.commonPool-worker-1" daemon [_thread_blocked, id=6996, stack(0x5c960000,0x5c9b0000)]
  0x5a10ac00 JavaThread "stdout" [_thread_in_native, id=5900, stack(0x5c910000,0x5c960000)]
  0x5a10a400 JavaThread "stderr" [_thread_in_native, id=7340, stack(0x5c8c0000,0x5c910000)]
  0x5a10a000 JavaThread "stdout" [_thread_in_native, id=1484, stack(0x5c870000,0x5c8c0000)]
  0x5a10b400 JavaThread "stderr" [_thread_in_native, id=412, stack(0x5c820000,0x5c870000)]
  0x5a108800 JavaThread "stdout" [_thread_in_native, id=3368, stack(0x5ca30000,0x5ca80000)]
  0x5a108000 JavaThread "stderr" [_thread_in_native, id=2868, stack(0x5c9e0000,0x5ca30000)]
  0x5a10c400 JavaThread "stdout" [_thread_in_native, id=7648, stack(0x5c790000,0x5c7e0000)]
  0x5a109800 JavaThread "stderr" [_thread_in_native, id=7240, stack(0x5c6e0000,0x5c730000)]
  0x5a10e000 JavaThread "pool-2-thread-1" [_thread_blocked, id=7616, stack(0x56770000,0x567c0000)]
  0x5a10d000 JavaThread "MarlinRenderer Disposer" daemon [_thread_blocked, id=3932, stack(0x5c690000,0x5c6e0000)]
  0x5a10cc00 JavaThread "Java2D Disposer" daemon [_thread_blocked, id=3608, stack(0x5c740000,0x5c790000)]
  0x5a10c000 JavaThread "WorkerExecutor Queue Thread 4" [_thread_blocked, id=3364, stack(0x5c0d0000,0x5c120000)]
  0x5a107800 JavaThread "WorkerExecutor Queue Thread 3" [_thread_blocked, id=7876, stack(0x5c080000,0x5c0d0000)]
  0x5a109400 JavaThread "WorkerExecutor Queue Thread 2" [_thread_blocked, id=2408, stack(0x006d0000,0x00720000)]
  0x5a106c00 JavaThread "WorkerExecutor Queue" [_thread_blocked, id=2488, stack(0x5bdc0000,0x5be10000)]
  0x5a10d800 JavaThread "Cache worker for execution history cache (C:\Users\melih\AndroidStudioProjects\PureToneTools\.gradle\5.4.1\executionHistory)" [_thread_blocked, id=6184, stack(0x5bb60000,0x5bbb0000)]
  0x5a108c00 JavaThread "Execution worker for ':' Thread 3" [_thread_in_native, id=4900, stack(0x5bd70000,0x5bdc0000)]
  0x57f8b000 JavaThread "Execution worker for ':' Thread 2" [_thread_blocked, id=1492, stack(0x5bd20000,0x5bd70000)]
  0x57f8a400 JavaThread "Execution worker for ':'" [_thread_in_Java, id=228, stack(0x5bcd0000,0x5bd20000)]
  0x57f89c00 JavaThread "Cache worker for file content cache (C:\Users\melih\AndroidStudioProjects\PureToneTools\.gradle\5.4.1\fileContent)" [_thread_blocked, id=5100, stack(0x5aa10000,0x5aa60000)]
  0x57f8b400 JavaThread "Cache worker for file content cache (C:\Users\melih\.gradle\caches\5.4.1\fileContent)" [_thread_blocked, id=996, stack(0x5a9c0000,0x5aa10000)]
  0x57f8d400 JavaThread "Memory manager" [_thread_blocked, id=7256, stack(0x59860000,0x598b0000)]
  0x57f8c800 JavaThread "Cache worker for Build Output Cleanup Cache (C:\Users\melih\AndroidStudioProjects\PureToneTools\.gradle\buildOutputCleanup)" [_thread_blocked, id=2200, stack(0x59810000,0x59860000)]
  0x57f8bc00 JavaThread "Build operations Thread 4" [_thread_blocked, id=3336, stack(0x5ab70000,0x5abc0000)]
  0x57f8a800 JavaThread "Build operations Thread 3" [_thread_blocked, id=1748, stack(0x5ab20000,0x5ab70000)]
  0x57f8c000 JavaThread "Build operations Thread 2" [_thread_blocked, id=7604, stack(0x5aad0000,0x5ab20000)]
  0x5467e000 JavaThread "Build operations" [_thread_blocked, id=2556, stack(0x5aa80000,0x5aad0000)]
  0x5467cc00 JavaThread "Cache worker for execution history cache (C:\Users\melih\.gradle\caches\5.4.1\executionHistory)" [_thread_blocked, id=6936, stack(0x595c0000,0x59610000)]
  0x5467c800 JavaThread "Cache worker for cache directory md-rule (C:\Users\melih\.gradle\caches\5.4.1\md-rule)" [_thread_blocked, id=7228, stack(0x59260000,0x592b0000)]
  0x5467f800 JavaThread "Cache worker for cache directory md-supplier (C:\Users\melih\.gradle\caches\5.4.1\md-supplier)" [_thread_blocked, id=2880, stack(0x57cd0000,0x57d20000)]
  0x5467e400 JavaThread "Cache worker for file hash cache (C:\Users\melih\AndroidStudioProjects\PureToneTools\.gradle\5.4.1\fileHashes)" [_thread_blocked, id=7100, stack(0x58e10000,0x58e60000)]
  0x54680000 JavaThread "Cache worker for journal cache (C:\Users\melih\.gradle\caches\journal-1)" [_thread_blocked, id=2336, stack(0x569b0000,0x56a00000)]
  0x5467f400 JavaThread "File lock request listener" [_thread_in_native, id=2392, stack(0x56960000,0x569b0000)]
  0x5467d800 JavaThread "Cache worker for file hash cache (C:\Users\melih\.gradle\caches\5.4.1\fileHashes)" [_thread_blocked, id=6924, stack(0x56910000,0x56960000)]
  0x54aec400 JavaThread "Thread-9" [_thread_blocked, id=8076, stack(0x567c0000,0x56810000)]
  0x54aeb800 JavaThread "Asynchronous log dispatcher for DefaultDaemonConnection: socket connection from /127.0.0.1:51507 to /127.0.0.1:51508" [_thread_blocked, id=6880, stack(0x56720000,0x56770000)]
  0x53d45000 JavaThread "Daemon worker" [_thread_blocked, id=1664, stack(0x566d0000,0x56720000)]
  0x540c0c00 JavaThread "Cancel handler" [_thread_blocked, id=1532, stack(0x56680000,0x566d0000)]
  0x54297000 JavaThread "Handler for socket connection from /127.0.0.1:51507 to /127.0.0.1:51508" [_thread_in_native, id=6496, stack(0x56630000,0x56680000)]
  0x5418f000 JavaThread "Daemon" [_thread_blocked, id=3952, stack(0x565e0000,0x56630000)]
  0x55464800 JavaThread "Daemon periodic checks" [_thread_blocked, id=2808, stack(0x56490000,0x564e0000)]
  0x53d42000 JavaThread "Incoming local TCP Connector on port 51507" [_thread_in_native, id=4932, stack(0x56300000,0x56350000)]
  0x55330400 JavaThread "Daemon health stats" [_thread_blocked, id=5104, stack(0x55e70000,0x55ec0000)]
  0x53d78c00 JavaThread "Service Thread" daemon [_thread_blocked, id=6696, stack(0x54000000,0x54050000)]
=>0x53d6b000 JavaThread "C1 CompilerThread2" daemon [_thread_in_native, id=2900, stack(0x53fb0000,0x54000000)]
  0x53d20800 JavaThread "C2 CompilerThread1" daemon [_thread_in_native, id=6208, stack(0x53f60000,0x53fb0000)]
  0x53d28800 JavaThread "C2 CompilerThread0" daemon [_thread_in_native, id=4228, stack(0x53f10000,0x53f60000)]
  0x53d26c00 JavaThread "Attach Listener" daemon [_thread_blocked, id=6084, stack(0x53ec0000,0x53f10000)]
  0x53d25c00 JavaThread "Signal Dispatcher" daemon [_thread_blocked, id=4368, stack(0x10fb0000,0x11000000)]
  0x53d07c00 JavaThread "Finalizer" daemon [_thread_blocked, id=2320, stack(0x10f60000,0x10fb0000)]
  0x53d02000 JavaThread "Reference Handler" daemon [_thread_blocked, id=5216, stack(0x00ed0000,0x00f20000)]
  0x00d2c400 JavaThread "main" [_thread_blocked, id=6812, stack(0x00b50000,0x00ba0000)]

Other Threads:
  0x53cec800 VMThread [stack: 0x00e80000,0x00ed0000] [id=2384]
  0x53d7a400 WatcherThread [stack: 0x54050000,0x540a0000] [id=7404]

VM state:not at safepoint (normal execution)

VM Mutex/Monitor currently owned by a thread: None

Heap:
 PSYoungGen      total 143872K, used 95117K [0x3bac0000, 0x47100000, 0x51000000)
  eden space 126208K, 68% used [0x3bac0000,0x40ef8070,0x43600000)
  from space 17664K, 50% used [0x43600000,0x43eab550,0x44740000)
  to   space 17152K, 0% used [0x46040000,0x46040000,0x47100000)
 ParOldGen       total 59392K, used 49309K [0x11000000, 0x14a00000, 0x3bac0000)
  object space 59392K, 83% used [0x11000000,0x140277a8,0x14a00000)
 Metaspace       used 51965K, capacity 53398K, committed 53504K, reserved 53632K

Card table byte_map: [0x51000000,0x51210000] byte_map_base: 0x50f78000

Marking Bits: (ParMarkBitMap*) 0x7c818620
 Begin Bits: [0x51370000, 0x52370000)
 End Bits:   [0x52370000, 0x53370000)

Polling page: 0x007a0000

CodeCache: size=245760Kb used=28860Kb max_used=28860Kb free=216899Kb
 bounds [0x01ba0000, 0x037e0000, 0x10ba0000]
 total_blobs=10874 nmethods=10349 adapters=438
 compilation: enabled

Compilation events (10 events):
Event: 98.103 Thread 0x53d6b000 nmethod 11934 0x037dd1c8 code [0x037dd2e0, 0x037dd3ec]
Event: 98.103 Thread 0x53d6b000 11935       2       com.android.tools.r8.code.Format12x::hashCode (20 bytes)
Event: 98.104 Thread 0x53d6b000 nmethod 11935 0x037dd488 code [0x037dd5a0, 0x037dd6ac]
Event: 98.104 Thread 0x53d6b000 11936       2       com.android.tools.r8.code.Format22t::hashCode (28 bytes)
Event: 98.104 Thread 0x53d6b000 nmethod 11936 0x037dd748 code [0x037dd860, 0x037dd96c]
Event: 98.104 Thread 0x53d6b000 11937       2       com.android.tools.r8.ir.conversion.V::a (100 bytes)
Event: 98.105 Thread 0x53d6b000 nmethod 11937 0x037dda08 code [0x037ddb40, 0x037ddc84]
Event: 98.106 Thread 0x53d6b000 11938       2       com.android.tools.r8.ir.optimize.CodeRewriter$$Lambda$460/11969397::test (8 bytes)
Event: 98.107 Thread 0x53d6b000 nmethod 11938 0x037dde08 code [0x037ddf20, 0x037de02c]
Event: 98.113 Thread 0x53d6b000 11939       2       com.android.tools.r8.t.a.a.f::a (4166 bytes)

GC Heap History (10 events):
Event: 45.259 GC heap before
{Heap before GC invocations=22 (full 2):
 PSYoungGen      total 99584K, used 99578K [0x3bac0000, 0x44080000, 0x51000000)
  eden space 91136K, 100% used [0x3bac0000,0x413c0000,0x413c0000)
  from space 8448K, 99% used [0x413c0000,0x41bfe9b8,0x41c00000)
  to   space 12288K, 0% used [0x43480000,0x43480000,0x44080000)
 ParOldGen       total 36352K, used 26795K [0x11000000, 0x13380000, 0x3bac0000)
  object space 36352K, 73% used [0x11000000,0x12a2ad50,0x13380000)
 Metaspace       used 39997K, capacity 41014K, committed 41088K, reserved 41344K
Event: 45.448 GC heap after
Heap after GC invocations=22 (full 2):
 PSYoungGen      total 123904K, used 8900K [0x3bac0000, 0x441c0000, 0x51000000)
  eden space 111616K, 0% used [0x3bac0000,0x3bac0000,0x427c0000)
  from space 12288K, 72% used [0x43480000,0x43d31018,0x44080000)
  to   space 13056K, 0% used [0x427c0000,0x427c0000,0x43480000)
 ParOldGen       total 36352K, used 30873K [0x11000000, 0x13380000, 0x3bac0000)
  object space 36352K, 84% used [0x11000000,0x12e26750,0x13380000)
 Metaspace       used 39997K, capacity 41014K, committed 41088K, reserved 41344K
}
Event: 45.450 GC heap before
{Heap before GC invocations=23 (full 3):
 PSYoungGen      total 123904K, used 8900K [0x3bac0000, 0x441c0000, 0x51000000)
  eden space 111616K, 0% used [0x3bac0000,0x3bac0000,0x427c0000)
  from space 12288K, 72% used [0x43480000,0x43d31018,0x44080000)
  to   space 13056K, 0% used [0x427c0000,0x427c0000,0x43480000)
 ParOldGen       total 36352K, used 30873K [0x11000000, 0x13380000, 0x3bac0000)
  object space 36352K, 84% used [0x11000000,0x12e26750,0x13380000)
 Metaspace       used 39997K, capacity 41014K, committed 41088K, reserved 41344K
Event: 46.174 GC heap after
Heap after GC invocations=23 (full 3):
 PSYoungGen      total 123904K, used 0K [0x3bac0000, 0x441c0000, 0x51000000)
  eden space 111616K, 0% used [0x3bac0000,0x3bac0000,0x427c0000)
  from space 12288K, 0% used [0x43480000,0x43480000,0x44080000)
  to   space 13056K, 0% used [0x427c0000,0x427c0000,0x43480000)
 ParOldGen       total 59392K, used 31495K [0x11000000, 0x14a00000, 0x3bac0000)
  object space 59392K, 53% used [0x11000000,0x12ec1c48,0x14a00000)
 Metaspace       used 39966K, capacity 40949K, committed 41088K, reserved 41344K
}
Event: 53.426 GC heap before
{Heap before GC invocations=24 (full 3):
 PSYoungGen      total 123904K, used 111616K [0x3bac0000, 0x441c0000, 0x51000000)
  eden space 111616K, 100% used [0x3bac0000,0x427c0000,0x427c0000)
  from space 12288K, 0% used [0x43480000,0x43480000,0x44080000)
  to   space 13056K, 0% used [0x427c0000,0x427c0000,0x43480000)
 ParOldGen       total 59392K, used 31501K [0x11000000, 0x14a00000, 0x3bac0000)
  object space 59392K, 53% used [0x11000000,0x12ec3628,0x14a00000)
 Metaspace       used 42176K, capacity 43226K, committed 43264K, reserved 43392K
Event: 53.480 GC heap after
Heap after GC invocations=24 (full 3):
 PSYoungGen      total 124672K, used 7404K [0x3bac0000, 0x45400000, 0x51000000)
  eden space 111616K, 0% used [0x3bac0000,0x3bac0000,0x427c0000)
  from space 13056K, 56% used [0x427c0000,0x42efb1e8,0x43480000)
  to   space 13056K, 0% used [0x44740000,0x44740000,0x45400000)
 ParOldGen       total 59392K, used 31505K [0x11000000, 0x14a00000, 0x3bac0000)
  object space 59392K, 53% used [0x11000000,0x12ec4628,0x14a00000)
 Metaspace       used 42176K, capacity 43226K, committed 43264K, reserved 43392K
}
Event: 65.757 GC heap before
{Heap before GC invocations=25 (full 3):
 PSYoungGen      total 124672K, used 119020K [0x3bac0000, 0x45400000, 0x51000000)
  eden space 111616K, 100% used [0x3bac0000,0x427c0000,0x427c0000)
  from space 13056K, 56% used [0x427c0000,0x42efb1e8,0x43480000)
  to   space 13056K, 0% used [0x44740000,0x44740000,0x45400000)
 ParOldGen       total 59392K, used 31505K [0x11000000, 0x14a00000, 0x3bac0000)
  object space 59392K, 53% used [0x11000000,0x12ec4628,0x14a00000)
 Metaspace       used 45889K, capacity 46998K, committed 47104K, reserved 47488K
Event: 66.293 GC heap after
Heap after GC invocations=25 (full 3):
 PSYoungGen      total 139264K, used 13040K [0x3bac0000, 0x46040000, 0x51000000)
  eden space 126208K, 0% used [0x3bac0000,0x3bac0000,0x43600000)
  from space 13056K, 99% used [0x44740000,0x453fc038,0x45400000)
  to   space 17664K, 0% used [0x43600000,0x43600000,0x44740000)
 ParOldGen       total 59392K, used 38402K [0x11000000, 0x14a00000, 0x3bac0000)
  object space 59392K, 64% used [0x11000000,0x13580958,0x14a00000)
 Metaspace       used 45889K, capacity 46998K, committed 47104K, reserved 47488K
}
Event: 91.626 GC heap before
{Heap before GC invocations=26 (full 3):
 PSYoungGen      total 139264K, used 139248K [0x3bac0000, 0x46040000, 0x51000000)
  eden space 126208K, 100% used [0x3bac0000,0x43600000,0x43600000)
  from space 13056K, 99% used [0x44740000,0x453fc038,0x45400000)
  to   space 17664K, 0% used [0x43600000,0x43600000,0x44740000)
 ParOldGen       total 59392K, used 38402K [0x11000000, 0x14a00000, 0x3bac0000)
  object space 59392K, 64% used [0x11000000,0x13580958,0x14a00000)
 Metaspace       used 49603K, capacity 50860K, committed 50944K, reserved 51584K
Event: 92.395 GC heap after
Heap after GC invocations=26 (full 3):
 PSYoungGen      total 143872K, used 8877K [0x3bac0000, 0x47100000, 0x51000000)
  eden space 126208K, 0% used [0x3bac0000,0x3bac0000,0x43600000)
  from space 17664K, 50% used [0x43600000,0x43eab550,0x44740000)
  to   space 17152K, 0% used [0x46040000,0x46040000,0x47100000)
 ParOldGen       total 59392K, used 49309K [0x11000000, 0x14a00000, 0x3bac0000)
  object space 59392K, 83% used [0x11000000,0x140277a8,0x14a00000)
 Metaspace       used 49603K, capacity 50860K, committed 50944K, reserved 51584K
}

Deoptimization events (10 events):
Event: 97.024 Thread 0x57f8a400 Uncommon trap: reason=unstable_if action=reinterpret pc=0x0361713c method=com.android.tools.r8.m.a.a.b.A0.b(I[Ljava/lang/Object;)Lcom/android/tools/r8/m/a/a/b/A0; @ 174
Event: 97.074 Thread 0x57f8a400 Uncommon trap: reason=unstable_if action=reinterpret pc=0x0352f41c method=com.android.tools.r8.n.a.a.a.g.B0.a(ILjava/lang/Object;)Ljava/lang/Object; @ 8
Event: 97.604 Thread 0x57f8a400 Uncommon trap: reason=unstable_if action=reinterpret pc=0x034b3374 method=com.android.tools.r8.ir.regalloc.a.a(ILcom/android/tools/r8/ir/regalloc/a$a;)Z @ 84
Event: 97.634 Thread 0x57f8a400 Uncommon trap: reason=unstable_if action=reinterpret pc=0x022873f4 method=java.util.HashMap.getNode(ILjava/lang/Object;)Ljava/util/HashMap$Node; @ 84
Event: 97.634 Thread 0x57f8a400 Uncommon trap: reason=unstable_if action=reinterpret pc=0x030a74e0 method=java.util.HashMap.putVal(ILjava/lang/Object;Ljava/lang/Object;ZZ)Ljava/lang/Object; @ 109
Event: 97.640 Thread 0x57f8a400 Uncommon trap: reason=unstable_if action=reinterpret pc=0x02a8ed74 method=java.util.HashMap.putVal(ILjava/lang/Object;Ljava/lang/Object;ZZ)Ljava/lang/Object; @ 162
Event: 97.640 Thread 0x57f8a400 Uncommon trap: reason=unstable_if action=reinterpret pc=0x021b1dc4 method=java.util.HashMap.getNode(ILjava/lang/Object;)Ljava/util/HashMap$Node; @ 84
Event: 98.034 Thread 0x57f8a400 Uncommon trap: reason=unstable_if action=reinterpret pc=0x03619c84 method=com.android.tools.r8.ir.optimize.z.a(Lcom/android/tools/r8/ir/code/Instruction;)Z @ 146
Event: 98.044 Thread 0x57f8a400 Uncommon trap: reason=unstable_if action=reinterpret pc=0x0346d954 method=com.android.tools.r8.ir.regalloc.LiveIntervals.getSplitCovering(I)Lcom/android/tools/r8/ir/regalloc/LiveIntervals; @ 132
Event: 98.054 Thread 0x57f8a400 Uncommon trap: reason=unstable_if action=reinterpret pc=0x035771d4 method=com.android.tools.r8.ir.regalloc.LiveIntervals.getSplitCovering(I)Lcom/android/tools/r8/ir/regalloc/LiveIntervals; @ 132

Classes redefined (0 events):
No events

Internal exceptions (10 events):
Event: 89.000 Thread 0x57f8a400 Exception <a 'java/lang/NoSuchMethodError': java.lang.Object.lambda$static$0(Ljava/lang/String;)Z> (0x41c5aba0) thrown at [D:\src\AOSP-openjdk-cygwin\jdk8u\hotspot\src\share\vm\interpreter\linkResolver.cpp, line 620]
Event: 89.012 Thread 0x57f8b000 Exception <a 'java/lang/NoSuchMethodError': java.lang.Object.lambda$and$0(Ljava/util/function/Predicate;Ljava/lang/Object;)Z> (0x41ce9728) thrown at [D:\src\AOSP-openjdk-cygwin\jdk8u\hotspot\src\share\vm\interpreter\linkResolver.cpp, line 620]
Event: 89.013 Thread 0x57f8a400 Exception <a 'java/lang/NoSuchMethodError': java.lang.Object.lambda$and$0(Ljava/util/function/Predicate;Ljava/lang/Object;)Z> (0x41c60430) thrown at [D:\src\AOSP-openjdk-cygwin\jdk8u\hotspot\src\share\vm\interpreter\linkResolver.cpp, line 620]
Event: 89.052 Thread 0x54f0f000 Implicit null exception at 0x024f789c to 0x024f7ced
Event: 89.392 Thread 0x57f8a400 Exception <a 'sun/nio/fs/WindowsException'> (0x422ef5e0) thrown at [D:\src\AOSP-openjdk-cygwin\jdk8u\hotspot\src\share\vm\prims\jni.cpp, line 710]
Event: 89.392 Thread 0x57f8b000 Exception <a 'sun/nio/fs/WindowsException'> (0x42335e78) thrown at [D:\src\AOSP-openjdk-cygwin\jdk8u\hotspot\src\share\vm\prims\jni.cpp, line 710]
Event: 89.837 Thread 0x57f8b000 Exception <a 'java/lang/NoSuchMethodError': java.lang.Object.lambda$identity$2(Ljava/lang/Object;)Ljava/lang/Object;> (0x425fb6f8) thrown at [D:\src\AOSP-openjdk-cygwin\jdk8u\hotspot\src\share\vm\interpreter\linkResolver.cpp, line 620]
Event: 91.593 Thread 0x57f8a400 Exception <a 'java/lang/NoSuchMethodError': java.lang.Object.lambda$maxBy$1(Ljava/util/Comparator;Ljava/lang/Object;Ljava/lang/Object;)Ljava/lang/Object;> (0x435b8828) thrown at [D:\src\AOSP-openjdk-cygwin\jdk8u\hotspot\src\share\vm\interpreter\linkResolv
Event: 94.168 Thread 0x57f8b000 Exception <a 'sun/nio/fs/WindowsException'> (0x3c7a8340) thrown at [D:\src\AOSP-openjdk-cygwin\jdk8u\hotspot\src\share\vm\prims\jni.cpp, line 710]
Event: 94.338 Thread 0x57f8b000 Implicit null exception at 0x02a9d39d to 0x02a9eeb1

Events (10 events):
Event: 98.067 loading class com/android/tools/r8/n/a/a/a/g/D
Event: 98.067 loading class com/android/tools/r8/n/a/a/a/g/D done
Event: 98.068 loading class com/android/tools/r8/n/a/a/a/g/I
Event: 98.068 loading class com/android/tools/r8/n/a/a/a/g/I done
Event: 98.069 loading class com/android/tools/r8/n/a/a/a/g/G
Event: 98.069 loading class com/android/tools/r8/n/a/a/a/g/G done
Event: 98.070 loading class com/android/tools/r8/n/a/a/a/g/z
Event: 98.070 loading class com/android/tools/r8/n/a/a/a/g/z done
Event: 98.135 loading class com/android/tools/r8/t/a/a/G/x
Event: 98.136 loading class com/android/tools/r8/t/a/a/G/x done


Dynamic libraries:
0x00f60000 - 0x00f8d000 	D:\android-studio-ide-191.5977832-windows32\android-studio\jre\bin\java.exe
0x77280000 - 0x77419000 	C:\WINDOWS\SYSTEM32\ntdll.dll
0x76620000 - 0x766b8000 	C:\WINDOWS\System32\KERNEL32.DLL
0x74c40000 - 0x74e3a000 	C:\WINDOWS\System32\KERNELBASE.dll
0x72f90000 - 0x7302f000 	C:\WINDOWS\SYSTEM32\apphelp.dll
0x760c0000 - 0x76139000 	C:\WINDOWS\System32\ADVAPI32.dll
0x76d80000 - 0x76e3f000 	C:\WINDOWS\System32\msvcrt.dll
0x771a0000 - 0x77216000 	C:\WINDOWS\System32\sechost.dll
0x766c0000 - 0x76781000 	C:\WINDOWS\System32\RPCRT4.dll
0x761a0000 - 0x76318000 	C:\WINDOWS\System32\USER32.dll
0x757c0000 - 0x757dc000 	C:\WINDOWS\System32\win32u.dll
0x76d50000 - 0x76d71000 	C:\WINDOWS\System32\GDI32.dll
0x74e40000 - 0x74f9d000 	C:\WINDOWS\System32\gdi32full.dll
0x750c0000 - 0x7513c000 	C:\WINDOWS\System32\msvcp_win.dll
0x74fa0000 - 0x750bf000 	C:\WINDOWS\System32\ucrtbase.dll
0x688b0000 - 0x68abf000 	C:\WINDOWS\WinSxS\x86_microsoft.windows.common-controls_6595b64144ccf1df_6.0.18362.592_none_2e6de868278ee708\COMCTL32.dll
0x763a0000 - 0x76616000 	C:\WINDOWS\System32\combase.dll
0x74bc0000 - 0x74c1f000 	C:\WINDOWS\System32\bcryptPrimitives.dll
0x759c0000 - 0x759e6000 	C:\WINDOWS\System32\IMM32.DLL
0x6a7a0000 - 0x6a85f000 	D:\android-studio-ide-191.5977832-windows32\android-studio\jre\jre\bin\msvcr100.dll
0x7c2a0000 - 0x7c889000 	D:\android-studio-ide-191.5977832-windows32\android-studio\jre\jre\bin\server\jvm.dll
0x76e40000 - 0x76e46000 	C:\WINDOWS\System32\PSAPI.DLL
0x61c80000 - 0x61c88000 	C:\WINDOWS\SYSTEM32\WSOCK32.dll
0x72970000 - 0x72994000 	C:\WINDOWS\SYSTEM32\WINMM.dll
0x69e80000 - 0x69e88000 	C:\WINDOWS\SYSTEM32\VERSION.dll
0x727b0000 - 0x727d3000 	C:\WINDOWS\SYSTEM32\WINMMBASE.dll
0x757e0000 - 0x7581b000 	C:\WINDOWS\System32\cfgmgr32.dll
0x008c0000 - 0x0091e000 	C:\WINDOWS\System32\ws2_32.DLL
0x719e0000 - 0x719ec000 	D:\android-studio-ide-191.5977832-windows32\android-studio\jre\jre\bin\verify.dll
0x6a920000 - 0x6a941000 	D:\android-studio-ide-191.5977832-windows32\android-studio\jre\jre\bin\java.dll
0x6d660000 - 0x6d674000 	D:\android-studio-ide-191.5977832-windows32\android-studio\jre\jre\bin\zip.dll
0x75b30000 - 0x760aa000 	C:\WINDOWS\System32\SHELL32.dll
0x76f50000 - 0x76fd4000 	C:\WINDOWS\System32\shcore.dll
0x751f0000 - 0x757b5000 	C:\WINDOWS\System32\windows.storage.dll
0x74af0000 - 0x74b07000 	C:\WINDOWS\System32\profapi.dll
0x74b10000 - 0x74b53000 	C:\WINDOWS\System32\powrprof.dll
0x74ad0000 - 0x74add000 	C:\WINDOWS\System32\UMPDC.dll
0x75a50000 - 0x75a94000 	C:\WINDOWS\System32\shlwapi.dll
0x74ae0000 - 0x74aef000 	C:\WINDOWS\System32\kernel.appcore.dll
0x75140000 - 0x75153000 	C:\WINDOWS\System32\cryptsp.dll
0x6d450000 - 0x6d465000 	D:\android-studio-ide-191.5977832-windows32\android-studio\jre\jre\bin\net.dll
0x74430000 - 0x74487000 	C:\WINDOWS\system32\mswsock.dll
0x708b0000 - 0x708bf000 	D:\android-studio-ide-191.5977832-windows32\android-studio\jre\jre\bin\nio.dll
0x70890000 - 0x708b0000 	C:\Users\melih\.gradle\native\29\windows-i386\native-platform.dll
0x6d9a0000 - 0x6d9aa000 	D:\android-studio-ide-191.5977832-windows32\android-studio\jre\jre\bin\management.dll
0x74060000 - 0x7408f000 	C:\WINDOWS\system32\rsaenh.dll
0x74c20000 - 0x74c3b000 	C:\WINDOWS\System32\bcrypt.dll
0x74a20000 - 0x74a3e000 	C:\WINDOWS\SYSTEM32\USERENV.dll
0x745b0000 - 0x745ba000 	C:\WINDOWS\SYSTEM32\CRYPTBASE.dll
0x741c0000 - 0x741f2000 	C:\WINDOWS\SYSTEM32\IPHLPAPI.DLL
0x75aa0000 - 0x75aa7000 	C:\WINDOWS\System32\NSI.dll
0x6d600000 - 0x6d613000 	C:\WINDOWS\SYSTEM32\dhcpcsvc6.DLL
0x6d7e0000 - 0x6d7f5000 	C:\WINDOWS\SYSTEM32\dhcpcsvc.DLL
0x74200000 - 0x74291000 	C:\WINDOWS\SYSTEM32\DNSAPI.dll
0x6da10000 - 0x6da30000 	D:\android-studio-ide-191.5977832-windows32\android-studio\jre\jre\bin\sunec.dll
0x6c040000 - 0x6c048000 	C:\Windows\System32\rasadhlp.dll
0x6ca40000 - 0x6ca91000 	C:\WINDOWS\System32\fwpuclnt.dll
0x70870000 - 0x70879000 	D:\android-studio-ide-191.5977832-windows32\android-studio\jre\jre\bin\sunmscapi.dll
0x75820000 - 0x7591b000 	C:\WINDOWS\System32\CRYPT32.dll
0x74b60000 - 0x74b6e000 	C:\WINDOWS\System32\MSASN1.dll
0x66850000 - 0x66997000 	D:\android-studio-ide-191.5977832-windows32\android-studio\jre\jre\bin\awt.dll
0x75920000 - 0x759b2000 	C:\WINDOWS\System32\OLEAUT32.dll
0x73540000 - 0x73565000 	C:\WINDOWS\SYSTEM32\dwmapi.dll
0x71d40000 - 0x7222c000 	C:\WINDOWS\SYSTEM32\d2d1.dll
0x73070000 - 0x730ed000 	C:\WINDOWS\system32\uxtheme.dll

VM Arguments:
jvm_args: -Xmx1024m -Dfile.encoding=windows-1254 -Duser.country=TR -Duser.language=tr -Duser.variant 
java_command: org.gradle.launcher.daemon.bootstrap.GradleDaemon 5.4.1
java_class_path (initial): C:\Users\melih\.gradle\wrapper\dists\gradle-5.4.1-all\3221gyojl5jsh0helicew7rwx\gradle-5.4.1\lib\gradle-launcher-5.4.1.jar
Launcher Type: SUN_STANDARD

Environment Variables:
PATH=C:\Program Files\Common Files\Oracle\Java\javapath;C:\WINDOWS\system32;C:\WINDOWS;C:\WINDOWS\System32\Wbem;C:\WINDOWS\System32\WindowsPowerShell\v1.0\;C:\WINDOWS\System32\OpenSSH\;C:\Program Files\Calibre2\;C:\Users\melih\AppData\Local\Microsoft\WindowsApps;
USERNAME=melih
OS=Windows_NT
PROCESSOR_IDENTIFIER=x86 Family 6 Model 55 Stepping 8, GenuineIntel



---------------  S Y S T E M  ---------------

OS: Windows 10.0 Build 18362 (10.0.18362.329)

CPU:total 4 (initial active 4) (4 cores per cpu, 1 threads per core) family 6 model 55 stepping 8, cmov, cx8, fxsr, mmx, sse, sse2, sse3, ssse3, sse4.1, sse4.2, popcnt, aes, clmul, erms, 3dnowpref, tsc, tscinvbit

Memory: 4k page, physical 2034352k(23728k free), swap 3205808k(1688k free)

vm_info: OpenJDK Server VM (25.202-b03) for windows-x86 JRE (1.8.0_202-release-1483-b03), built by "builder" with MS VC++ 10.0 (VS2010)

time: Thu Jan 30 14:52:17 2020
timezone: Türkiye Standart Saati
elapsed time: 98 seconds (0d 0h 1m 38s)

