#
# There is insufficient memory for the Java Runtime Environment to continue.
# Native memory allocation (malloc) failed to allocate 1051048 bytes for Chunk::new
# Possible reasons:
#   The system is out of physical RAM or swap space
#   In 32 bit mode, the process size limit was hit
# Possible solutions:
#   Reduce memory load on the system
#   Increase physical memory or swap space
#   Check if swap backing store is full
#   Use 64 bit Java on a 64 bit OS
#   Decrease Java heap size (-Xmx/-Xms)
#   Decrease number of Java threads
#   Decrease Java thread stack sizes (-Xss)
#   Set larger code cache with -XX:ReservedCodeCacheSize=
# This output file may be truncated or incomplete.
#
#  Out of Memory Error (allocation.cpp:389), pid=4284, tid=0x00001e0c
#
# JRE version: OpenJDK Runtime Environment (8.0_202-b03) (build 1.8.0_202-release-1483-b03)
# Java VM: OpenJDK Server VM (25.202-b03 mixed mode windows-x86 )
# Failed to write core dump. Minidumps are not enabled by default on client versions of Windows
#

---------------  T H R E A D  ---------------

Current thread (0x53fba400):  JavaThread "C2 CompilerThread0" daemon [_thread_in_native, id=7692, stack(0x542f0000,0x54340000)]

Stack: [0x542f0000,0x54340000],  sp=0x5433e4d0,  free space=313k
Native frames: (J=compiled Java code, j=interpreted, Vv=VM code, C=native code)
V  [jvm.dll+0x1a658b]
V  [jvm.dll+0x19ea98]
V  [jvm.dll+0x7d8b1]
V  [jvm.dll+0x7ddb7]
V  [jvm.dll+0x31fa56]
V  [jvm.dll+0x2f6922]
V  [jvm.dll+0x2ff1a7]
V  [jvm.dll+0x3008eb]
V  [jvm.dll+0x2ea0e6]
V  [jvm.dll+0x60e17]
V  [jvm.dll+0x615bf]
V  [jvm.dll+0x1777f0]
V  [jvm.dll+0x17802b]
V  [jvm.dll+0x1b8b16]
C  [msvcr100.dll+0x5c556]
C  [msvcr100.dll+0x5c600]
C  [KERNEL32.DLL+0x22369]
C  [ntdll.dll+0x5e5bb]
C  [ntdll.dll+0x5e58f]
C  0x00000000


Current CompileTask:
C2:  60249 8448   !   4       java.io.ObjectOutputStream::writeObject0 (619 bytes)


---------------  P R O C E S S  ---------------

Java Threads: ( => current thread )
  0x59b7d400 JavaThread "stdout" [_thread_in_native, id=7804, stack(0x5cbd0000,0x5cc20000)]
  0x59b77000 JavaThread "stderr" [_thread_in_native, id=6748, stack(0x5cb80000,0x5cbd0000)]
  0x59b7b000 JavaThread "stdout" [_thread_in_native, id=6452, stack(0x5cb30000,0x5cb80000)]
  0x59b75c00 JavaThread "stderr" [_thread_in_native, id=2084, stack(0x5cae0000,0x5cb30000)]
  0x59b7c000 JavaThread "stdout" [_thread_in_native, id=5360, stack(0x5ca90000,0x5cae0000)]
  0x59b7a000 JavaThread "stderr" [_thread_in_native, id=5592, stack(0x5ca40000,0x5ca90000)]
  0x59b7bc00 JavaThread "stdout" [_thread_in_native, id=6784, stack(0x5c9f0000,0x5ca40000)]
  0x59b7b400 JavaThread "stderr" [_thread_in_native, id=7744, stack(0x5c9a0000,0x5c9f0000)]
  0x58e3c400 JavaThread "pool-2-thread-1" [_thread_blocked, id=2516, stack(0x5c850000,0x5c8a0000)]
  0x58e36400 JavaThread "MarlinRenderer Disposer" daemon [_thread_blocked, id=1528, stack(0x5c800000,0x5c850000)]
  0x58e3b400 JavaThread "Java2D Disposer" daemon [_thread_blocked, id=4160, stack(0x5c690000,0x5c6e0000)]
  0x58e3a800 JavaThread "WorkerExecutor Queue Thread 4" [_thread_blocked, id=4256, stack(0x5c640000,0x5c690000)]
  0x58e3c800 JavaThread "WorkerExecutor Queue Thread 3" [_thread_blocked, id=1468, stack(0x5c5f0000,0x5c640000)]
  0x58e3dc00 JavaThread "WorkerExecutor Queue Thread 2" [_thread_blocked, id=6796, stack(0x5c490000,0x5c4e0000)]
  0x58e3a400 JavaThread "WorkerExecutor Queue" [_thread_blocked, id=6156, stack(0x5c440000,0x5c490000)]
  0x58e37000 JavaThread "Cache worker for execution history cache (C:\Users\melih\AndroidStudioProjects\PureToneTools\.gradle\5.4.1\executionHistory)" [_thread_blocked, id=6240, stack(0x5c2f0000,0x5c340000)]
  0x58e3d400 JavaThread "Execution worker for ':' Thread 3" [_thread_blocked, id=4080, stack(0x5c100000,0x5c150000)]
  0x58e39c00 JavaThread "Execution worker for ':' Thread 2" [_thread_blocked, id=3520, stack(0x5c0b0000,0x5c100000)]
  0x58e39000 JavaThread "Execution worker for ':'" [_thread_blocked, id=4140, stack(0x5bb40000,0x5bb90000)]
  0x58e38400 JavaThread "Cache worker for file content cache (C:\Users\melih\AndroidStudioProjects\PureToneTools\.gradle\5.4.1\fileContent)" [_thread_blocked, id=4496, stack(0x5baf0000,0x5bb40000)]
  0x58e39800 JavaThread "Cache worker for file content cache (C:\Users\melih\.gradle\caches\5.4.1\fileContent)" [_thread_blocked, id=4028, stack(0x5b2a0000,0x5b2f0000)]
  0x58e38800 JavaThread "Memory manager" [_thread_blocked, id=6704, stack(0x5b250000,0x5b2a0000)]
  0x58e3d000 JavaThread "Cache worker for Build Output Cleanup Cache (C:\Users\melih\AndroidStudioProjects\PureToneTools\.gradle\buildOutputCleanup)" [_thread_blocked, id=2736, stack(0x5ad80000,0x5add0000)]
  0x58e3bc00 JavaThread "Build operations Thread 4" [_thread_blocked, id=3160, stack(0x5af00000,0x5af50000)]
  0x58e3b000 JavaThread "Build operations Thread 3" [_thread_blocked, id=3548, stack(0x5aeb0000,0x5af00000)]
  0x58e37c00 JavaThread "Build operations Thread 2" [_thread_blocked, id=2752, stack(0x5ae60000,0x5aeb0000)]
  0x55900c00 JavaThread "Build operations" [_thread_blocked, id=376, stack(0x5ae10000,0x5ae60000)]
  0x55901400 JavaThread "Cache worker for execution history cache (C:\Users\melih\.gradle\caches\5.4.1\executionHistory)" [_thread_blocked, id=4556, stack(0x5aa00000,0x5aa50000)]
  0x55904000 JavaThread "Cache worker for cache directory md-rule (C:\Users\melih\.gradle\caches\5.4.1\md-rule)" [_thread_blocked, id=4344, stack(0x59680000,0x596d0000)]
  0x55902800 JavaThread "Cache worker for cache directory md-supplier (C:\Users\melih\.gradle\caches\5.4.1\md-supplier)" [_thread_blocked, id=2860, stack(0x580d0000,0x58120000)]
  0x55901800 JavaThread "Cache worker for file hash cache (C:\Users\melih\AndroidStudioProjects\PureToneTools\.gradle\5.4.1\fileHashes)" [_thread_blocked, id=4640, stack(0x59230000,0x59280000)]
  0x55902000 JavaThread "Cache worker for journal cache (C:\Users\melih\.gradle\caches\journal-1)" [_thread_blocked, id=7164, stack(0x56db0000,0x56e00000)]
  0x55903400 JavaThread "File lock request listener" [_thread_in_native, id=6004, stack(0x56d60000,0x56db0000)]
  0x55902c00 JavaThread "Cache worker for file hash cache (C:\Users\melih\.gradle\caches\5.4.1\fileHashes)" [_thread_blocked, id=1388, stack(0x56d10000,0x56d60000)]
  0x54b6bc00 JavaThread "Thread-9" [_thread_blocked, id=5952, stack(0x56bc0000,0x56c10000)]
  0x54b69c00 JavaThread "Stdin handler" [_thread_blocked, id=6296, stack(0x56b70000,0x56bc0000)]
  0x54b69800 JavaThread "Asynchronous log dispatcher for DefaultDaemonConnection: socket connection from /127.0.0.1:51516 to /127.0.0.1:51517" [_thread_blocked, id=2124, stack(0x56b20000,0x56b70000)]
  0x54e2b800 JavaThread "Daemon worker" [_thread_blocked, id=7040, stack(0x56ad0000,0x56b20000)]
  0x54e2c800 JavaThread "Cancel handler" [_thread_blocked, id=6512, stack(0x56a80000,0x56ad0000)]
  0x54abe400 JavaThread "Handler for socket connection from /127.0.0.1:51516 to /127.0.0.1:51517" [_thread_in_native, id=4972, stack(0x56a30000,0x56a80000)]
  0x556f7000 JavaThread "Daemon" [_thread_blocked, id=7260, stack(0x569e0000,0x56a30000)]
  0x556f7c00 JavaThread "Daemon periodic checks" [_thread_blocked, id=7740, stack(0x56890000,0x568e0000)]
  0x54ac2400 JavaThread "Incoming local TCP Connector on port 51516" [_thread_in_native, id=4908, stack(0x56700000,0x56750000)]
  0x555a9800 JavaThread "Daemon health stats" [_thread_blocked, id=5580, stack(0x56250000,0x562a0000)]
  0x5402d800 JavaThread "Service Thread" daemon [_thread_blocked, id=6624, stack(0x543e0000,0x54430000)]
  0x53fbd800 JavaThread "C1 CompilerThread2" daemon [_thread_blocked, id=4148, stack(0x54390000,0x543e0000)]
  0x53fbb800 JavaThread "C2 CompilerThread1" daemon [_thread_blocked, id=2588, stack(0x54340000,0x54390000)]
=>0x53fba400 JavaThread "C2 CompilerThread0" daemon [_thread_in_native, id=7692, stack(0x542f0000,0x54340000)]
  0x53fc6400 JavaThread "Attach Listener" daemon [_thread_blocked, id=2748, stack(0x542a0000,0x542f0000)]
  0x53fc5800 JavaThread "Signal Dispatcher" daemon [_thread_blocked, id=1216, stack(0x54250000,0x542a0000)]
  0x53fa7800 JavaThread "Finalizer" daemon [_thread_blocked, id=1620, stack(0x54110000,0x54160000)]
  0x53fa1c00 JavaThread "Reference Handler" daemon [_thread_blocked, id=1944, stack(0x540c0000,0x54110000)]
  0x01d5c400 JavaThread "main" [_thread_blocked, id=7824, stack(0x00e30000,0x00e80000)]

Other Threads:
  0x53f8d800 VMThread [stack: 0x54070000,0x540c0000] [id=7120]
  0x5402e400 WatcherThread [stack: 0x54430000,0x54480000] [id=7880]

VM state:not at safepoint (normal execution)

VM Mutex/Monitor currently owned by a thread: None

Heap:
 PSYoungGen      total 129792K, used 78420K [0x3bec0000, 0x462c0000, 0x51400000)
  eden space 116224K, 55% used [0x3bec0000,0x3fe16718,0x43040000)
  from space 13568K, 99% used [0x43040000,0x43d7ec80,0x43d80000)
  to   space 16384K, 0% used [0x452c0000,0x452c0000,0x462c0000)
 ParOldGen       total 60160K, used 33196K [0x11400000, 0x14ec0000, 0x3bec0000)
  object space 60160K, 55% used [0x11400000,0x1346b0c0,0x14ec0000)
 Metaspace       used 43411K, capacity 44454K, committed 44544K, reserved 45440K

Card table byte_map: [0x51400000,0x51610000] byte_map_base: 0x51376000

Marking Bits: (ParMarkBitMap*) 0x7c818620
 Begin Bits: [0x51610000, 0x52610000)
 End Bits:   [0x52610000, 0x53610000)

Polling page: 0x00e90000

CodeCache: size=245760Kb used=20154Kb max_used=20271Kb free=225605Kb
 bounds [0x01ed0000, 0x032c0000, 0x10ed0000]
 total_blobs=7992 nmethods=7469 adapters=437
 compilation: enabled

Compilation events (10 events):
Event: 58.346 Thread 0x53fbd800 nmethod 8528 0x02c07c08 code [0x02c07d80, 0x02c08168]
Event: 58.646 Thread 0x53fba400 nmethod 8439 0x03295d08 code [0x03296320, 0x0329caa4]
Event: 58.647 Thread 0x53fba400 8473       4       java.io.ObjectStreamClass$FieldReflector::getPrimFieldValues (317 bytes)
Event: 58.670 Thread 0x53fba400 nmethod 8473 0x02868d08 code [0x02868f00, 0x028694b8]
Event: 58.670 Thread 0x53fba400 8460   !   4       java.io.ObjectInputStream$BlockDataInputStream::readUTFSpan (502 bytes)
Event: 58.724 Thread 0x53fba400 nmethod 8460 0x02de7e88 code [0x02de8020, 0x02de88b0]
Event: 58.724 Thread 0x53fba400 8448   !   4       java.io.ObjectOutputStream::writeObject0 (619 bytes)
Event: 59.269 Thread 0x53fbb800 nmethod 8447 0x032a5988 code [0x032a5f40, 0x032adf10]
Event: 59.679 Thread 0x53fbd800 8529       3       java.io.FileInputStream::available (5 bytes)
Event: 59.679 Thread 0x53fbd800 nmethod 8529 0x02c72c48 code [0x02c72d60, 0x02c72e4c]

GC Heap History (10 events):
Event: 27.332 GC heap before
{Heap before GC invocations=20 (full 2):
 PSYoungGen      total 85760K, used 78592K [0x3bec0000, 0x42d40000, 0x51400000)
  eden space 78592K, 100% used [0x3bec0000,0x40b80000,0x40b80000)
  from space 7168K, 0% used [0x40b80000,0x40b80000,0x41280000)
  to   space 6912K, 0% used [0x42680000,0x42680000,0x42d40000)
 ParOldGen       total 36352K, used 16735K [0x11400000, 0x13780000, 0x3bec0000)
  object space 36352K, 46% used [0x11400000,0x12457ee8,0x13780000)
 Metaspace       used 30773K, capacity 31390K, committed 31488K, reserved 32128K
Event: 27.383 GC heap after
Heap after GC invocations=20 (full 2):
 PSYoungGen      total 102912K, used 6907K [0x3bec0000, 0x42e00000, 0x51400000)
  eden space 96000K, 0% used [0x3bec0000,0x3bec0000,0x41c80000)
  from space 6912K, 99% used [0x42680000,0x42d3eeb8,0x42d40000)
  to   space 8960K, 0% used [0x41c80000,0x41c80000,0x42540000)
 ParOldGen       total 36352K, used 19639K [0x11400000, 0x13780000, 0x3bec0000)
  object space 36352K, 54% used [0x11400000,0x1272dec8,0x13780000)
 Metaspace       used 30773K, capacity 31390K, committed 31488K, reserved 32128K
}
Event: 32.366 GC heap before
{Heap before GC invocations=21 (full 2):
 PSYoungGen      total 102912K, used 102907K [0x3bec0000, 0x42e00000, 0x51400000)
  eden space 96000K, 100% used [0x3bec0000,0x41c80000,0x41c80000)
  from space 6912K, 99% used [0x42680000,0x42d3eeb8,0x42d40000)
  to   space 8960K, 0% used [0x41c80000,0x41c80000,0x42540000)
 ParOldGen       total 36352K, used 19639K [0x11400000, 0x13780000, 0x3bec0000)
  object space 36352K, 54% used [0x11400000,0x1272dec8,0x13780000)
 Metaspace       used 36933K, capacity 37772K, committed 37888K, reserved 38272K
Event: 32.448 GC heap after
Heap after GC invocations=21 (full 2):
 PSYoungGen      total 104960K, used 8954K [0x3bec0000, 0x44a80000, 0x51400000)
  eden space 96000K, 0% used [0x3bec0000,0x3bec0000,0x41c80000)
  from space 8960K, 99% used [0x41c80000,0x4253e988,0x42540000)
  to   space 13056K, 0% used [0x43dc0000,0x43dc0000,0x44a80000)
 ParOldGen       total 36352K, used 27190K [0x11400000, 0x13780000, 0x3bec0000)
  object space 36352K, 74% used [0x11400000,0x12e8d868,0x13780000)
 Metaspace       used 36933K, capacity 37772K, committed 37888K, reserved 38272K
}
Event: 38.913 GC heap before
{Heap before GC invocations=22 (full 2):
 PSYoungGen      total 104960K, used 104954K [0x3bec0000, 0x44a80000, 0x51400000)
  eden space 96000K, 100% used [0x3bec0000,0x41c80000,0x41c80000)
  from space 8960K, 99% used [0x41c80000,0x4253e988,0x42540000)
  to   space 13056K, 0% used [0x43dc0000,0x43dc0000,0x44a80000)
 ParOldGen       total 36352K, used 27190K [0x11400000, 0x13780000, 0x3bec0000)
  object space 36352K, 74% used [0x11400000,0x12e8d868,0x13780000)
 Metaspace       used 39937K, capacity 40940K, committed 40960K, reserved 41344K
Event: 38.991 GC heap after
Heap after GC invocations=22 (full 2):
 PSYoungGen      total 129280K, used 8675K [0x3bec0000, 0x44ac0000, 0x51400000)
  eden space 116224K, 0% used [0x3bec0000,0x3bec0000,0x43040000)
  from space 13056K, 66% used [0x43dc0000,0x44638ec8,0x44a80000)
  to   space 13568K, 0% used [0x43040000,0x43040000,0x43d80000)
 ParOldGen       total 36352K, used 31078K [0x11400000, 0x13780000, 0x3bec0000)
  object space 36352K, 85% used [0x11400000,0x13259a58,0x13780000)
 Metaspace       used 39937K, capacity 40940K, committed 40960K, reserved 41344K
}
Event: 38.992 GC heap before
{Heap before GC invocations=23 (full 3):
 PSYoungGen      total 129280K, used 8675K [0x3bec0000, 0x44ac0000, 0x51400000)
  eden space 116224K, 0% used [0x3bec0000,0x3bec0000,0x43040000)
  from space 13056K, 66% used [0x43dc0000,0x44638ec8,0x44a80000)
  to   space 13568K, 0% used [0x43040000,0x43040000,0x43d80000)
 ParOldGen       total 36352K, used 31078K [0x11400000, 0x13780000, 0x3bec0000)
  object space 36352K, 85% used [0x11400000,0x13259a58,0x13780000)
 Metaspace       used 39937K, capacity 40940K, committed 40960K, reserved 41344K
Event: 39.625 GC heap after
Heap after GC invocations=23 (full 3):
 PSYoungGen      total 129280K, used 0K [0x3bec0000, 0x44ac0000, 0x51400000)
  eden space 116224K, 0% used [0x3bec0000,0x3bec0000,0x43040000)
  from space 13056K, 0% used [0x43dc0000,0x43dc0000,0x44a80000)
  to   space 13568K, 0% used [0x43040000,0x43040000,0x43d80000)
 ParOldGen       total 60160K, used 31382K [0x11400000, 0x14ec0000, 0x3bec0000)
  object space 60160K, 52% used [0x11400000,0x132a5a30,0x14ec0000)
 Metaspace       used 39916K, capacity 40895K, committed 40960K, reserved 41344K
}
Event: 49.858 GC heap before
{Heap before GC invocations=24 (full 3):
 PSYoungGen      total 129280K, used 116224K [0x3bec0000, 0x44ac0000, 0x51400000)
  eden space 116224K, 100% used [0x3bec0000,0x43040000,0x43040000)
  from space 13056K, 0% used [0x43dc0000,0x43dc0000,0x44a80000)
  to   space 13568K, 0% used [0x43040000,0x43040000,0x43d80000)
 ParOldGen       total 60160K, used 31382K [0x11400000, 0x14ec0000, 0x3bec0000)
  object space 60160K, 52% used [0x11400000,0x132a5a30,0x14ec0000)
 Metaspace       used 42071K, capacity 43129K, committed 43136K, reserved 43392K
Event: 50.027 GC heap after
Heap after GC invocations=24 (full 3):
 PSYoungGen      total 129792K, used 13563K [0x3bec0000, 0x462c0000, 0x51400000)
  eden space 116224K, 0% used [0x3bec0000,0x3bec0000,0x43040000)
  from space 13568K, 99% used [0x43040000,0x43d7ec80,0x43d80000)
  to   space 16384K, 0% used [0x452c0000,0x452c0000,0x462c0000)
 ParOldGen       total 60160K, used 33196K [0x11400000, 0x14ec0000, 0x3bec0000)
  object space 60160K, 55% used [0x11400000,0x1346b0c0,0x14ec0000)
 Metaspace       used 42071K, capacity 43129K, committed 43136K, reserved 43392K
}

Deoptimization events (10 events):
Event: 57.182 Thread 0x58e39000 Uncommon trap: reason=unstable_if action=reinterpret pc=0x0320537c method=sun.nio.cs.UTF_8$Encoder.encodeArrayLoop(Ljava/nio/CharBuffer;Ljava/nio/ByteBuffer;)Ljava/nio/charset/CoderResult; @ 175
Event: 57.183 Thread 0x58e39000 Uncommon trap: reason=unstable_if action=reinterpret pc=0x030a8820 method=sun.nio.cs.UTF_8$Encoder.encodeArrayLoop(Ljava/nio/CharBuffer;Ljava/nio/ByteBuffer;)Ljava/nio/charset/CoderResult; @ 87
Event: 57.703 Thread 0x58e39c00 Uncommon trap: reason=unstable_if action=reinterpret pc=0x02c30148 method=java.util.HashMap$HashIterator.<init>(Ljava/util/HashMap;)V @ 45
Event: 57.703 Thread 0x58e39c00 Uncommon trap: reason=unstable_if action=reinterpret pc=0x031c8440 method=java.util.HashMap$HashIterator.<init>(Ljava/util/HashMap;)V @ 45
Event: 57.703 Thread 0x58e39c00 Uncommon trap: reason=unstable_if action=reinterpret pc=0x02d0bb90 method=java.util.HashMap$HashIterator.<init>(Ljava/util/HashMap;)V @ 45
Event: 57.802 Thread 0x59b7bc00 Uncommon trap: reason=bimorphic action=maybe_recompile pc=0x02def374 method=java.io.BufferedInputStream.read1([BII)I @ 39
Event: 57.835 Thread 0x59b7c000 Uncommon trap: reason=bimorphic action=maybe_recompile pc=0x02def374 method=java.io.BufferedInputStream.read1([BII)I @ 39
Event: 57.988 Thread 0x59b7b000 Uncommon trap: reason=bimorphic action=maybe_recompile pc=0x02dee268 method=java.io.BufferedInputStream.read1([BII)I @ 39
Event: 59.764 Thread 0x59b77000 Uncommon trap: reason=unstable_if action=reinterpret pc=0x02ac1254 method=java.io.BufferedReader.readLine(Z)Ljava/lang/String; @ 192
Event: 59.843 Thread 0x59b7a000 Uncommon trap: reason=unstable_if action=reinterpret pc=0x02ac1474 method=java.io.BufferedReader.readLine(Z)Ljava/lang/String; @ 265

Classes redefined (0 events):
No events

Internal exceptions (10 events):
Event: 49.773 Thread 0x58e3c800 Exception <a 'java/io/FileNotFoundException'> (0x42b678b8) thrown at [D:\src\AOSP-openjdk-cygwin\jdk8u\hotspot\src\share\vm\prims\jni.cpp, line 710]
Event: 50.385 Thread 0x58e3c800 Exception <a 'java/io/FileNotFoundException'> (0x3bed1a58) thrown at [D:\src\AOSP-openjdk-cygwin\jdk8u\hotspot\src\share\vm\prims\jni.cpp, line 710]
Event: 50.540 Thread 0x58e39000 Implicit null exception at 0x02789690 to 0x027896fd
Event: 57.114 Thread 0x58e39000 Implicit null exception at 0x031a2837 to 0x031a0e89
Event: 57.114 Thread 0x58e39000 Implicit null exception at 0x031a2837 to 0x031a0e89
Event: 57.166 Thread 0x58e39000 Implicit null exception at 0x031a2837 to 0x031a0e89
Event: 57.296 Thread 0x58e39000 Exception <a 'java/lang/NoSuchMethodError': <clinit>> (0x3e16a768) thrown at [D:\src\AOSP-openjdk-cygwin\jdk8u\hotspot\src\share\vm\prims\jni.cpp, line 1614]
Event: 57.301 Thread 0x58e39000 Exception <a 'java/lang/NoSuchMethodError': <clinit>> (0x3e1835b0) thrown at [D:\src\AOSP-openjdk-cygwin\jdk8u\hotspot\src\share\vm\prims\jni.cpp, line 1614]
Event: 57.301 Thread 0x58e39000 Exception <a 'java/lang/NoSuchMethodError': <clinit>> (0x3e187f40) thrown at [D:\src\AOSP-openjdk-cygwin\jdk8u\hotspot\src\share\vm\prims\jni.cpp, line 1614]
Event: 57.304 Thread 0x58e39000 Exception <a 'java/lang/NoSuchMethodError': <clinit>> (0x3e197620) thrown at [D:\src\AOSP-openjdk-cygwin\jdk8u\hotspot\src\share\vm\prims\jni.cpp, line 1614]

Events (10 events):
Event: 59.763 Thread 0x59b77000 Uncommon trap: trap_request=0xffffff65 fr.pc=0x02ac1254
Event: 59.763 Executing VM operation: RevokeBias
Event: 59.763 Executing VM operation: RevokeBias done
Event: 59.764 Thread 0x59b77000 DEOPT PACKING pc=0x02ac1254 sp=0x5cbcf630
Event: 59.764 Thread 0x59b77000 DEOPT UNPACKING pc=0x01f0abbc sp=0x5cbcf640 mode 2
Event: 59.843 Thread 0x59b7a000 Uncommon trap: trap_request=0xffffff65 fr.pc=0x02ac1474
Event: 59.843 Executing VM operation: RevokeBias
Event: 59.843 Executing VM operation: RevokeBias done
Event: 59.844 Thread 0x59b7a000 DEOPT PACKING pc=0x02ac1474 sp=0x5ca8f9f0
Event: 59.844 Thread 0x59b7a000 DEOPT UNPACKING pc=0x01f0abbc sp=0x5ca8fa00 mode 2


Dynamic libraries:
0x00f60000 - 0x00f8d000 	D:\android-studio-ide-191.5977832-windows32\android-studio\jre\bin\java.exe
0x77280000 - 0x77419000 	C:\WINDOWS\SYSTEM32\ntdll.dll
0x76620000 - 0x766b8000 	C:\WINDOWS\System32\KERNEL32.DLL
0x74c40000 - 0x74e3a000 	C:\WINDOWS\System32\KERNELBASE.dll
0x72f90000 - 0x7302f000 	C:\WINDOWS\SYSTEM32\apphelp.dll
0x760c0000 - 0x76139000 	C:\WINDOWS\System32\ADVAPI32.dll
0x76d80000 - 0x76e3f000 	C:\WINDOWS\System32\msvcrt.dll
0x771a0000 - 0x77216000 	C:\WINDOWS\System32\sechost.dll
0x766c0000 - 0x76781000 	C:\WINDOWS\System32\RPCRT4.dll
0x761a0000 - 0x76318000 	C:\WINDOWS\System32\USER32.dll
0x757c0000 - 0x757dc000 	C:\WINDOWS\System32\win32u.dll
0x76d50000 - 0x76d71000 	C:\WINDOWS\System32\GDI32.dll
0x74e40000 - 0x74f9d000 	C:\WINDOWS\System32\gdi32full.dll
0x750c0000 - 0x7513c000 	C:\WINDOWS\System32\msvcp_win.dll
0x74fa0000 - 0x750bf000 	C:\WINDOWS\System32\ucrtbase.dll
0x688b0000 - 0x68abf000 	C:\WINDOWS\WinSxS\x86_microsoft.windows.common-controls_6595b64144ccf1df_6.0.18362.592_none_2e6de868278ee708\COMCTL32.dll
0x763a0000 - 0x76616000 	C:\WINDOWS\System32\combase.dll
0x74bc0000 - 0x74c1f000 	C:\WINDOWS\System32\bcryptPrimitives.dll
0x759c0000 - 0x759e6000 	C:\WINDOWS\System32\IMM32.DLL
0x6a7a0000 - 0x6a85f000 	D:\android-studio-ide-191.5977832-windows32\android-studio\jre\jre\bin\msvcr100.dll
0x7c2a0000 - 0x7c889000 	D:\android-studio-ide-191.5977832-windows32\android-studio\jre\jre\bin\server\jvm.dll
0x76e40000 - 0x76e46000 	C:\WINDOWS\System32\PSAPI.DLL
0x61c80000 - 0x61c88000 	C:\WINDOWS\SYSTEM32\WSOCK32.dll
0x76340000 - 0x7639e000 	C:\WINDOWS\System32\WS2_32.dll
0x72970000 - 0x72994000 	C:\WINDOWS\SYSTEM32\WINMM.dll
0x69e80000 - 0x69e88000 	C:\WINDOWS\SYSTEM32\VERSION.dll
0x727b0000 - 0x727d3000 	C:\WINDOWS\SYSTEM32\winmmbase.dll
0x757e0000 - 0x7581b000 	C:\WINDOWS\System32\cfgmgr32.dll
0x719e0000 - 0x719ec000 	D:\android-studio-ide-191.5977832-windows32\android-studio\jre\jre\bin\verify.dll
0x6a920000 - 0x6a941000 	D:\android-studio-ide-191.5977832-windows32\android-studio\jre\jre\bin\java.dll
0x6d660000 - 0x6d674000 	D:\android-studio-ide-191.5977832-windows32\android-studio\jre\jre\bin\zip.dll
0x75b30000 - 0x760aa000 	C:\WINDOWS\System32\SHELL32.dll
0x76f50000 - 0x76fd4000 	C:\WINDOWS\System32\shcore.dll
0x751f0000 - 0x757b5000 	C:\WINDOWS\System32\windows.storage.dll
0x74af0000 - 0x74b07000 	C:\WINDOWS\System32\profapi.dll
0x74b10000 - 0x74b53000 	C:\WINDOWS\System32\powrprof.dll
0x74ad0000 - 0x74add000 	C:\WINDOWS\System32\UMPDC.dll
0x75a50000 - 0x75a94000 	C:\WINDOWS\System32\shlwapi.dll
0x74ae0000 - 0x74aef000 	C:\WINDOWS\System32\kernel.appcore.dll
0x75140000 - 0x75153000 	C:\WINDOWS\System32\cryptsp.dll
0x6d450000 - 0x6d465000 	D:\android-studio-ide-191.5977832-windows32\android-studio\jre\jre\bin\net.dll
0x74430000 - 0x74487000 	C:\WINDOWS\system32\mswsock.dll
0x708b0000 - 0x708bf000 	D:\android-studio-ide-191.5977832-windows32\android-studio\jre\jre\bin\nio.dll
0x70890000 - 0x708b0000 	C:\Users\melih\.gradle\native\29\windows-i386\native-platform.dll
0x6d9a0000 - 0x6d9aa000 	D:\android-studio-ide-191.5977832-windows32\android-studio\jre\jre\bin\management.dll
0x74060000 - 0x7408f000 	C:\WINDOWS\system32\rsaenh.dll
0x74c20000 - 0x74c3b000 	C:\WINDOWS\System32\bcrypt.dll
0x74a20000 - 0x74a3e000 	C:\WINDOWS\SYSTEM32\USERENV.dll
0x745b0000 - 0x745ba000 	C:\WINDOWS\SYSTEM32\CRYPTBASE.dll
0x741c0000 - 0x741f2000 	C:\WINDOWS\SYSTEM32\IPHLPAPI.DLL
0x75aa0000 - 0x75aa7000 	C:\WINDOWS\System32\NSI.dll
0x6d600000 - 0x6d613000 	C:\WINDOWS\SYSTEM32\dhcpcsvc6.DLL
0x6d7e0000 - 0x6d7f5000 	C:\WINDOWS\SYSTEM32\dhcpcsvc.DLL
0x74200000 - 0x74291000 	C:\WINDOWS\SYSTEM32\DNSAPI.dll
0x66850000 - 0x66997000 	D:\android-studio-ide-191.5977832-windows32\android-studio\jre\jre\bin\awt.dll
0x73540000 - 0x73565000 	C:\WINDOWS\SYSTEM32\dwmapi.dll
0x75920000 - 0x759b2000 	C:\WINDOWS\System32\OLEAUT32.dll
0x71d40000 - 0x7222c000 	C:\WINDOWS\SYSTEM32\d2d1.dll
0x73070000 - 0x730ed000 	C:\WINDOWS\system32\uxtheme.dll
0x68af0000 - 0x68c7f000 	C:\WINDOWS\SYSTEM32\dbghelp.dll

VM Arguments:
jvm_args: -Xmx1024m -Dfile.encoding=windows-1254 -Duser.country=TR -Duser.language=tr -Duser.variant 
java_command: org.gradle.launcher.daemon.bootstrap.GradleDaemon 5.4.1
java_class_path (initial): C:\Users\melih\.gradle\wrapper\dists\gradle-5.4.1-all\3221gyojl5jsh0helicew7rwx\gradle-5.4.1\lib\gradle-launcher-5.4.1.jar
Launcher Type: SUN_STANDARD

Environment Variables:
PATH=C:\Program Files\Common Files\Oracle\Java\javapath;C:\WINDOWS\system32;C:\WINDOWS;C:\WINDOWS\System32\Wbem;C:\WINDOWS\System32\WindowsPowerShell\v1.0\;C:\WINDOWS\System32\OpenSSH\;C:\Program Files\Calibre2\;C:\Users\melih\AppData\Local\Microsoft\WindowsApps;
USERNAME=melih
OS=Windows_NT
PROCESSOR_IDENTIFIER=x86 Family 6 Model 55 Stepping 8, GenuineIntel



---------------  S Y S T E M  ---------------

OS: Windows 10.0 Build 18362 (10.0.18362.329)

CPU:total 4 (initial active 4) (4 cores per cpu, 1 threads per core) family 6 model 55 stepping 8, cmov, cx8, fxsr, mmx, sse, sse2, sse3, ssse3, sse4.1, sse4.2, popcnt, aes, clmul, erms, 3dnowpref, tsc, tscinvbit

Memory: 4k page, physical 2034352k(41288k free), swap 3205808k(4640k free)

vm_info: OpenJDK Server VM (25.202-b03) for windows-x86 JRE (1.8.0_202-release-1483-b03), built by "builder" with MS VC++ 10.0 (VS2010)

time: Thu Jan 30 14:53:32 2020
timezone: Türkiye Standart Saati
elapsed time: 60 seconds (0d 0h 1m 0s)

