#
# There is insufficient memory for the Java Runtime Environment to continue.
# Native memory allocation (malloc) failed to allocate 1552328 bytes for Chunk::new
# Possible reasons:
#   The system is out of physical RAM or swap space
#   In 32 bit mode, the process size limit was hit
# Possible solutions:
#   Reduce memory load on the system
#   Increase physical memory or swap space
#   Check if swap backing store is full
#   Use 64 bit Java on a 64 bit OS
#   Decrease Java heap size (-Xmx/-Xms)
#   Decrease number of Java threads
#   Decrease Java thread stack sizes (-Xss)
#   Set larger code cache with -XX:ReservedCodeCacheSize=
# This output file may be truncated or incomplete.
#
#  Out of Memory Error (allocation.cpp:389), pid=5244, tid=0x00001440
#
# JRE version: OpenJDK Runtime Environment (8.0_202-b03) (build 1.8.0_202-release-1483-b03)
# Java VM: OpenJDK Server VM (25.202-b03 mixed mode windows-x86 )
# Failed to write core dump. Minidumps are not enabled by default on client versions of Windows
#

---------------  T H R E A D  ---------------

Current thread (0x545bc800):  JavaThread "C2 CompilerThread1" daemon [_thread_in_native, id=5184, stack(0x54940000,0x54990000)]

Stack: [0x54940000,0x54990000],  sp=0x5498e420,  free space=313k
Native frames: (J=compiled Java code, j=interpreted, Vv=VM code, C=native code)
V  [jvm.dll+0x1a658b]
V  [jvm.dll+0x19ea98]
V  [jvm.dll+0x7d8b1]
V  [jvm.dll+0x7ddb7]
V  [jvm.dll+0x31faa2]
V  [jvm.dll+0x2f6922]
V  [jvm.dll+0x2ff1a7]
V  [jvm.dll+0x3008eb]
V  [jvm.dll+0x2ea0e6]
V  [jvm.dll+0x60e17]
V  [jvm.dll+0x615bf]
V  [jvm.dll+0x1777f0]
V  [jvm.dll+0x17802b]
V  [jvm.dll+0x1b8b16]
C  [msvcr100.dll+0x5c556]
C  [msvcr100.dll+0x5c600]
C  [KERNEL32.DLL+0x22369]
C  [ntdll.dll+0x5e5bb]
C  [ntdll.dll+0x5e58f]
C  0x00000000


Current CompileTask:
C2:  97297 12400 %     4       com.android.tools.r8.ir.regalloc.LinearScanRegisterAllocator::a @ 1194 (1738 bytes)


---------------  P R O C E S S  ---------------

Java Threads: ( => current thread )
  0x5627c800 JavaThread "WorkerExecutor Queue" [_thread_in_native, id=8172, stack(0x5bfd0000,0x5c020000)]
  0x57a91400 JavaThread "Cache worker for execution history cache (C:\Users\melih\AndroidStudioProjects\PureToneTools\.gradle\5.4.1\executionHistory)" [_thread_blocked, id=6888, stack(0x5bf80000,0x5bfd0000)]
  0x55ec4c00 JavaThread "Execution worker for ':' Thread 3" [_thread_in_Java, id=3356, stack(0x5ba20000,0x5ba70000)]
  0x55ec7400 JavaThread "Execution worker for ':' Thread 2" [_thread_in_Java, id=6660, stack(0x5b7c0000,0x5b810000)]
  0x55ec6c00 JavaThread "Execution worker for ':'" [_thread_in_Java, id=4736, stack(0x5a160000,0x5a1b0000)]
  0x57a8e000 JavaThread "Cache worker for file content cache (C:\Users\melih\AndroidStudioProjects\PureToneTools\.gradle\5.4.1\fileContent)" [_thread_blocked, id=896, stack(0x01200000,0x01250000)]
  0x57a8c000 JavaThread "Cache worker for file content cache (C:\Users\melih\.gradle\caches\5.4.1\fileContent)" [_thread_blocked, id=6780, stack(0x00f90000,0x00fe0000)]
  0x57a8dc00 JavaThread "Cache worker for Build Output Cleanup Cache (C:\Users\melih\AndroidStudioProjects\PureToneTools\.gradle\buildOutputCleanup)" [_thread_blocked, id=1828, stack(0x00f00000,0x00f50000)]
  0x57a8c800 JavaThread "Build operations Thread 4" [_thread_blocked, id=3824, stack(0x5a110000,0x5a160000)]
  0x57a93400 JavaThread "Build operations Thread 3" [_thread_blocked, id=6140, stack(0x5a0c0000,0x5a110000)]
  0x57a8d400 JavaThread "Build operations Thread 2" [_thread_blocked, id=8048, stack(0x59b50000,0x59ba0000)]
  0x57a92c00 JavaThread "Build operations" [_thread_blocked, id=6152, stack(0x59b00000,0x59b50000)]
  0x57a91800 JavaThread "Cache worker for cache directory md-rule (C:\Users\melih\.gradle\caches\5.4.1\md-rule)" [_thread_blocked, id=3484, stack(0x59820000,0x59870000)]
  0x57a90000 JavaThread "Cache worker for cache directory md-supplier (C:\Users\melih\.gradle\caches\5.4.1\md-supplier)" [_thread_blocked, id=6312, stack(0x597d0000,0x59820000)]
  0x57a8cc00 JavaThread "Cache worker for file hash cache (C:\Users\melih\AndroidStudioProjects\PureToneTools\.gradle\5.4.1\fileHashes)" [_thread_blocked, id=4660, stack(0x59780000,0x597d0000)]
  0x57a8f800 JavaThread "Thread-30" [_thread_blocked, id=3944, stack(0x571a0000,0x571f0000)]
  0x57a90c00 JavaThread "Stdin handler" [_thread_blocked, id=7512, stack(0x57150000,0x571a0000)]
  0x57a8ec00 JavaThread "Asynchronous log dispatcher for DefaultDaemonConnection: socket connection from /127.0.0.1:51704 to /127.0.0.1:51713" [_thread_blocked, id=4824, stack(0x57100000,0x57150000)]
  0x57a92400 JavaThread "Cancel handler" [_thread_blocked, id=6476, stack(0x57060000,0x570b0000)]
  0x57a90800 JavaThread "Handler for socket connection from /127.0.0.1:51704 to /127.0.0.1:51713" [_thread_in_native, id=5824, stack(0x57010000,0x57060000)]
  0x57a93800 JavaThread "Memory manager" [_thread_blocked, id=1096, stack(0x5b770000,0x5b7c0000)]
  0x55ec5400 JavaThread "Cache worker for execution history cache (C:\Users\melih\.gradle\caches\5.4.1\executionHistory)" [_thread_blocked, id=3520, stack(0x59ab0000,0x59b00000)]
  0x55ec6400 JavaThread "Cache worker for journal cache (C:\Users\melih\.gradle\caches\journal-1)" [_thread_blocked, id=6924, stack(0x57390000,0x573e0000)]
  0x55ec5800 JavaThread "File lock request listener" [_thread_in_native, id=3644, stack(0x57340000,0x57390000)]
  0x55ec6000 JavaThread "Cache worker for file hash cache (C:\Users\melih\.gradle\caches\5.4.1\fileHashes)" [_thread_blocked, id=5528, stack(0x572f0000,0x57340000)]
  0x5534e800 JavaThread "Daemon worker" [_thread_blocked, id=7376, stack(0x570b0000,0x57100000)]
  0x54af8400 JavaThread "Daemon" [_thread_blocked, id=1928, stack(0x56fc0000,0x57010000)]
  0x55174400 JavaThread "Daemon periodic checks" [_thread_blocked, id=5056, stack(0x56e70000,0x56ec0000)]
  0x5517bc00 JavaThread "Incoming local TCP Connector on port 51704" [_thread_in_native, id=6180, stack(0x56ce0000,0x56d30000)]
  0x55a7c800 JavaThread "Daemon health stats" [_thread_blocked, id=2872, stack(0x56850000,0x568a0000)]
  0x545c3c00 JavaThread "Service Thread" daemon [_thread_blocked, id=5924, stack(0x549e0000,0x54a30000)]
  0x545be000 JavaThread "C1 CompilerThread2" daemon [_thread_blocked, id=2060, stack(0x54990000,0x549e0000)]
=>0x545bc800 JavaThread "C2 CompilerThread1" daemon [_thread_in_native, id=5184, stack(0x54940000,0x54990000)]
  0x545c8c00 JavaThread "C2 CompilerThread0" daemon [_thread_in_native, id=1608, stack(0x548f0000,0x54940000)]
  0x545c7400 JavaThread "Attach Listener" daemon [_thread_blocked, id=4060, stack(0x548a0000,0x548f0000)]
  0x545c6400 JavaThread "Signal Dispatcher" daemon [_thread_blocked, id=1344, stack(0x54850000,0x548a0000)]
  0x545a9000 JavaThread "Finalizer" daemon [_thread_blocked, id=5960, stack(0x54710000,0x54760000)]
  0x545a3800 JavaThread "Reference Handler" daemon [_thread_blocked, id=1872, stack(0x546c0000,0x54710000)]
  0x0136c400 JavaThread "main" [_thread_blocked, id=7320, stack(0x01370000,0x013c0000)]

Other Threads:
  0x5458ec00 VMThread [stack: 0x54670000,0x546c0000] [id=5600]
  0x545c4c00 WatcherThread [stack: 0x54a30000,0x54a80000] [id=1456]

VM state:not at safepoint (normal execution)

VM Mutex/Monitor currently owned by a thread: None

Heap:
 PSYoungGen      total 192256K, used 85984K [0x3c2c0000, 0x49300000, 0x51800000)
  eden space 174080K, 40% used [0x3c2c0000,0x407eaa78,0x46cc0000)
  from space 18176K, 83% used [0x46cc0000,0x47b8d8e8,0x47e80000)
  to   space 18176K, 0% used [0x47e80000,0x47e80000,0x49040000)
 ParOldGen       total 75520K, used 38815K [0x11800000, 0x161c0000, 0x3c2c0000)
  object space 75520K, 51% used [0x11800000,0x13de7d30,0x161c0000)
 Metaspace       used 50370K, capacity 51740K, committed 51840K, reserved 52608K

Card table byte_map: [0x51800000,0x51a10000] byte_map_base: 0x51774000

Marking Bits: (ParMarkBitMap*) 0x7c818620
 Begin Bits: [0x51c10000, 0x52c10000)
 End Bits:   [0x52c10000, 0x53c10000)

Polling page: 0x013c0000

CodeCache: size=245760Kb used=30623Kb max_used=30623Kb free=215136Kb
 bounds [0x023b0000, 0x041b0000, 0x113b0000]
 total_blobs=11605 nmethods=11135 adapters=383
 compilation: enabled

Compilation events (10 events):
Event: 96.956 Thread 0x545be000 12615       2       com.android.tools.r8.ir.conversion.N::a (319 bytes)
Event: 96.960 Thread 0x545be000 nmethod 12615 0x04168708 code [0x041689c0, 0x041691b4]
Event: 96.973 Thread 0x545be000 12616       2       com.android.tools.r8.ir.code.Throw::a (25 bytes)
Event: 96.974 Thread 0x545be000 nmethod 12616 0x04168188 code [0x041682c0, 0x041684b0]
Event: 96.991 Thread 0x545be000 12617       2       java.util.TreeSet::first (10 bytes)
Event: 96.991 Thread 0x545be000 nmethod 12617 0x04167f08 code [0x04168020, 0x0416810c]
Event: 97.043 Thread 0x545be000 12618       1       com.android.tools.r8.ir.conversion.C::d (5 bytes)
Event: 97.043 Thread 0x545be000 nmethod 12618 0x04167d08 code [0x04167e00, 0x04167ea0]
Event: 97.071 Thread 0x545be000 12620       2       com.android.tools.r8.ir.code.q::q (2 bytes)
Event: 97.072 Thread 0x545be000 nmethod 12620 0x04167ac8 code [0x04167bc0, 0x04167c80]

GC Heap History (10 events):
Event: 80.828 GC heap before
{Heap before GC invocations=20 (full 3):
 PSYoungGen      total 171520K, used 154368K [0x3c2c0000, 0x47d00000, 0x51800000)
  eden space 154368K, 100% used [0x3c2c0000,0x45980000,0x45980000)
  from space 17152K, 0% used [0x46a00000,0x46a00000,0x47ac0000)
  to   space 16896K, 0% used [0x45980000,0x45980000,0x46a00000)
 ParOldGen       total 75520K, used 38799K [0x11800000, 0x161c0000, 0x3c2c0000)
  object space 75520K, 51% used [0x11800000,0x13de3d30,0x161c0000)
 Metaspace       used 49347K, capacity 50722K, committed 50816K, reserved 51584K
Event: 80.918 GC heap after
Heap after GC invocations=20 (full 3):
 PSYoungGen      total 171264K, used 13777K [0x3c2c0000, 0x47d00000, 0x51800000)
  eden space 154368K, 0% used [0x3c2c0000,0x3c2c0000,0x45980000)
  from space 16896K, 81% used [0x45980000,0x466f4748,0x46a00000)
  to   space 17152K, 0% used [0x46a00000,0x46a00000,0x47ac0000)
 ParOldGen       total 75520K, used 38807K [0x11800000, 0x161c0000, 0x3c2c0000)
  object space 75520K, 51% used [0x11800000,0x13de5d30,0x161c0000)
 Metaspace       used 49347K, capacity 50722K, committed 50816K, reserved 51584K
}
Event: 86.285 GC heap before
{Heap before GC invocations=21 (full 3):
 PSYoungGen      total 171264K, used 168145K [0x3c2c0000, 0x47d00000, 0x51800000)
  eden space 154368K, 100% used [0x3c2c0000,0x45980000,0x45980000)
  from space 16896K, 81% used [0x45980000,0x466f4748,0x46a00000)
  to   space 17152K, 0% used [0x46a00000,0x46a00000,0x47ac0000)
 ParOldGen       total 75520K, used 38807K [0x11800000, 0x161c0000, 0x3c2c0000)
  object space 75520K, 51% used [0x11800000,0x13de5d30,0x161c0000)
 Metaspace       used 50172K, capacity 51573K, committed 51584K, reserved 51584K
Event: 86.329 GC heap after
Heap after GC invocations=21 (full 3):
 PSYoungGen      total 170240K, used 10338K [0x3c2c0000, 0x49000000, 0x51800000)
  eden space 153088K, 0% used [0x3c2c0000,0x3c2c0000,0x45840000)
  from space 17152K, 60% used [0x46a00000,0x47418850,0x47ac0000)
  to   space 18176K, 0% used [0x45840000,0x45840000,0x46a00000)
 ParOldGen       total 75520K, used 38811K [0x11800000, 0x161c0000, 0x3c2c0000)
  object space 75520K, 51% used [0x11800000,0x13de6d30,0x161c0000)
 Metaspace       used 50172K, capacity 51573K, committed 51584K, reserved 51584K
}
Event: 89.455 GC heap before
{Heap before GC invocations=22 (full 3):
 PSYoungGen      total 170240K, used 163426K [0x3c2c0000, 0x49000000, 0x51800000)
  eden space 153088K, 100% used [0x3c2c0000,0x45840000,0x45840000)
  from space 17152K, 60% used [0x46a00000,0x47418850,0x47ac0000)
  to   space 18176K, 0% used [0x45840000,0x45840000,0x46a00000)
 ParOldGen       total 75520K, used 38811K [0x11800000, 0x161c0000, 0x3c2c0000)
  object space 75520K, 51% used [0x11800000,0x13de6d30,0x161c0000)
 Metaspace       used 50276K, capacity 51676K, committed 51712K, reserved 52608K
Event: 89.507 GC heap after
Heap after GC invocations=22 (full 3):
 PSYoungGen      total 171264K, used 10635K [0x3c2c0000, 0x49040000, 0x51800000)
  eden space 153088K, 0% used [0x3c2c0000,0x3c2c0000,0x45840000)
  from space 18176K, 58% used [0x45840000,0x462a2d68,0x46a00000)
  to   space 18176K, 0% used [0x47e80000,0x47e80000,0x49040000)
 ParOldGen       total 75520K, used 38811K [0x11800000, 0x161c0000, 0x3c2c0000)
  object space 75520K, 51% used [0x11800000,0x13de6d30,0x161c0000)
 Metaspace       used 50276K, capacity 51676K, committed 51712K, reserved 52608K
}
Event: 93.042 GC heap before
{Heap before GC invocations=23 (full 3):
 PSYoungGen      total 171264K, used 163723K [0x3c2c0000, 0x49040000, 0x51800000)
  eden space 153088K, 100% used [0x3c2c0000,0x45840000,0x45840000)
  from space 18176K, 58% used [0x45840000,0x462a2d68,0x46a00000)
  to   space 18176K, 0% used [0x47e80000,0x47e80000,0x49040000)
 ParOldGen       total 75520K, used 38811K [0x11800000, 0x161c0000, 0x3c2c0000)
  object space 75520K, 51% used [0x11800000,0x13de6d30,0x161c0000)
 Metaspace       used 50337K, capacity 51708K, committed 51840K, reserved 52608K
Event: 93.122 GC heap after
Heap after GC invocations=23 (full 3):
 PSYoungGen      total 192256K, used 10695K [0x3c2c0000, 0x49300000, 0x51800000)
  eden space 174080K, 0% used [0x3c2c0000,0x3c2c0000,0x46cc0000)
  from space 18176K, 58% used [0x47e80000,0x488f1f20,0x49040000)
  to   space 18176K, 0% used [0x46cc0000,0x46cc0000,0x47e80000)
 ParOldGen       total 75520K, used 38811K [0x11800000, 0x161c0000, 0x3c2c0000)
  object space 75520K, 51% used [0x11800000,0x13de6d30,0x161c0000)
 Metaspace       used 50337K, capacity 51708K, committed 51840K, reserved 52608K
}
Event: 96.040 GC heap before
{Heap before GC invocations=24 (full 3):
 PSYoungGen      total 192256K, used 184775K [0x3c2c0000, 0x49300000, 0x51800000)
  eden space 174080K, 100% used [0x3c2c0000,0x46cc0000,0x46cc0000)
  from space 18176K, 58% used [0x47e80000,0x488f1f20,0x49040000)
  to   space 18176K, 0% used [0x46cc0000,0x46cc0000,0x47e80000)
 ParOldGen       total 75520K, used 38811K [0x11800000, 0x161c0000, 0x3c2c0000)
  object space 75520K, 51% used [0x11800000,0x13de6d30,0x161c0000)
 Metaspace       used 50361K, capacity 51740K, committed 51840K, reserved 52608K
Event: 96.142 GC heap after
Heap after GC invocations=24 (full 3):
 PSYoungGen      total 192256K, used 15158K [0x3c2c0000, 0x49300000, 0x51800000)
  eden space 174080K, 0% used [0x3c2c0000,0x3c2c0000,0x46cc0000)
  from space 18176K, 83% used [0x46cc0000,0x47b8d8e8,0x47e80000)
  to   space 18176K, 0% used [0x47e80000,0x47e80000,0x49040000)
 ParOldGen       total 75520K, used 38815K [0x11800000, 0x161c0000, 0x3c2c0000)
  object space 75520K, 51% used [0x11800000,0x13de7d30,0x161c0000)
 Metaspace       used 50361K, capacity 51740K, committed 51840K, reserved 52608K
}

Deoptimization events (10 events):
Event: 91.013 Thread 0x55ec4c00 Uncommon trap: reason=unstable_if action=reinterpret pc=0x02a8b1d4 method=java.util.HashMap.putVal(ILjava/lang/Object;Ljava/lang/Object;ZZ)Ljava/lang/Object; @ 162
Event: 91.013 Thread 0x55ec4c00 Uncommon trap: reason=unstable_if action=reinterpret pc=0x03345e3c method=java.util.HashMap.putVal(ILjava/lang/Object;Ljava/lang/Object;ZZ)Ljava/lang/Object; @ 162
Event: 91.017 Thread 0x55ec4c00 Uncommon trap: reason=unstable_if action=reinterpret pc=0x02ae053c method=java.util.HashMap.getNode(ILjava/lang/Object;)Ljava/util/HashMap$Node; @ 84
Event: 91.017 Thread 0x55ec4c00 Uncommon trap: reason=unstable_if action=reinterpret pc=0x029e7b44 method=java.util.HashMap.getNode(ILjava/lang/Object;)Ljava/util/HashMap$Node; @ 84
Event: 91.850 Thread 0x55ec7400 Uncommon trap: reason=unstable_if action=reinterpret pc=0x03062638 method=com.android.tools.r8.t.a.a.B.equals(Ljava/lang/Object;)Z @ 113
Event: 93.032 Thread 0x55ec4c00 Uncommon trap: reason=unstable_if action=reinterpret pc=0x037a28c4 method=com.android.tools.build.jetifier.core.rule.RewriteRule.apply(Lcom/android/tools/build/jetifier/core/type/JavaType;)Lcom/android/tools/build/jetifier/core/rule/RewriteRule$TypeRewrit
Event: 94.390 Thread 0x55ec7400 Uncommon trap: reason=array_check action=maybe_recompile pc=0x04141a2c method=java.util.TimSort.reverseRange([Ljava/lang/Object;II)V @ 27
Event: 94.938 Thread 0x55ec4c00 Uncommon trap: reason=unstable_if action=reinterpret pc=0x025e2660 method=java.util.HashMap.resize()[Ljava/util/HashMap$Node; @ 206
Event: 95.660 Thread 0x55ec7400 Uncommon trap: reason=unstable_if action=reinterpret pc=0x0413254c method=com.android.tools.r8.ir.optimize.z.a(Lcom/android/tools/r8/ir/code/Instruction;)Z @ 138
Event: 96.560 Thread 0x55ec7400 Uncommon trap: reason=unstable_if action=reinterpret pc=0x03a79eec method=java.util.concurrent.ConcurrentHashMap.computeIfAbsent(Ljava/lang/Object;Ljava/util/function/Function;)Ljava/lang/Object; @ 281

Classes redefined (0 events):
No events

Internal exceptions (10 events):
Event: 86.391 Thread 0x55ec4c00 Implicit null exception at 0x0354ffba to 0x0355021d
Event: 86.977 Thread 0x55ec4c00 Exception <a 'sun/nio/fs/WindowsException'> (0x3dc96f48) thrown at [D:\src\AOSP-openjdk-cygwin\jdk8u\hotspot\src\share\vm\prims\jni.cpp, line 710]
Event: 88.447 Thread 0x55ec7400 Exception <a 'sun/nio/fs/WindowsException'> (0x42921e20) thrown at [D:\src\AOSP-openjdk-cygwin\jdk8u\hotspot\src\share\vm\prims\jni.cpp, line 710]
Event: 89.282 Thread 0x55ec7400 Exception <a 'sun/nio/fs/WindowsException'> (0x450c5900) thrown at [D:\src\AOSP-openjdk-cygwin\jdk8u\hotspot\src\share\vm\prims\jni.cpp, line 710]
Event: 89.570 Thread 0x55ec4c00 Exception <a 'sun/nio/fs/WindowsException'> (0x3c363cc8) thrown at [D:\src\AOSP-openjdk-cygwin\jdk8u\hotspot\src\share\vm\prims\jni.cpp, line 710]
Event: 90.685 Thread 0x55ec4c00 Exception <a 'sun/nio/fs/WindowsException'> (0x3ef9cc38) thrown at [D:\src\AOSP-openjdk-cygwin\jdk8u\hotspot\src\share\vm\prims\jni.cpp, line 710]
Event: 92.226 Thread 0x55ec4c00 Exception <a 'sun/nio/fs/WindowsException'> (0x433e7eb8) thrown at [D:\src\AOSP-openjdk-cygwin\jdk8u\hotspot\src\share\vm\prims\jni.cpp, line 710]
Event: 93.175 Thread 0x55ec7400 Exception <a 'sun/nio/fs/WindowsException'> (0x3c519e00) thrown at [D:\src\AOSP-openjdk-cygwin\jdk8u\hotspot\src\share\vm\prims\jni.cpp, line 710]
Event: 94.211 Thread 0x55ec4c00 Exception <a 'sun/nio/fs/WindowsException'> (0x40ee08e8) thrown at [D:\src\AOSP-openjdk-cygwin\jdk8u\hotspot\src\share\vm\prims\jni.cpp, line 710]
Event: 94.562 Thread 0x55ec7400 Exception <a 'sun/nio/fs/WindowsException'> (0x42369408) thrown at [D:\src\AOSP-openjdk-cygwin\jdk8u\hotspot\src\share\vm\prims\jni.cpp, line 710]

Events (10 events):
Event: 95.660 Thread 0x55ec7400 DEOPT UNPACKING pc=0x023eabbc sp=0x5b80d090 mode 2
Event: 96.039 Executing VM operation: ParallelGCFailedAllocation
Event: 96.142 Executing VM operation: ParallelGCFailedAllocation done
Event: 96.560 Thread 0x55ec7400 Uncommon trap: trap_request=0xffffff65 fr.pc=0x03a79eec
Event: 96.560 Thread 0x55ec7400 DEOPT PACKING pc=0x03a79eec sp=0x5b80ced0
Event: 96.560 Thread 0x55ec7400 DEOPT UNPACKING pc=0x023eabbc sp=0x5b80ce94 mode 2
Event: 96.806 Thread 0x55ec6c00 DEOPT PACKING pc=0x03ad8e85 sp=0x5a1acbc0
Event: 96.806 Thread 0x55ec6c00 DEOPT UNPACKING pc=0x023ec2f5 sp=0x5a1acc54 mode 0
Event: 96.897 Thread 0x55ec4c00 DEOPT PACKING pc=0x03e61569 sp=0x5ba6ccf0
Event: 96.897 Thread 0x55ec4c00 DEOPT UNPACKING pc=0x023ec2f5 sp=0x5ba6cc48 mode 0


Dynamic libraries:
0x00f60000 - 0x00f8d000 	D:\android-studio-ide-191.5977832-windows32\android-studio\jre\bin\java.exe
0x77280000 - 0x77419000 	C:\WINDOWS\SYSTEM32\ntdll.dll
0x76620000 - 0x766b8000 	C:\WINDOWS\System32\KERNEL32.DLL
0x74c40000 - 0x74e3a000 	C:\WINDOWS\System32\KERNELBASE.dll
0x72f90000 - 0x7302f000 	C:\WINDOWS\SYSTEM32\apphelp.dll
0x760c0000 - 0x76139000 	C:\WINDOWS\System32\ADVAPI32.dll
0x76d80000 - 0x76e3f000 	C:\WINDOWS\System32\msvcrt.dll
0x771a0000 - 0x77216000 	C:\WINDOWS\System32\sechost.dll
0x766c0000 - 0x76781000 	C:\WINDOWS\System32\RPCRT4.dll
0x761a0000 - 0x76318000 	C:\WINDOWS\System32\USER32.dll
0x757c0000 - 0x757dc000 	C:\WINDOWS\System32\win32u.dll
0x76d50000 - 0x76d71000 	C:\WINDOWS\System32\GDI32.dll
0x74e40000 - 0x74f9d000 	C:\WINDOWS\System32\gdi32full.dll
0x750c0000 - 0x7513c000 	C:\WINDOWS\System32\msvcp_win.dll
0x74fa0000 - 0x750bf000 	C:\WINDOWS\System32\ucrtbase.dll
0x688b0000 - 0x68abf000 	C:\WINDOWS\WinSxS\x86_microsoft.windows.common-controls_6595b64144ccf1df_6.0.18362.592_none_2e6de868278ee708\COMCTL32.dll
0x763a0000 - 0x76616000 	C:\WINDOWS\System32\combase.dll
0x74bc0000 - 0x74c1f000 	C:\WINDOWS\System32\bcryptPrimitives.dll
0x759c0000 - 0x759e6000 	C:\WINDOWS\System32\IMM32.DLL
0x6a7a0000 - 0x6a85f000 	D:\android-studio-ide-191.5977832-windows32\android-studio\jre\jre\bin\msvcr100.dll
0x7c2a0000 - 0x7c889000 	D:\android-studio-ide-191.5977832-windows32\android-studio\jre\jre\bin\server\jvm.dll
0x76e40000 - 0x76e46000 	C:\WINDOWS\System32\PSAPI.DLL
0x72970000 - 0x72994000 	C:\WINDOWS\SYSTEM32\WINMM.dll
0x69e80000 - 0x69e88000 	C:\WINDOWS\SYSTEM32\VERSION.dll
0x61c80000 - 0x61c88000 	C:\WINDOWS\SYSTEM32\WSOCK32.dll
0x727b0000 - 0x727d3000 	C:\WINDOWS\SYSTEM32\WINMMBASE.dll
0x757e0000 - 0x7581b000 	C:\WINDOWS\System32\cfgmgr32.dll
0x76340000 - 0x7639e000 	C:\WINDOWS\System32\WS2_32.dll
0x719e0000 - 0x719ec000 	D:\android-studio-ide-191.5977832-windows32\android-studio\jre\jre\bin\verify.dll
0x6a920000 - 0x6a941000 	D:\android-studio-ide-191.5977832-windows32\android-studio\jre\jre\bin\java.dll
0x6d660000 - 0x6d674000 	D:\android-studio-ide-191.5977832-windows32\android-studio\jre\jre\bin\zip.dll
0x75b30000 - 0x760aa000 	C:\WINDOWS\System32\SHELL32.dll
0x76f50000 - 0x76fd4000 	C:\WINDOWS\System32\shcore.dll
0x751f0000 - 0x757b5000 	C:\WINDOWS\System32\windows.storage.dll
0x74af0000 - 0x74b07000 	C:\WINDOWS\System32\profapi.dll
0x74b10000 - 0x74b53000 	C:\WINDOWS\System32\powrprof.dll
0x74ad0000 - 0x74add000 	C:\WINDOWS\System32\UMPDC.dll
0x75a50000 - 0x75a94000 	C:\WINDOWS\System32\shlwapi.dll
0x74ae0000 - 0x74aef000 	C:\WINDOWS\System32\kernel.appcore.dll
0x75140000 - 0x75153000 	C:\WINDOWS\System32\cryptsp.dll
0x6d450000 - 0x6d465000 	D:\android-studio-ide-191.5977832-windows32\android-studio\jre\jre\bin\net.dll
0x74430000 - 0x74487000 	C:\WINDOWS\system32\mswsock.dll
0x708b0000 - 0x708bf000 	D:\android-studio-ide-191.5977832-windows32\android-studio\jre\jre\bin\nio.dll
0x70890000 - 0x708b0000 	C:\Users\melih\.gradle\native\29\windows-i386\native-platform.dll
0x6d9a0000 - 0x6d9aa000 	D:\android-studio-ide-191.5977832-windows32\android-studio\jre\jre\bin\management.dll
0x74060000 - 0x7408f000 	C:\WINDOWS\system32\rsaenh.dll
0x74c20000 - 0x74c3b000 	C:\WINDOWS\System32\bcrypt.dll
0x74a20000 - 0x74a3e000 	C:\WINDOWS\SYSTEM32\USERENV.dll
0x745b0000 - 0x745ba000 	C:\WINDOWS\SYSTEM32\CRYPTBASE.dll
0x741c0000 - 0x741f2000 	C:\WINDOWS\SYSTEM32\IPHLPAPI.DLL
0x75aa0000 - 0x75aa7000 	C:\WINDOWS\System32\NSI.dll
0x6d600000 - 0x6d613000 	C:\WINDOWS\SYSTEM32\dhcpcsvc6.DLL
0x6d7e0000 - 0x6d7f5000 	C:\WINDOWS\SYSTEM32\dhcpcsvc.DLL
0x74200000 - 0x74291000 	C:\WINDOWS\SYSTEM32\DNSAPI.dll
0x68af0000 - 0x68c7f000 	C:\WINDOWS\SYSTEM32\dbghelp.dll

VM Arguments:
jvm_args: -Xmx1024m -Dfile.encoding=windows-1254 -Duser.country=TR -Duser.language=tr -Duser.variant 
java_command: org.gradle.launcher.daemon.bootstrap.GradleDaemon 5.4.1
java_class_path (initial): C:\Users\melih\.gradle\wrapper\dists\gradle-5.4.1-all\3221gyojl5jsh0helicew7rwx\gradle-5.4.1\lib\gradle-launcher-5.4.1.jar
Launcher Type: SUN_STANDARD

Environment Variables:
PATH=C:\Program Files\Common Files\Oracle\Java\javapath;C:\WINDOWS\system32;C:\WINDOWS;C:\WINDOWS\System32\Wbem;C:\WINDOWS\System32\WindowsPowerShell\v1.0\;C:\WINDOWS\System32\OpenSSH\;C:\Program Files\Calibre2\;C:\Users\melih\AppData\Local\Microsoft\WindowsApps;
USERNAME=melih
OS=Windows_NT
PROCESSOR_IDENTIFIER=x86 Family 6 Model 55 Stepping 8, GenuineIntel



---------------  S Y S T E M  ---------------

OS: Windows 10.0 Build 18362 (10.0.18362.329)

CPU:total 4 (initial active 4) (4 cores per cpu, 1 threads per core) family 6 model 55 stepping 8, cmov, cx8, fxsr, mmx, sse, sse2, sse3, ssse3, sse4.1, sse4.2, popcnt, aes, clmul, erms, 3dnowpref, tsc, tscinvbit

Memory: 4k page, physical 2034352k(66256k free), swap 3205808k(4108k free)

vm_info: OpenJDK Server VM (25.202-b03) for windows-x86 JRE (1.8.0_202-release-1483-b03), built by "builder" with MS VC++ 10.0 (VS2010)

time: Thu Jan 30 15:10:39 2020
timezone: Türkiye Standart Saati
elapsed time: 97 seconds (0d 0h 1m 37s)

