#
# There is insufficient memory for the Java Runtime Environment to continue.
# Native memory allocation (malloc) failed to allocate 597608 bytes for Chunk::new
# Possible reasons:
#   The system is out of physical RAM or swap space
#   In 32 bit mode, the process size limit was hit
# Possible solutions:
#   Reduce memory load on the system
#   Increase physical memory or swap space
#   Check if swap backing store is full
#   Use 64 bit Java on a 64 bit OS
#   Decrease Java heap size (-Xmx/-Xms)
#   Decrease number of Java threads
#   Decrease Java thread stack sizes (-Xss)
#   Set larger code cache with -XX:ReservedCodeCacheSize=
# This output file may be truncated or incomplete.
#
#  Out of Memory Error (allocation.cpp:389), pid=2588, tid=0x000018e0
#
# JRE version: OpenJDK Runtime Environment (8.0_202-b03) (build 1.8.0_202-release-1483-b03)
# Java VM: OpenJDK Server VM (25.202-b03 mixed mode windows-x86 )
# Failed to write core dump. Minidumps are not enabled by default on client versions of Windows
#

---------------  T H R E A D  ---------------

Current thread (0x541c7400):  JavaThread "C2 CompilerThread0" daemon [_thread_in_native, id=6368, stack(0x544f0000,0x54540000)]

Stack: [0x544f0000,0x54540000],  sp=0x5453de80,  free space=311k
Native frames: (J=compiled Java code, j=interpreted, Vv=VM code, C=native code)
V  [jvm.dll+0x1a658b]
V  [jvm.dll+0x19ea98]
V  [jvm.dll+0x7d8b1]
V  [jvm.dll+0x7ddb7]
V  [jvm.dll+0x31faa2]
V  [jvm.dll+0x2f6837]
V  [jvm.dll+0x2ff1a7]
V  [jvm.dll+0x3008eb]
V  [jvm.dll+0x2ea0e6]
V  [jvm.dll+0x60e17]
V  [jvm.dll+0x615bf]
V  [jvm.dll+0x1777f0]
V  [jvm.dll+0x17802b]
V  [jvm.dll+0x1b8b16]
C  [msvcr100.dll+0x5c556]
C  [msvcr100.dll+0x5c600]
C  [KERNEL32.DLL+0x22369]
C  [ntdll.dll+0x5e5bb]
C  [ntdll.dll+0x5e58f]
C  0x00000000


Current CompileTask:
C2:  84430 8549       4       java.io.ObjectOutputStream::writeClassDesc (60 bytes)


---------------  P R O C E S S  ---------------

Java Threads: ( => current thread )
  0x548dd000 JavaThread "Memory manager" [_thread_blocked, id=2892, stack(0x5be30000,0x5be80000)]
  0x548dc800 JavaThread "Cache worker for Build Output Cleanup Cache (C:\Users\melih\AndroidStudioProjects\PureToneTools\.gradle\buildOutputCleanup)" [_thread_blocked, id=2924, stack(0x5a2e0000,0x5a330000)]
  0x548d8800 JavaThread "Build operations Thread 4" [_thread_blocked, id=2764, stack(0x5a190000,0x5a1e0000)]
  0x548d8400 JavaThread "Build operations Thread 3" [_thread_blocked, id=4996, stack(0x5a140000,0x5a190000)]
  0x548d9400 JavaThread "Build operations Thread 2" [_thread_blocked, id=5228, stack(0x5a0f0000,0x5a140000)]
  0x54ca7000 JavaThread "Build operations" [_thread_blocked, id=1760, stack(0x5a0a0000,0x5a0f0000)]
  0x54ca6c00 JavaThread "Cache worker for execution history cache (C:\Users\melih\.gradle\caches\5.4.1\executionHistory)" [_thread_blocked, id=7464, stack(0x59ab0000,0x59b00000)]
  0x54ca9000 JavaThread "Cache worker for cache directory md-rule (C:\Users\melih\.gradle\caches\5.4.1\md-rule)" [_thread_blocked, id=1884, stack(0x58450000,0x584a0000)]
  0x54ca6400 JavaThread "Cache worker for cache directory md-supplier (C:\Users\melih\.gradle\caches\5.4.1\md-supplier)" [_thread_blocked, id=2388, stack(0x58400000,0x58450000)]
  0x54ca8400 JavaThread "Cache worker for file hash cache (C:\Users\melih\AndroidStudioProjects\PureToneTools\.gradle\5.4.1\fileHashes)" [_thread_blocked, id=4964, stack(0x581b0000,0x58200000)]
  0x54ca8000 JavaThread "Cache worker for journal cache (C:\Users\melih\.gradle\caches\journal-1)" [_thread_blocked, id=2328, stack(0x56f90000,0x56fe0000)]
  0x54ca7800 JavaThread "File lock request listener" [_thread_in_native, id=1684, stack(0x56f40000,0x56f90000)]
  0x54ca8c00 JavaThread "Cache worker for file hash cache (C:\Users\melih\.gradle\caches\5.4.1\fileHashes)" [_thread_blocked, id=3628, stack(0x56ef0000,0x56f40000)]
  0x54ced400 JavaThread "Thread-9" [_thread_blocked, id=4288, stack(0x56da0000,0x56df0000)]
  0x54e00c00 JavaThread "Asynchronous log dispatcher for DefaultDaemonConnection: socket connection from /127.0.0.1:51447 to /127.0.0.1:51448" [_thread_blocked, id=8168, stack(0x56d00000,0x56d50000)]
  0x54e00800 JavaThread "Daemon worker" [_thread_in_native, id=8008, stack(0x56cb0000,0x56d00000)]
  0x54e04400 JavaThread "Cancel handler" [_thread_blocked, id=7712, stack(0x56c60000,0x56cb0000)]
  0x54718000 JavaThread "Handler for socket connection from /127.0.0.1:51447 to /127.0.0.1:51448" [_thread_in_native, id=656, stack(0x56c10000,0x56c60000)]
  0x546c9800 JavaThread "Daemon" [_thread_blocked, id=7308, stack(0x56bc0000,0x56c10000)]
  0x547bb400 JavaThread "Daemon periodic checks" [_thread_blocked, id=2796, stack(0x56a70000,0x56ac0000)]
  0x547b8c00 JavaThread "Incoming local TCP Connector on port 51447" [_thread_in_native, id=7076, stack(0x568e0000,0x56930000)]
  0x55a43800 JavaThread "Daemon health stats" [_thread_blocked, id=7852, stack(0x56450000,0x564a0000)]
  0x5422f000 JavaThread "Service Thread" daemon [_thread_blocked, id=6104, stack(0x545e0000,0x54630000)]
  0x54211000 JavaThread "C1 CompilerThread2" daemon [_thread_blocked, id=3156, stack(0x54590000,0x545e0000)]
  0x541c8800 JavaThread "C2 CompilerThread1" daemon [_thread_in_native, id=7180, stack(0x54540000,0x54590000)]
=>0x541c7400 JavaThread "C2 CompilerThread0" daemon [_thread_in_native, id=6368, stack(0x544f0000,0x54540000)]
  0x541c5800 JavaThread "Attach Listener" daemon [_thread_blocked, id=6388, stack(0x544a0000,0x544f0000)]
  0x541c4800 JavaThread "Signal Dispatcher" daemon [_thread_blocked, id=440, stack(0x54450000,0x544a0000)]
  0x541a7800 JavaThread "Finalizer" daemon [_thread_blocked, id=2988, stack(0x54310000,0x54360000)]
  0x541a1c00 JavaThread "Reference Handler" daemon [_thread_blocked, id=332, stack(0x542c0000,0x54310000)]
  0x0203c400 JavaThread "main" [_thread_blocked, id=5200, stack(0x01090000,0x010e0000)]

Other Threads:
  0x5418d000 VMThread [stack: 0x54270000,0x542c0000] [id=6920]
  0x54230000 WatcherThread [stack: 0x54630000,0x54680000] [id=6916]

VM state:not at safepoint (normal execution)

VM Mutex/Monitor currently owned by a thread: None

Heap:
 PSYoungGen      total 117248K, used 12167K [0x3bec0000, 0x44240000, 0x51400000)
  eden space 108800K, 11% used [0x3bec0000,0x3caa1f58,0x42900000)
  from space 8448K, 0% used [0x43280000,0x43280000,0x43ac0000)
  to   space 9728K, 0% used [0x42900000,0x42900000,0x43280000)
 ParOldGen       total 39168K, used 39149K [0x11400000, 0x13a40000, 0x3bec0000)
  object space 39168K, 99% used [0x11400000,0x13a3b770,0x13a40000)
 Metaspace       used 47382K, capacity 48732K, committed 48768K, reserved 49536K

Card table byte_map: [0x51400000,0x51610000] byte_map_base: 0x51376000

Marking Bits: (ParMarkBitMap*) 0x7c818620
 Begin Bits: [0x51810000, 0x52810000)
 End Bits:   [0x52810000, 0x53810000)

Polling page: 0x00f40000

CodeCache: size=245760Kb used=19954Kb max_used=19954Kb free=225805Kb
 bounds [0x02040000, 0x033d0000, 0x11040000]
 total_blobs=8117 nmethods=7641 adapters=390
 compilation: enabled

Compilation events (10 events):
Event: 84.053 Thread 0x54211000 8742       3       org.gradle.api.internal.tasks.properties.DefaultTypeMetadataStore$DefaultTypeMetadata::collectValidationFailures (41 bytes)
Event: 84.055 Thread 0x54211000 nmethod 8742 0x033b5408 code [0x033b55c0, 0x033b5f50]
Event: 84.058 Thread 0x54211000 8743       3       org.gradle.api.internal.tasks.properties.bean.AbstractNestedRuntimeBeanNode$BeanPropertyValue::<init> (35 bytes)
Event: 84.059 Thread 0x54211000 nmethod 8743 0x033b63c8 code [0x033b6540, 0x033b69e4]
Event: 84.061 Thread 0x54211000 8744       3       org.gradle.api.internal.tasks.properties.bean.AbstractNestedRuntimeBeanNode$1::<init> (20 bytes)
Event: 84.062 Thread 0x54211000 nmethod 8744 0x033b6cc8 code [0x033b6de0, 0x033b6f20]
Event: 84.105 Thread 0x54211000 8746       3       org.gradle.util.Path::compareTo (110 bytes)
Event: 84.107 Thread 0x54211000 nmethod 8746 0x033b6fc8 code [0x033b7160, 0x033b77b8]
Event: 84.108 Thread 0x54211000 8747       3       org.gradle.api.internal.AbstractTask::compareTo (36 bytes)
Event: 84.110 Thread 0x54211000 nmethod 8747 0x033b7bc8 code [0x033b7d60, 0x033b8410]

GC Heap History (10 events):
Event: 52.958 GC heap before
{Heap before GC invocations=17 (full 2):
 PSYoungGen      total 117248K, used 108800K [0x3bec0000, 0x44240000, 0x51400000)
  eden space 108800K, 100% used [0x3bec0000,0x42900000,0x42900000)
  from space 8448K, 0% used [0x43280000,0x43280000,0x43ac0000)
  to   space 9728K, 0% used [0x42900000,0x42900000,0x43280000)
 ParOldGen       total 39168K, used 20345K [0x11400000, 0x13a40000, 0x3bec0000)
  object space 39168K, 51% used [0x11400000,0x127de750,0x13a40000)
 Metaspace       used 33201K, capacity 34071K, committed 34176K, reserved 34176K
Event: 53.218 GC heap after
Heap after GC invocations=17 (full 2):
 PSYoungGen      total 118528K, used 9720K [0x3bec0000, 0x44240000, 0x51400000)
  eden space 108800K, 0% used [0x3bec0000,0x3bec0000,0x42900000)
  from space 9728K, 99% used [0x42900000,0x4327e068,0x43280000)
  to   space 8448K, 0% used [0x43280000,0x43280000,0x43ac0000)
 ParOldGen       total 39168K, used 23930K [0x11400000, 0x13a40000, 0x3bec0000)
  object space 39168K, 61% used [0x11400000,0x12b5ea60,0x13a40000)
 Metaspace       used 33201K, capacity 34071K, committed 34176K, reserved 34176K
}
Event: 62.354 GC heap before
{Heap before GC invocations=18 (full 2):
 PSYoungGen      total 118528K, used 118520K [0x3bec0000, 0x44240000, 0x51400000)
  eden space 108800K, 100% used [0x3bec0000,0x42900000,0x42900000)
  from space 9728K, 99% used [0x42900000,0x4327e068,0x43280000)
  to   space 8448K, 0% used [0x43280000,0x43280000,0x43ac0000)
 ParOldGen       total 39168K, used 23930K [0x11400000, 0x13a40000, 0x3bec0000)
  object space 39168K, 61% used [0x11400000,0x12b5ea60,0x13a40000)
 Metaspace       used 39407K, capacity 40555K, committed 40576K, reserved 41344K
Event: 62.461 GC heap after
Heap after GC invocations=18 (full 2):
 PSYoungGen      total 117248K, used 8441K [0x3bec0000, 0x44240000, 0x51400000)
  eden space 108800K, 0% used [0x3bec0000,0x3bec0000,0x42900000)
  from space 8448K, 99% used [0x43280000,0x43abe500,0x43ac0000)
  to   space 9728K, 0% used [0x42900000,0x42900000,0x43280000)
 ParOldGen       total 39168K, used 33280K [0x11400000, 0x13a40000, 0x3bec0000)
  object space 39168K, 84% used [0x11400000,0x13480140,0x13a40000)
 Metaspace       used 39407K, capacity 40555K, committed 40576K, reserved 41344K
}
Event: 62.461 GC heap before
{Heap before GC invocations=19 (full 3):
 PSYoungGen      total 117248K, used 8441K [0x3bec0000, 0x44240000, 0x51400000)
  eden space 108800K, 0% used [0x3bec0000,0x3bec0000,0x42900000)
  from space 8448K, 99% used [0x43280000,0x43abe500,0x43ac0000)
  to   space 9728K, 0% used [0x42900000,0x42900000,0x43280000)
 ParOldGen       total 39168K, used 33280K [0x11400000, 0x13a40000, 0x3bec0000)
  object space 39168K, 84% used [0x11400000,0x13480140,0x13a40000)
 Metaspace       used 39407K, capacity 40555K, committed 40576K, reserved 41344K
Event: 63.133 GC heap after
Heap after GC invocations=19 (full 3):
 PSYoungGen      total 117248K, used 0K [0x3bec0000, 0x44240000, 0x51400000)
  eden space 108800K, 0% used [0x3bec0000,0x3bec0000,0x42900000)
  from space 8448K, 0% used [0x43280000,0x43280000,0x43ac0000)
  to   space 9728K, 0% used [0x42900000,0x42900000,0x43280000)
 ParOldGen       total 39168K, used 32832K [0x11400000, 0x13a40000, 0x3bec0000)
  object space 39168K, 83% used [0x11400000,0x13410108,0x13a40000)
 Metaspace       used 39407K, capacity 40555K, committed 40576K, reserved 41344K
}
Event: 68.697 GC heap before
{Heap before GC invocations=20 (full 4):
 PSYoungGen      total 117248K, used 108800K [0x3bec0000, 0x44240000, 0x51400000)
  eden space 108800K, 100% used [0x3bec0000,0x42900000,0x42900000)
  from space 8448K, 0% used [0x43280000,0x43280000,0x43ac0000)
  to   space 9728K, 0% used [0x42900000,0x42900000,0x43280000)
 ParOldGen       total 39168K, used 32832K [0x11400000, 0x13a40000, 0x3bec0000)
  object space 39168K, 83% used [0x11400000,0x13410108,0x13a40000)
 Metaspace       used 43905K, capacity 45048K, committed 45056K, reserved 45440K
Event: 68.999 GC heap after
Heap after GC invocations=20 (full 4):
 PSYoungGen      total 117248K, used 0K [0x3bec0000, 0x44240000, 0x51400000)
  eden space 108800K, 0% used [0x3bec0000,0x3bec0000,0x42900000)
  from space 8448K, 0% used [0x43280000,0x43280000,0x43ac0000)
  to   space 9728K, 0% used [0x42900000,0x42900000,0x43280000)
 ParOldGen       total 39168K, used 35975K [0x11400000, 0x13a40000, 0x3bec0000)
  object space 39168K, 91% used [0x11400000,0x13721fd0,0x13a40000)
 Metaspace       used 43905K, capacity 45048K, committed 45056K, reserved 45440K
}
Event: 81.915 GC heap before
{Heap before GC invocations=21 (full 5):
 PSYoungGen      total 117248K, used 108800K [0x3bec0000, 0x44240000, 0x51400000)
  eden space 108800K, 100% used [0x3bec0000,0x42900000,0x42900000)
  from space 8448K, 0% used [0x43280000,0x43280000,0x43ac0000)
  to   space 9728K, 0% used [0x42900000,0x42900000,0x43280000)
 ParOldGen       total 39168K, used 35975K [0x11400000, 0x13a40000, 0x3bec0000)
  object space 39168K, 91% used [0x11400000,0x13721fd0,0x13a40000)
 Metaspace       used 47065K, capacity 48403K, committed 48512K, reserved 48512K
Event: 82.841 GC heap after
Heap after GC invocations=21 (full 5):
 PSYoungGen      total 117248K, used 76K [0x3bec0000, 0x44240000, 0x51400000)
  eden space 108800K, 0% used [0x3bec0000,0x3bed33e0,0x42900000)
  from space 8448K, 0% used [0x43280000,0x43280000,0x43ac0000)
  to   space 9728K, 0% used [0x42900000,0x42900000,0x43280000)
 ParOldGen       total 39168K, used 39149K [0x11400000, 0x13a40000, 0x3bec0000)
  object space 39168K, 99% used [0x11400000,0x13a3b770,0x13a40000)
 Metaspace       used 47018K, capacity 48303K, committed 48512K, reserved 48512K
}

Deoptimization events (10 events):
Event: 81.818 Thread 0x54e00800 Uncommon trap: reason=class_check action=maybe_recompile pc=0x02f398bc method=java.io.ObjectOutputStream.writeNonProxyDesc(Ljava/io/ObjectStreamClass;Z)V @ 44
Event: 81.818 Thread 0x54e00800 Uncommon trap: reason=class_check action=maybe_recompile pc=0x02f4f4cc method=java.io.ObjectOutputStream$BlockDataOutputStream.write([BIIZ)V @ 23
Event: 81.818 Thread 0x54e00800 Uncommon trap: reason=class_check action=maybe_recompile pc=0x02f4f4cc method=java.io.ObjectOutputStream$BlockDataOutputStream.write([BIIZ)V @ 23
Event: 81.822 Thread 0x54e00800 Uncommon trap: reason=unstable_if action=reinterpret pc=0x02691458 method=java.lang.reflect.Proxy.isProxyClass(Ljava/lang/Class;)Z @ 6
Event: 81.822 Thread 0x54e00800 Uncommon trap: reason=class_check action=maybe_recompile pc=0x02f4f788 method=java.io.ObjectOutputStream$BlockDataOutputStream.drain()V @ 36
Event: 81.830 Thread 0x54e00800 Uncommon trap: reason=unstable_if action=reinterpret pc=0x02e45da0 method=java.io.ObjectOutputStream$HandleTable.assign(Ljava/lang/Object;)I @ 24
Event: 82.847 Thread 0x541a7800 Uncommon trap: reason=unstable_if action=reinterpret pc=0x029bda88 method=java.util.HashMap$HashIterator.<init>(Ljava/util/HashMap;)V @ 45
Event: 82.847 Thread 0x541a7800 Uncommon trap: reason=unstable_if action=reinterpret pc=0x02d4a2c8 method=java.util.HashMap$HashIterator.<init>(Ljava/util/HashMap;)V @ 45
Event: 83.059 Thread 0x54ced400 Uncommon trap: reason=unstable_if action=reinterpret pc=0x02e909f8 method=com.esotericsoftware.kryo.io.Output.writeBytes([BII)V @ 61
Event: 83.060 Thread 0x54ced400 Uncommon trap: reason=unstable_if action=reinterpret pc=0x02e498d0 method=com.esotericsoftware.kryo.io.Output.writeBytes([BII)V @ 61

Classes redefined (0 events):
No events

Internal exceptions (10 events):
Event: 81.257 Thread 0x54e00800 Exception <a 'java/lang/NoSuchMethodError': java.lang.Object.lambda$negate$1(Ljava/lang/Object;)Z> (0x420de8d8) thrown at [D:\src\AOSP-openjdk-cygwin\jdk8u\hotspot\src\share\vm\interpreter\linkResolver.cpp, line 620]
Event: 81.758 Thread 0x54e00800 Exception <a 'java/lang/IncompatibleClassChangeError': Found class java.lang.Object, but interface was expected> (0x42659450) thrown at [D:\src\AOSP-openjdk-cygwin\jdk8u\hotspot\src\share\vm\interpreter\linkResolver.cpp, line 653]
Event: 81.813 Thread 0x54e00800 Implicit null exception at 0x0283eb5d to 0x0283ec66
Event: 83.039 Thread 0x54ced400 Exception <a 'java/lang/NoSuchMethodError': <clinit>> (0x3bedc6a0) thrown at [D:\src\AOSP-openjdk-cygwin\jdk8u\hotspot\src\share\vm\prims\jni.cpp, line 1614]
Event: 83.054 Thread 0x54ced400 Exception <a 'java/lang/NoSuchMethodError': <clinit>> (0x3c33bda0) thrown at [D:\src\AOSP-openjdk-cygwin\jdk8u\hotspot\src\share\vm\prims\jni.cpp, line 1614]
Event: 83.057 Thread 0x54ced400 Exception <a 'java/lang/NoSuchMethodError': <clinit>> (0x3c348598) thrown at [D:\src\AOSP-openjdk-cygwin\jdk8u\hotspot\src\share\vm\prims\jni.cpp, line 1614]
Event: 83.063 Thread 0x54ced400 Exception <a 'java/lang/NoSuchMethodError': <clinit>> (0x3c3516c8) thrown at [D:\src\AOSP-openjdk-cygwin\jdk8u\hotspot\src\share\vm\prims\jni.cpp, line 1614]
Event: 83.078 Thread 0x54ced400 Exception <a 'java/lang/NoSuchMethodError': <clinit>> (0x3c50b6a8) thrown at [D:\src\AOSP-openjdk-cygwin\jdk8u\hotspot\src\share\vm\prims\jni.cpp, line 1614]
Event: 83.085 Thread 0x54ced400 Exception <a 'java/lang/NoSuchMethodError': <clinit>> (0x3c519b98) thrown at [D:\src\AOSP-openjdk-cygwin\jdk8u\hotspot\src\share\vm\prims\jni.cpp, line 1614]
Event: 83.089 Thread 0x54ced400 Exception <a 'java/lang/NoSuchMethodError': <clinit>> (0x3c51fc00) thrown at [D:\src\AOSP-openjdk-cygwin\jdk8u\hotspot\src\share\vm\prims\jni.cpp, line 1614]

Events (10 events):
Event: 84.175 loading class java/util/TreeMap$NavigableSubMap done
Event: 84.177 loading class java/util/TreeMap$DescendingSubMap done
Event: 84.181 loading class java/util/Collections$ReverseComparator
Event: 84.191 loading class java/util/Collections$ReverseComparator done
Event: 84.205 loading class com/google/common/collect/FluentIterable$3$1
Event: 84.209 loading class com/google/common/collect/FluentIterable$3$1 done
Event: 84.210 loading class com/google/common/collect/Iterators$ConcatenatedIterator
Event: 84.210 loading class com/google/common/collect/Iterators$ConcatenatedIterator done
Event: 84.339 loading class java/util/TreeMap$NavigableSubMap$DescendingSubMapKeyIterator
Event: 84.343 loading class java/util/TreeMap$NavigableSubMap$SubMapIterator


Dynamic libraries:
0x00f60000 - 0x00f8d000 	D:\android-studio-ide-191.5977832-windows32\android-studio\jre\bin\java.exe
0x77280000 - 0x77419000 	C:\WINDOWS\SYSTEM32\ntdll.dll
0x76620000 - 0x766b8000 	C:\WINDOWS\System32\KERNEL32.DLL
0x74c40000 - 0x74e3a000 	C:\WINDOWS\System32\KERNELBASE.dll
0x72f90000 - 0x7302f000 	C:\WINDOWS\SYSTEM32\apphelp.dll
0x760c0000 - 0x76139000 	C:\WINDOWS\System32\ADVAPI32.dll
0x76d80000 - 0x76e3f000 	C:\WINDOWS\System32\msvcrt.dll
0x771a0000 - 0x77216000 	C:\WINDOWS\System32\sechost.dll
0x766c0000 - 0x76781000 	C:\WINDOWS\System32\RPCRT4.dll
0x761a0000 - 0x76318000 	C:\WINDOWS\System32\USER32.dll
0x757c0000 - 0x757dc000 	C:\WINDOWS\System32\win32u.dll
0x76d50000 - 0x76d71000 	C:\WINDOWS\System32\GDI32.dll
0x74e40000 - 0x74f9d000 	C:\WINDOWS\System32\gdi32full.dll
0x750c0000 - 0x7513c000 	C:\WINDOWS\System32\msvcp_win.dll
0x74fa0000 - 0x750bf000 	C:\WINDOWS\System32\ucrtbase.dll
0x688b0000 - 0x68abf000 	C:\WINDOWS\WinSxS\x86_microsoft.windows.common-controls_6595b64144ccf1df_6.0.18362.592_none_2e6de868278ee708\COMCTL32.dll
0x763a0000 - 0x76616000 	C:\WINDOWS\System32\combase.dll
0x74bc0000 - 0x74c1f000 	C:\WINDOWS\System32\bcryptPrimitives.dll
0x759c0000 - 0x759e6000 	C:\WINDOWS\System32\IMM32.DLL
0x6a7a0000 - 0x6a85f000 	D:\android-studio-ide-191.5977832-windows32\android-studio\jre\jre\bin\msvcr100.dll
0x7c2a0000 - 0x7c889000 	D:\android-studio-ide-191.5977832-windows32\android-studio\jre\jre\bin\server\jvm.dll
0x76e40000 - 0x76e46000 	C:\WINDOWS\System32\PSAPI.DLL
0x61c80000 - 0x61c88000 	C:\WINDOWS\SYSTEM32\WSOCK32.dll
0x72970000 - 0x72994000 	C:\WINDOWS\SYSTEM32\WINMM.dll
0x76340000 - 0x7639e000 	C:\WINDOWS\System32\WS2_32.dll
0x69e80000 - 0x69e88000 	C:\WINDOWS\SYSTEM32\VERSION.dll
0x727b0000 - 0x727d3000 	C:\WINDOWS\SYSTEM32\WINMMBASE.dll
0x757e0000 - 0x7581b000 	C:\WINDOWS\System32\cfgmgr32.dll
0x719e0000 - 0x719ec000 	D:\android-studio-ide-191.5977832-windows32\android-studio\jre\jre\bin\verify.dll
0x6a920000 - 0x6a941000 	D:\android-studio-ide-191.5977832-windows32\android-studio\jre\jre\bin\java.dll
0x6d660000 - 0x6d674000 	D:\android-studio-ide-191.5977832-windows32\android-studio\jre\jre\bin\zip.dll
0x75b30000 - 0x760aa000 	C:\WINDOWS\System32\SHELL32.dll
0x76f50000 - 0x76fd4000 	C:\WINDOWS\System32\shcore.dll
0x751f0000 - 0x757b5000 	C:\WINDOWS\System32\windows.storage.dll
0x74af0000 - 0x74b07000 	C:\WINDOWS\System32\profapi.dll
0x74b10000 - 0x74b53000 	C:\WINDOWS\System32\powrprof.dll
0x74ad0000 - 0x74add000 	C:\WINDOWS\System32\UMPDC.dll
0x75a50000 - 0x75a94000 	C:\WINDOWS\System32\shlwapi.dll
0x74ae0000 - 0x74aef000 	C:\WINDOWS\System32\kernel.appcore.dll
0x75140000 - 0x75153000 	C:\WINDOWS\System32\cryptsp.dll
0x6d450000 - 0x6d465000 	D:\android-studio-ide-191.5977832-windows32\android-studio\jre\jre\bin\net.dll
0x74430000 - 0x74487000 	C:\WINDOWS\system32\mswsock.dll
0x708b0000 - 0x708bf000 	D:\android-studio-ide-191.5977832-windows32\android-studio\jre\jre\bin\nio.dll
0x71a30000 - 0x71a50000 	C:\Users\melih\.gradle\native\29\windows-i386\native-platform.dll
0x6d9a0000 - 0x6d9aa000 	D:\android-studio-ide-191.5977832-windows32\android-studio\jre\jre\bin\management.dll
0x74060000 - 0x7408f000 	C:\WINDOWS\system32\rsaenh.dll
0x74c20000 - 0x74c3b000 	C:\WINDOWS\System32\bcrypt.dll
0x74a20000 - 0x74a3e000 	C:\WINDOWS\SYSTEM32\USERENV.dll
0x745b0000 - 0x745ba000 	C:\WINDOWS\SYSTEM32\CRYPTBASE.dll
0x741c0000 - 0x741f2000 	C:\WINDOWS\SYSTEM32\IPHLPAPI.DLL
0x75aa0000 - 0x75aa7000 	C:\WINDOWS\System32\NSI.dll
0x6d600000 - 0x6d613000 	C:\WINDOWS\SYSTEM32\dhcpcsvc6.DLL
0x6d7e0000 - 0x6d7f5000 	C:\WINDOWS\SYSTEM32\dhcpcsvc.DLL
0x74200000 - 0x74291000 	C:\WINDOWS\SYSTEM32\DNSAPI.dll
0x6da10000 - 0x6da30000 	D:\android-studio-ide-191.5977832-windows32\android-studio\jre\jre\bin\sunec.dll
0x6c040000 - 0x6c048000 	C:\Windows\System32\rasadhlp.dll
0x6ca40000 - 0x6ca91000 	C:\WINDOWS\System32\fwpuclnt.dll
0x70870000 - 0x70879000 	D:\android-studio-ide-191.5977832-windows32\android-studio\jre\jre\bin\sunmscapi.dll
0x75820000 - 0x7591b000 	C:\WINDOWS\System32\CRYPT32.dll
0x74b60000 - 0x74b6e000 	C:\WINDOWS\System32\MSASN1.dll

VM Arguments:
jvm_args: -Xmx1024m -Dfile.encoding=windows-1254 -Duser.country=TR -Duser.language=tr -Duser.variant 
java_command: org.gradle.launcher.daemon.bootstrap.GradleDaemon 5.4.1
java_class_path (initial): C:\Users\melih\.gradle\wrapper\dists\gradle-5.4.1-all\3221gyojl5jsh0helicew7rwx\gradle-5.4.1\lib\gradle-launcher-5.4.1.jar
Launcher Type: SUN_STANDARD

Environment Variables:
PATH=C:\Program Files\Common Files\Oracle\Java\javapath;C:\WINDOWS\system32;C:\WINDOWS;C:\WINDOWS\System32\Wbem;C:\WINDOWS\System32\WindowsPowerShell\v1.0\;C:\WINDOWS\System32\OpenSSH\;C:\Program Files\Calibre2\;C:\Users\melih\AppData\Local\Microsoft\WindowsApps;
USERNAME=melih
OS=Windows_NT
PROCESSOR_IDENTIFIER=x86 Family 6 Model 55 Stepping 8, GenuineIntel



---------------  S Y S T E M  ---------------

OS: Windows 10.0 Build 18362 (10.0.18362.329)

CPU:total 4 (initial active 4) (4 cores per cpu, 1 threads per core) family 6 model 55 stepping 8, cmov, cx8, fxsr, mmx, sse, sse2, sse3, ssse3, sse4.1, sse4.2, popcnt, aes, clmul, erms, 3dnowpref, tsc, tscinvbit

Memory: 4k page, physical 2034352k(30764k free), swap 3205760k(1344k free)

vm_info: OpenJDK Server VM (25.202-b03) for windows-x86 JRE (1.8.0_202-release-1483-b03), built by "builder" with MS VC++ 10.0 (VS2010)

time: Thu Jan 30 14:33:16 2020
timezone: Türkiye Standart Saati
elapsed time: 84 seconds (0d 0h 1m 24s)

